This file contains any messages produced by compilers while
running configure, to aid debugging if configure makes a mistake.

It was created by libressl configure 2.3.3, which was
generated by GNU Autoconf 2.69.  Invocation command line was

  $ ./configure 

## --------- ##
## Platform. ##
## --------- ##

hostname = stali
uname -m = x86_64
uname -r = 3.16.0-4-amd64
uname -s = Linux
uname -v = #1 SMP Debian 3.16.7-ckt11-1 (2015-05-24)

/usr/bin/uname -p = unknown
/bin/uname -X     = unknown

/bin/arch              = unknown
/usr/bin/arch -k       = unknown
/usr/convex/getsysinfo = unknown
/usr/bin/hostinfo      = unknown
/bin/machine           = unknown
/usr/bin/oslevel       = unknown
/bin/universe          = unknown

PATH: /usr/local/bin
PATH: /usr/bin
PATH: /bin
PATH: /usr/local/games
PATH: /usr/games


## ----------- ##
## Core tests. ##
## ----------- ##

configure:2534: checking build system type
configure:2548: result: x86_64-pc-linux-gnu
configure:2568: checking host system type
configure:2581: result: x86_64-pc-linux-gnu
configure:2617: checking for a BSD-compatible install
configure:2685: result: /usr/bin/install -c
configure:2696: checking whether build environment is sane
configure:2751: result: yes
configure:2902: checking for a thread-safe mkdir -p
configure:2941: result: /bin/mkdir -p
configure:2948: checking for gawk
configure:2978: result: no
configure:2948: checking for mawk
configure:2964: found /usr/bin/mawk
configure:2975: result: mawk
configure:2986: checking whether make sets $(MAKE)
configure:3008: result: yes
configure:3037: checking whether make supports nested variables
configure:3054: result: yes
configure:3193: checking whether make supports nested variables
configure:3210: result: yes
configure:3273: checking for gcc
configure:3289: found /usr/bin/gcc
configure:3300: result: gcc
configure:3529: checking for C compiler version
configure:3538: gcc --version >&5
gcc (Debian 4.9.2-10) 4.9.2
Copyright (C) 2014 Free Software Foundation, Inc.
This is free software; see the source for copying conditions.  There is NO
warranty; not even for MERCHANTABILITY or FITNESS FOR A PARTICULAR PURPOSE.

configure:3549: $? = 0
configure:3538: gcc -v >&5
Using built-in specs.
COLLECT_GCC=gcc
COLLECT_LTO_WRAPPER=/usr/lib/gcc/x86_64-linux-gnu/4.9/lto-wrapper
Target: x86_64-linux-gnu
Configured with: ../src/configure -v --with-pkgversion='Debian 4.9.2-10' --with-bugurl=file:///usr/share/doc/gcc-4.9/README.Bugs --enable-languages=c,c++,java,go,d,fortran,objc,obj-c++ --prefix=/usr --program-suffix=-4.9 --enable-shared --enable-linker-build-id --libexecdir=/usr/lib --without-included-gettext --enable-threads=posix --with-gxx-include-dir=/usr/include/c++/4.9 --libdir=/usr/lib --enable-nls --with-sysroot=/ --enable-clocale=gnu --enable-libstdcxx-debug --enable-libstdcxx-time=yes --enable-gnu-unique-object --disable-vtable-verify --enable-plugin --with-system-zlib --disable-browser-plugin --enable-java-awt=gtk --enable-gtk-cairo --with-java-home=/usr/lib/jvm/java-1.5.0-gcj-4.9-amd64/jre --enable-java-home --with-jvm-root-dir=/usr/lib/jvm/java-1.5.0-gcj-4.9-amd64 --with-jvm-jar-dir=/usr/lib/jvm-exports/java-1.5.0-gcj-4.9-amd64 --with-arch-directory=amd64 --with-ecj-jar=/usr/share/java/eclipse-ecj.jar --enable-objc-gc --enable-multiarch --with-arch-32=i586 --with-abi=m64 --with-multilib-list=m32,m64,mx32 --enable-multilib --with-tune=generic --enable-checking=release --build=x86_64-linux-gnu --host=x86_64-linux-gnu --target=x86_64-linux-gnu
Thread model: posix
gcc version 4.9.2 (Debian 4.9.2-10) 
configure:3549: $? = 0
configure:3538: gcc -V >&5
gcc: error: unrecognized command line option '-V'
gcc: fatal error: no input files
compilation terminated.
configure:3549: $? = 4
configure:3538: gcc -qversion >&5
gcc: error: unrecognized command line option '-qversion'
gcc: fatal error: no input files
compilation terminated.
configure:3549: $? = 4
configure:3569: checking whether the C compiler works
configure:3591: gcc    conftest.c  >&5
configure:3595: $? = 0
configure:3643: result: yes
configure:3646: checking for C compiler default output file name
configure:3648: result: a.out
configure:3654: checking for suffix of executables
configure:3661: gcc -o conftest    conftest.c  >&5
configure:3665: $? = 0
configure:3687: result: 
configure:3709: checking whether we are cross compiling
configure:3717: gcc -o conftest    conftest.c  >&5
configure:3721: $? = 0
configure:3728: ./conftest
configure:3732: $? = 0
configure:3747: result: no
configure:3752: checking for suffix of object files
configure:3774: gcc -c   conftest.c >&5
configure:3778: $? = 0
configure:3799: result: o
configure:3803: checking whether we are using the GNU C compiler
configure:3822: gcc -c   conftest.c >&5
configure:3822: $? = 0
configure:3831: result: yes
configure:3840: checking whether gcc accepts -g
configure:3860: gcc -c -g  conftest.c >&5
configure:3860: $? = 0
configure:3901: result: yes
configure:3918: checking for gcc option to accept ISO C89
configure:3981: gcc  -c -g -O2  conftest.c >&5
configure:3981: $? = 0
configure:3994: result: none needed
configure:4019: checking whether gcc understands -c and -o together
configure:4041: gcc -c conftest.c -o conftest2.o
configure:4044: $? = 0
configure:4041: gcc -c conftest.c -o conftest2.o
configure:4044: $? = 0
configure:4056: result: yes
configure:4084: checking for style of include used by make
configure:4112: result: GNU
configure:4138: checking dependency style of gcc
configure:4249: result: gcc3
configure:4268: checking for gcc option to accept ISO C99
configure:4417: gcc  -c -g -O2  conftest.c >&5
conftest.c:61:29: error: expected ';', ',' or ')' before 'text'
 test_restrict (ccp restrict text)
                             ^
conftest.c: In function 'main':
conftest.c:115:18: error: expected '=', ',', ';', 'asm' or '__attribute__' before 'newvar'
   char *restrict newvar = "Another string";
                  ^
conftest.c:115:18: error: 'newvar' undeclared (first use in this function)
conftest.c:115:18: note: each undeclared identifier is reported only once for each function it appears in
conftest.c:125:3: error: 'for' loop initial declarations are only allowed in C99 or C11 mode
   for (int i = 0; i < ia->datasize; ++i)
   ^
conftest.c:125:3: note: use option -std=c99, -std=gnu99, -std=c11 or -std=gnu11 to compile your code
configure:4417: $? = 1
configure: failed program was:
| /* confdefs.h */
| #define PACKAGE_NAME "libressl"
| #define PACKAGE_TARNAME "libressl"
| #define PACKAGE_VERSION "2.3.3"
| #define PACKAGE_STRING "libressl 2.3.3"
| #define PACKAGE_BUGREPORT ""
| #define PACKAGE_URL ""
| #define PACKAGE "libressl"
| #define VERSION "2.3.3"
| /* end confdefs.h.  */
| #include <stdarg.h>
| #include <stdbool.h>
| #include <stdlib.h>
| #include <wchar.h>
| #include <stdio.h>
| 
| // Check varargs macros.  These examples are taken from C99 6.10.3.5.
| #define debug(...) fprintf (stderr, __VA_ARGS__)
| #define showlist(...) puts (#__VA_ARGS__)
| #define report(test,...) ((test) ? puts (#test) : printf (__VA_ARGS__))
| static void
| test_varargs_macros (void)
| {
|   int x = 1234;
|   int y = 5678;
|   debug ("Flag");
|   debug ("X = %d\n", x);
|   showlist (The first, second, and third items.);
|   report (x>y, "x is %d but y is %d", x, y);
| }
| 
| // Check long long types.
| #define BIG64 18446744073709551615ull
| #define BIG32 4294967295ul
| #define BIG_OK (BIG64 / BIG32 == 4294967297ull && BIG64 % BIG32 == 0)
| #if !BIG_OK
|   your preprocessor is broken;
| #endif
| #if BIG_OK
| #else
|   your preprocessor is broken;
| #endif
| static long long int bignum = -9223372036854775807LL;
| static unsigned long long int ubignum = BIG64;
| 
| struct incomplete_array
| {
|   int datasize;
|   double data[];
| };
| 
| struct named_init {
|   int number;
|   const wchar_t *name;
|   double average;
| };
| 
| typedef const char *ccp;
| 
| static inline int
| test_restrict (ccp restrict text)
| {
|   // See if C++-style comments work.
|   // Iterate through items via the restricted pointer.
|   // Also check for declarations in for loops.
|   for (unsigned int i = 0; *(text+i) != '\0'; ++i)
|     continue;
|   return 0;
| }
| 
| // Check varargs and va_copy.
| static void
| test_varargs (const char *format, ...)
| {
|   va_list args;
|   va_start (args, format);
|   va_list args_copy;
|   va_copy (args_copy, args);
| 
|   const char *str;
|   int number;
|   float fnumber;
| 
|   while (*format)
|     {
|       switch (*format++)
| 	{
| 	case 's': // string
| 	  str = va_arg (args_copy, const char *);
| 	  break;
| 	case 'd': // int
| 	  number = va_arg (args_copy, int);
| 	  break;
| 	case 'f': // float
| 	  fnumber = va_arg (args_copy, double);
| 	  break;
| 	default:
| 	  break;
| 	}
|     }
|   va_end (args_copy);
|   va_end (args);
| }
| 
| int
| main ()
| {
| 
|   // Check bool.
|   _Bool success = false;
| 
|   // Check restrict.
|   if (test_restrict ("String literal") == 0)
|     success = true;
|   char *restrict newvar = "Another string";
| 
|   // Check varargs.
|   test_varargs ("s, d' f .", "string", 65, 34.234);
|   test_varargs_macros ();
| 
|   // Check flexible array members.
|   struct incomplete_array *ia =
|     malloc (sizeof (struct incomplete_array) + (sizeof (double) * 10));
|   ia->datasize = 10;
|   for (int i = 0; i < ia->datasize; ++i)
|     ia->data[i] = i * 1.234;
| 
|   // Check named initializers.
|   struct named_init ni = {
|     .number = 34,
|     .name = L"Test wide string",
|     .average = 543.34343,
|   };
| 
|   ni.number = 58;
| 
|   int dynamic_array[ni.number];
|   dynamic_array[ni.number - 1] = 543;
| 
|   // work around unused variable warnings
|   return (!success || bignum == 0LL || ubignum == 0uLL || newvar[0] == 'x'
| 	  || dynamic_array[ni.number - 1] != 543);
| 
|   ;
|   return 0;
| }
configure:4417: gcc -std=gnu99 -c -g -O2  conftest.c >&5
configure:4417: $? = 0
configure:4437: result: -std=gnu99
configure:4538: checking for gcc -std=gnu99 option to accept ISO Standard C
configure:4552: result: -std=gnu99
configure:4603: checking how to print strings
configure:4630: result: printf
configure:4651: checking for a sed that does not truncate output
configure:4715: result: /bin/sed
configure:4733: checking for grep that handles long lines and -e
configure:4791: result: /bin/grep
configure:4796: checking for egrep
configure:4858: result: /bin/grep -E
configure:4863: checking for fgrep
configure:4925: result: /bin/grep -F
configure:4960: checking for ld used by gcc -std=gnu99
configure:5027: result: /usr/bin/ld
configure:5034: checking if the linker (/usr/bin/ld) is GNU ld
configure:5049: result: yes
configure:5061: checking for BSD- or MS-compatible name lister (nm)
configure:5110: result: /usr/bin/nm -B
configure:5240: checking the name lister (/usr/bin/nm -B) interface
configure:5247: gcc -std=gnu99 -c -g -O2  conftest.c >&5
configure:5250: /usr/bin/nm -B "conftest.o"
configure:5253: output
0000000000000000 B some_variable
configure:5260: result: BSD nm
configure:5263: checking whether ln -s works
configure:5267: result: yes
configure:5275: checking the maximum length of command line arguments
configure:5405: result: 1572864
configure:5422: checking whether the shell understands some XSI constructs
configure:5432: result: yes
configure:5436: checking whether the shell understands "+="
configure:5442: result: yes
configure:5477: checking how to convert x86_64-pc-linux-gnu file names to x86_64-pc-linux-gnu format
configure:5517: result: func_convert_file_noop
configure:5524: checking how to convert x86_64-pc-linux-gnu file names to toolchain format
configure:5544: result: func_convert_file_noop
configure:5551: checking for /usr/bin/ld option to reload object files
configure:5558: result: -r
configure:5632: checking for objdump
configure:5648: found /usr/bin/objdump
configure:5659: result: objdump
configure:5691: checking how to recognize dependent libraries
configure:5893: result: pass_all
configure:5978: checking for dlltool
configure:6008: result: no
configure:6038: checking how to associate runtime and link libraries
configure:6065: result: printf %s\n
configure:6126: checking for ar
configure:6142: found /usr/bin/ar
configure:6153: result: ar
configure:6190: checking for archiver @FILE support
configure:6207: gcc -std=gnu99 -c -g -O2  conftest.c >&5
configure:6207: $? = 0
configure:6210: ar cru libconftest.a @conftest.lst >&5
configure:6213: $? = 0
configure:6218: ar cru libconftest.a @conftest.lst >&5
ar: conftest.o: No such file or directory
configure:6221: $? = 1
configure:6233: result: @
configure:6291: checking for strip
configure:6307: found /usr/bin/strip
configure:6318: result: strip
configure:6390: checking for ranlib
configure:6406: found /usr/bin/ranlib
configure:6417: result: ranlib
configure:6519: checking command to parse /usr/bin/nm -B output from gcc -std=gnu99 object
configure:6639: gcc -std=gnu99 -c -g -O2  conftest.c >&5
configure:6642: $? = 0
configure:6646: /usr/bin/nm -B conftest.o \| sed -n -e 's/^.*[ ]\([ABCDGIRSTW][ABCDGIRSTW]*\)[ ][ ]*\([_A-Za-z][_A-Za-z0-9]*\)$/\1 \2 \2/p' | sed '/ __gnu_lto/d' \> conftest.nm
configure:6649: $? = 0
configure:6715: gcc -std=gnu99 -o conftest -g -O2   conftest.c conftstm.o >&5
configure:6718: $? = 0
configure:6756: result: ok
configure:6793: checking for sysroot
configure:6823: result: no
configure:6900: gcc -std=gnu99 -c -g -O2  conftest.c >&5
configure:6903: $? = 0
configure:7079: checking for mt
configure:7095: found /bin/mt
configure:7106: result: mt
configure:7129: checking if mt is a manifest tool
configure:7135: mt '-?'
configure:7143: result: no
configure:7785: checking how to run the C preprocessor
configure:7816: gcc -std=gnu99 -E  conftest.c
configure:7816: $? = 0
configure:7830: gcc -std=gnu99 -E  conftest.c
conftest.c:11:28: fatal error: ac_nonexistent.h: No such file or directory
 #include <ac_nonexistent.h>
                            ^
compilation terminated.
configure:7830: $? = 1
configure: failed program was:
| /* confdefs.h */
| #define PACKAGE_NAME "libressl"
| #define PACKAGE_TARNAME "libressl"
| #define PACKAGE_VERSION "2.3.3"
| #define PACKAGE_STRING "libressl 2.3.3"
| #define PACKAGE_BUGREPORT ""
| #define PACKAGE_URL ""
| #define PACKAGE "libressl"
| #define VERSION "2.3.3"
| /* end confdefs.h.  */
| #include <ac_nonexistent.h>
configure:7855: result: gcc -std=gnu99 -E
configure:7875: gcc -std=gnu99 -E  conftest.c
configure:7875: $? = 0
configure:7889: gcc -std=gnu99 -E  conftest.c
conftest.c:11:28: fatal error: ac_nonexistent.h: No such file or directory
 #include <ac_nonexistent.h>
                            ^
compilation terminated.
configure:7889: $? = 1
configure: failed program was:
| /* confdefs.h */
| #define PACKAGE_NAME "libressl"
| #define PACKAGE_TARNAME "libressl"
| #define PACKAGE_VERSION "2.3.3"
| #define PACKAGE_STRING "libressl 2.3.3"
| #define PACKAGE_BUGREPORT ""
| #define PACKAGE_URL ""
| #define PACKAGE "libressl"
| #define VERSION "2.3.3"
| /* end confdefs.h.  */
| #include <ac_nonexistent.h>
configure:7918: checking for ANSI C header files
configure:7938: gcc -std=gnu99 -c -g -O2  conftest.c >&5
configure:7938: $? = 0
configure:8011: gcc -std=gnu99 -o conftest -g -O2   conftest.c  >&5
configure:8011: $? = 0
configure:8011: ./conftest
configure:8011: $? = 0
configure:8022: result: yes
configure:8035: checking for sys/types.h
configure:8035: gcc -std=gnu99 -c -g -O2  conftest.c >&5
configure:8035: $? = 0
configure:8035: result: yes
configure:8035: checking for sys/stat.h
configure:8035: gcc -std=gnu99 -c -g -O2  conftest.c >&5
configure:8035: $? = 0
configure:8035: result: yes
configure:8035: checking for stdlib.h
configure:8035: gcc -std=gnu99 -c -g -O2  conftest.c >&5
configure:8035: $? = 0
configure:8035: result: yes
configure:8035: checking for string.h
configure:8035: gcc -std=gnu99 -c -g -O2  conftest.c >&5
configure:8035: $? = 0
configure:8035: result: yes
configure:8035: checking for memory.h
configure:8035: gcc -std=gnu99 -c -g -O2  conftest.c >&5
configure:8035: $? = 0
configure:8035: result: yes
configure:8035: checking for strings.h
configure:8035: gcc -std=gnu99 -c -g -O2  conftest.c >&5
configure:8035: $? = 0
configure:8035: result: yes
configure:8035: checking for inttypes.h
configure:8035: gcc -std=gnu99 -c -g -O2  conftest.c >&5
configure:8035: $? = 0
configure:8035: result: yes
configure:8035: checking for stdint.h
configure:8035: gcc -std=gnu99 -c -g -O2  conftest.c >&5
configure:8035: $? = 0
configure:8035: result: yes
configure:8035: checking for unistd.h
configure:8035: gcc -std=gnu99 -c -g -O2  conftest.c >&5
configure:8035: $? = 0
configure:8035: result: yes
configure:8049: checking for dlfcn.h
configure:8049: gcc -std=gnu99 -c -g -O2  conftest.c >&5
configure:8049: $? = 0
configure:8049: result: yes
configure:8255: checking for objdir
configure:8270: result: .libs
configure:8541: checking if gcc -std=gnu99 supports -fno-rtti -fno-exceptions
configure:8559: gcc -std=gnu99 -c -g -O2  -fno-rtti -fno-exceptions conftest.c >&5
cc1: warning: command line option '-fno-rtti' is valid for C++/ObjC++ but not for C
configure:8563: $? = 0
configure:8576: result: no
configure:8903: checking for gcc -std=gnu99 option to produce PIC
configure:8910: result: -fPIC -DPIC
configure:8918: checking if gcc -std=gnu99 PIC flag -fPIC -DPIC works
configure:8936: gcc -std=gnu99 -c -g -O2  -fPIC -DPIC -DPIC conftest.c >&5
configure:8940: $? = 0
configure:8953: result: yes
configure:8982: checking if gcc -std=gnu99 static flag -static works
configure:9010: result: yes
configure:9025: checking if gcc -std=gnu99 supports -c -o file.o
configure:9046: gcc -std=gnu99 -c -g -O2  -o out/conftest2.o conftest.c >&5
configure:9050: $? = 0
configure:9072: result: yes
configure:9080: checking if gcc -std=gnu99 supports -c -o file.o
configure:9127: result: yes
configure:9160: checking whether the gcc -std=gnu99 linker (/usr/bin/ld -m elf_x86_64) supports shared libraries
configure:10313: result: yes
configure:10350: checking whether -lc should be explicitly linked in
configure:10358: gcc -std=gnu99 -c -g -O2  conftest.c >&5
configure:10361: $? = 0
configure:10376: gcc -std=gnu99 -shared  -fPIC -DPIC conftest.o  -v -Wl,-soname -Wl,conftest -o conftest 2\>\&1 \| /bin/grep  -lc  \>/dev/null 2\>\&1
configure:10379: $? = 0
configure:10393: result: no
configure:10553: checking dynamic linker characteristics
configure:11064: gcc -std=gnu99 -o conftest -g -O2   -Wl,-rpath -Wl,/foo conftest.c  >&5
configure:11064: $? = 0
configure:11286: result: GNU/Linux ld.so
configure:11393: checking how to hardcode library paths into programs
configure:11418: result: immediate
configure:11958: checking whether stripping libraries is possible
configure:11963: result: yes
configure:11998: checking if libtool supports shared libraries
configure:12000: result: yes
configure:12003: checking whether to build shared libraries
configure:12024: result: yes
configure:12027: checking whether to build static libraries
configure:12031: result: yes
configure:12311: checking if gcc -std=gnu99 supports "-fno-strict-overflow"
configure:12328: ./scripts/wrap-compiler-for-flag-check gcc -std=gnu99 -o conftest -fno-strict-overflow -Wall -Werror  -D_DEFAULT_SOURCE -D_BSD_SOURCE -D_POSIX_SOURCE -D_GNU_SOURCE  conftest.c  >&5

configure:12328: $? = 0
configure:12329: result: yes
configure:12346: checking if gcc -std=gnu99 supports "-D_FORTIFY_SOURCE=2"
configure:12363: ./scripts/wrap-compiler-for-flag-check gcc -std=gnu99 -o conftest -D_FORTIFY_SOURCE=2 -Wall -Werror  -D_DEFAULT_SOURCE -D_BSD_SOURCE -D_POSIX_SOURCE -D_GNU_SOURCE  conftest.c  >&5

configure:12363: $? = 0
configure:12364: result: yes
configure:12381: checking if /usr/bin/ld -m elf_x86_64 supports "-Wl,-z,relro"
configure:12398: ./scripts/wrap-compiler-for-flag-check gcc -std=gnu99 -o conftest -g -O2 -Wall -std=gnu99 -fno-strict-aliasing  -D_DEFAULT_SOURCE -D_BSD_SOURCE -D_POSIX_SOURCE -D_GNU_SOURCE -Wl,-z,relro -Wall -Werror conftest.c  >&5

configure:12398: $? = 0
configure:12399: result: yes
configure:12414: checking if /usr/bin/ld -m elf_x86_64 supports "-Wl,-z,now"
configure:12431: ./scripts/wrap-compiler-for-flag-check gcc -std=gnu99 -o conftest -g -O2 -Wall -std=gnu99 -fno-strict-aliasing  -D_DEFAULT_SOURCE -D_BSD_SOURCE -D_POSIX_SOURCE -D_GNU_SOURCE -Wl,-z,now -Wall -Werror conftest.c  >&5

configure:12431: $? = 0
configure:12432: result: yes
configure:12557: checking if gcc -std=gnu99 supports "-fstack-protector-strong"
configure:12574: ./scripts/wrap-compiler-for-flag-check gcc -std=gnu99 -o conftest -fstack-protector-strong -Wall -Werror  -D_DEFAULT_SOURCE -D_BSD_SOURCE -D_POSIX_SOURCE -D_GNU_SOURCE  conftest.c  >&5

configure:12574: $? = 0
configure:12575: result: yes
configure:12699: checking whether AS supports .note.GNU-stack
configure:12713: gcc -std=gnu99 -c   -D_DEFAULT_SOURCE -D_BSD_SOURCE -D_POSIX_SOURCE -D_GNU_SOURCE conftest.c >&5
configure:12713: $? = 0
configure:12714: result: yes
configure:12734: checking dependency style of gcc -std=gnu99
configure:12843: result: gcc3
configure:12862: checking if compiling with clang
configure:12879: gcc -std=gnu99 -c -g -O2 -Wall -std=gnu99 -fno-strict-aliasing  -fno-strict-overflow -D_FORTIFY_SOURCE=2 -fstack-protector-strong -DHAVE_GNU_STACK  -D_DEFAULT_SOURCE -D_BSD_SOURCE -D_POSIX_SOURCE -D_GNU_SOURCE conftest.c >&5
conftest.c: In function 'main':
conftest.c:29:2: error: unknown type name 'not'
  not clang
  ^
conftest.c:29:6: warning: unused variable 'clang' [-Wunused-variable]
  not clang
      ^
configure:12879: $? = 1
configure: failed program was:
| /* confdefs.h */
| #define PACKAGE_NAME "libressl"
| #define PACKAGE_TARNAME "libressl"
| #define PACKAGE_VERSION "2.3.3"
| #define PACKAGE_STRING "libressl 2.3.3"
| #define PACKAGE_BUGREPORT ""
| #define PACKAGE_URL ""
| #define PACKAGE "libressl"
| #define VERSION "2.3.3"
| #define STDC_HEADERS 1
| #define HAVE_SYS_TYPES_H 1
| #define HAVE_SYS_STAT_H 1
| #define HAVE_STDLIB_H 1
| #define HAVE_STRING_H 1
| #define HAVE_MEMORY_H 1
| #define HAVE_STRINGS_H 1
| #define HAVE_INTTYPES_H 1
| #define HAVE_STDINT_H 1
| #define HAVE_UNISTD_H 1
| #define HAVE_DLFCN_H 1
| #define LT_OBJDIR ".libs/"
| /* end confdefs.h.  */
| 
| int
| main ()
| {
| 
| #ifndef __clang__
| 	not clang
| #endif
| 
|   ;
|   return 0;
| }
configure:12886: result: no
configure:12898: checking whether CC supports -Wno-pointer-sign
configure:12911: gcc -std=gnu99 -c -Wno-pointer-sign  -D_DEFAULT_SOURCE -D_BSD_SOURCE -D_POSIX_SOURCE -D_GNU_SOURCE conftest.c >&5
configure:12911: $? = 0
configure:12912: result: yes
configure:12927: checking for symlink
configure:12927: gcc -std=gnu99 -o conftest -g -O2 -Wall -std=gnu99 -fno-strict-aliasing  -fno-strict-overflow -D_FORTIFY_SOURCE=2 -fstack-protector-strong -DHAVE_GNU_STACK  -Wno-pointer-sign  -D_DEFAULT_SOURCE -D_BSD_SOURCE -D_POSIX_SOURCE -D_GNU_SOURCE   -Wl,-z,relro -Wl,-z,now  conftest.c  >&5
configure:12927: $? = 0
configure:12927: result: yes
configure:12946: checking for funopen
configure:12946: gcc -std=gnu99 -o conftest -g -O2 -Wall -std=gnu99 -fno-strict-aliasing  -fno-strict-overflow -D_FORTIFY_SOURCE=2 -fstack-protector-strong -DHAVE_GNU_STACK  -Wno-pointer-sign  -D_DEFAULT_SOURCE -D_BSD_SOURCE -D_POSIX_SOURCE -D_GNU_SOURCE   -Wl,-z,relro -Wl,-z,now  conftest.c  >&5
/tmp/cckXwEo8.o: In function `main':
/home/anselm/src/lib/libressl/conftest.c:58: undefined reference to `funopen'
collect2: error: ld returned 1 exit status
configure:12946: $? = 1
configure: failed program was:
| /* confdefs.h */
| #define PACKAGE_NAME "libressl"
| #define PACKAGE_TARNAME "libressl"
| #define PACKAGE_VERSION "2.3.3"
| #define PACKAGE_STRING "libressl 2.3.3"
| #define PACKAGE_BUGREPORT ""
| #define PACKAGE_URL ""
| #define PACKAGE "libressl"
| #define VERSION "2.3.3"
| #define STDC_HEADERS 1
| #define HAVE_SYS_TYPES_H 1
| #define HAVE_SYS_STAT_H 1
| #define HAVE_STDLIB_H 1
| #define HAVE_STRING_H 1
| #define HAVE_MEMORY_H 1
| #define HAVE_STRINGS_H 1
| #define HAVE_INTTYPES_H 1
| #define HAVE_STDINT_H 1
| #define HAVE_UNISTD_H 1
| #define HAVE_DLFCN_H 1
| #define LT_OBJDIR ".libs/"
| #define HAVE_SYMLINK 1
| /* end confdefs.h.  */
| /* Define funopen to an innocuous variant, in case <limits.h> declares funopen.
|    For example, HP-UX 11i <limits.h> declares gettimeofday.  */
| #define funopen innocuous_funopen
| 
| /* System header to define __stub macros and hopefully few prototypes,
|     which can conflict with char funopen (); below.
|     Prefer <limits.h> to <assert.h> if __STDC__ is defined, since
|     <limits.h> exists even on freestanding compilers.  */
| 
| #ifdef __STDC__
| # include <limits.h>
| #else
| # include <assert.h>
| #endif
| 
| #undef funopen
| 
| /* Override any GCC internal prototype to avoid an error.
|    Use char because int might match the return type of a GCC
|    builtin and then its argument prototype would still apply.  */
| #ifdef __cplusplus
| extern "C"
| #endif
| char funopen ();
| /* The GNU C library defines this for functions which it implements
|     to always fail with ENOSYS.  Some functions are actually named
|     something starting with __ and the normal name is an alias.  */
| #if defined __stub_funopen || defined __stub___funopen
| choke me
| #endif
| 
| int
| main ()
| {
| return funopen ();
|   ;
|   return 0;
| }
configure:12946: result: no
configure:12957: checking err.h usability
configure:12957: gcc -std=gnu99 -c -g -O2 -Wall -std=gnu99 -fno-strict-aliasing  -fno-strict-overflow -D_FORTIFY_SOURCE=2 -fstack-protector-strong -DHAVE_GNU_STACK  -Wno-pointer-sign  -D_DEFAULT_SOURCE -D_BSD_SOURCE -D_POSIX_SOURCE -D_GNU_SOURCE conftest.c >&5
configure:12957: $? = 0
configure:12957: result: yes
configure:12957: checking err.h presence
configure:12957: gcc -std=gnu99 -E  -D_DEFAULT_SOURCE -D_BSD_SOURCE -D_POSIX_SOURCE -D_GNU_SOURCE conftest.c
configure:12957: $? = 0
configure:12957: result: yes
configure:12957: checking for err.h
configure:12957: result: yes
configure:12957: checking readpassphrase.h usability
configure:12957: gcc -std=gnu99 -c -g -O2 -Wall -std=gnu99 -fno-strict-aliasing  -fno-strict-overflow -D_FORTIFY_SOURCE=2 -fstack-protector-strong -DHAVE_GNU_STACK  -Wno-pointer-sign  -D_DEFAULT_SOURCE -D_BSD_SOURCE -D_POSIX_SOURCE -D_GNU_SOURCE conftest.c >&5
conftest.c:58:28: fatal error: readpassphrase.h: No such file or directory
 #include <readpassphrase.h>
                            ^
compilation terminated.
configure:12957: $? = 1
configure: failed program was:
| /* confdefs.h */
| #define PACKAGE_NAME "libressl"
| #define PACKAGE_TARNAME "libressl"
| #define PACKAGE_VERSION "2.3.3"
| #define PACKAGE_STRING "libressl 2.3.3"
| #define PACKAGE_BUGREPORT ""
| #define PACKAGE_URL ""
| #define PACKAGE "libressl"
| #define VERSION "2.3.3"
| #define STDC_HEADERS 1
| #define HAVE_SYS_TYPES_H 1
| #define HAVE_SYS_STAT_H 1
| #define HAVE_STDLIB_H 1
| #define HAVE_STRING_H 1
| #define HAVE_MEMORY_H 1
| #define HAVE_STRINGS_H 1
| #define HAVE_INTTYPES_H 1
| #define HAVE_STDINT_H 1
| #define HAVE_UNISTD_H 1
| #define HAVE_DLFCN_H 1
| #define LT_OBJDIR ".libs/"
| #define HAVE_SYMLINK 1
| #define HAVE_ERR_H 1
| /* end confdefs.h.  */
| #include <stdio.h>
| #ifdef HAVE_SYS_TYPES_H
| # include <sys/types.h>
| #endif
| #ifdef HAVE_SYS_STAT_H
| # include <sys/stat.h>
| #endif
| #ifdef STDC_HEADERS
| # include <stdlib.h>
| # include <stddef.h>
| #else
| # ifdef HAVE_STDLIB_H
| #  include <stdlib.h>
| # endif
| #endif
| #ifdef HAVE_STRING_H
| # if !defined STDC_HEADERS && defined HAVE_MEMORY_H
| #  include <memory.h>
| # endif
| # include <string.h>
| #endif
| #ifdef HAVE_STRINGS_H
| # include <strings.h>
| #endif
| #ifdef HAVE_INTTYPES_H
| # include <inttypes.h>
| #endif
| #ifdef HAVE_STDINT_H
| # include <stdint.h>
| #endif
| #ifdef HAVE_UNISTD_H
| # include <unistd.h>
| #endif
| #include <readpassphrase.h>
configure:12957: result: no
configure:12957: checking readpassphrase.h presence
configure:12957: gcc -std=gnu99 -E  -D_DEFAULT_SOURCE -D_BSD_SOURCE -D_POSIX_SOURCE -D_GNU_SOURCE conftest.c
conftest.c:25:28: fatal error: readpassphrase.h: No such file or directory
 #include <readpassphrase.h>
                            ^
compilation terminated.
configure:12957: $? = 1
configure: failed program was:
| /* confdefs.h */
| #define PACKAGE_NAME "libressl"
| #define PACKAGE_TARNAME "libressl"
| #define PACKAGE_VERSION "2.3.3"
| #define PACKAGE_STRING "libressl 2.3.3"
| #define PACKAGE_BUGREPORT ""
| #define PACKAGE_URL ""
| #define PACKAGE "libressl"
| #define VERSION "2.3.3"
| #define STDC_HEADERS 1
| #define HAVE_SYS_TYPES_H 1
| #define HAVE_SYS_STAT_H 1
| #define HAVE_STDLIB_H 1
| #define HAVE_STRING_H 1
| #define HAVE_MEMORY_H 1
| #define HAVE_STRINGS_H 1
| #define HAVE_INTTYPES_H 1
| #define HAVE_STDINT_H 1
| #define HAVE_UNISTD_H 1
| #define HAVE_DLFCN_H 1
| #define LT_OBJDIR ".libs/"
| #define HAVE_SYMLINK 1
| #define HAVE_ERR_H 1
| /* end confdefs.h.  */
| #include <readpassphrase.h>
configure:12957: result: no
configure:12957: checking for readpassphrase.h
configure:12957: result: no
configure:12971: checking for asprintf
configure:12971: gcc -std=gnu99 -o conftest -g -O2 -Wall -std=gnu99 -fno-strict-aliasing  -fno-strict-overflow -D_FORTIFY_SOURCE=2 -fstack-protector-strong -DHAVE_GNU_STACK  -Wno-pointer-sign  -D_DEFAULT_SOURCE -D_BSD_SOURCE -D_POSIX_SOURCE -D_GNU_SOURCE   -Wl,-z,relro -Wl,-z,now  conftest.c  >&5
configure:12971: $? = 0
configure:12971: result: yes
configure:12971: checking for inet_pton
configure:12971: gcc -std=gnu99 -o conftest -g -O2 -Wall -std=gnu99 -fno-strict-aliasing  -fno-strict-overflow -D_FORTIFY_SOURCE=2 -fstack-protector-strong -DHAVE_GNU_STACK  -Wno-pointer-sign  -D_DEFAULT_SOURCE -D_BSD_SOURCE -D_POSIX_SOURCE -D_GNU_SOURCE   -Wl,-z,relro -Wl,-z,now  conftest.c  >&5
configure:12971: $? = 0
configure:12971: result: yes
configure:12971: checking for memmem
configure:12971: gcc -std=gnu99 -o conftest -g -O2 -Wall -std=gnu99 -fno-strict-aliasing  -fno-strict-overflow -D_FORTIFY_SOURCE=2 -fstack-protector-strong -DHAVE_GNU_STACK  -Wno-pointer-sign  -D_DEFAULT_SOURCE -D_BSD_SOURCE -D_POSIX_SOURCE -D_GNU_SOURCE   -Wl,-z,relro -Wl,-z,now  conftest.c  >&5
configure:12971: $? = 0
configure:12971: result: yes
configure:12971: checking for readpassphrase
configure:12971: gcc -std=gnu99 -o conftest -g -O2 -Wall -std=gnu99 -fno-strict-aliasing  -fno-strict-overflow -D_FORTIFY_SOURCE=2 -fstack-protector-strong -DHAVE_GNU_STACK  -Wno-pointer-sign  -D_DEFAULT_SOURCE -D_BSD_SOURCE -D_POSIX_SOURCE -D_GNU_SOURCE   -Wl,-z,relro -Wl,-z,now  conftest.c  >&5
/tmp/cc5L8sNp.o: In function `main':
/home/anselm/src/lib/libressl/conftest.c:62: undefined reference to `readpassphrase'
collect2: error: ld returned 1 exit status
configure:12971: $? = 1
configure: failed program was:
| /* confdefs.h */
| #define PACKAGE_NAME "libressl"
| #define PACKAGE_TARNAME "libressl"
| #define PACKAGE_VERSION "2.3.3"
| #define PACKAGE_STRING "libressl 2.3.3"
| #define PACKAGE_BUGREPORT ""
| #define PACKAGE_URL ""
| #define PACKAGE "libressl"
| #define VERSION "2.3.3"
| #define STDC_HEADERS 1
| #define HAVE_SYS_TYPES_H 1
| #define HAVE_SYS_STAT_H 1
| #define HAVE_STDLIB_H 1
| #define HAVE_STRING_H 1
| #define HAVE_MEMORY_H 1
| #define HAVE_STRINGS_H 1
| #define HAVE_INTTYPES_H 1
| #define HAVE_STDINT_H 1
| #define HAVE_UNISTD_H 1
| #define HAVE_DLFCN_H 1
| #define LT_OBJDIR ".libs/"
| #define HAVE_SYMLINK 1
| #define HAVE_ERR_H 1
| #define HAVE_ASPRINTF 1
| #define HAVE_INET_PTON 1
| #define HAVE_MEMMEM 1
| /* end confdefs.h.  */
| /* Define readpassphrase to an innocuous variant, in case <limits.h> declares readpassphrase.
|    For example, HP-UX 11i <limits.h> declares gettimeofday.  */
| #define readpassphrase innocuous_readpassphrase
| 
| /* System header to define __stub macros and hopefully few prototypes,
|     which can conflict with char readpassphrase (); below.
|     Prefer <limits.h> to <assert.h> if __STDC__ is defined, since
|     <limits.h> exists even on freestanding compilers.  */
| 
| #ifdef __STDC__
| # include <limits.h>
| #else
| # include <assert.h>
| #endif
| 
| #undef readpassphrase
| 
| /* Override any GCC internal prototype to avoid an error.
|    Use char because int might match the return type of a GCC
|    builtin and then its argument prototype would still apply.  */
| #ifdef __cplusplus
| extern "C"
| #endif
| char readpassphrase ();
| /* The GNU C library defines this for functions which it implements
|     to always fail with ENOSYS.  Some functions are actually named
|     something starting with __ and the normal name is an alias.  */
| #if defined __stub_readpassphrase || defined __stub___readpassphrase
| choke me
| #endif
| 
| int
| main ()
| {
| return readpassphrase ();
|   ;
|   return 0;
| }
configure:12971: result: no
configure:12971: checking for reallocarray
configure:12971: gcc -std=gnu99 -o conftest -g -O2 -Wall -std=gnu99 -fno-strict-aliasing  -fno-strict-overflow -D_FORTIFY_SOURCE=2 -fstack-protector-strong -DHAVE_GNU_STACK  -Wno-pointer-sign  -D_DEFAULT_SOURCE -D_BSD_SOURCE -D_POSIX_SOURCE -D_GNU_SOURCE   -Wl,-z,relro -Wl,-z,now  conftest.c  >&5
/tmp/ccuThrSr.o: In function `main':
/home/anselm/src/lib/libressl/conftest.c:62: undefined reference to `reallocarray'
collect2: error: ld returned 1 exit status
configure:12971: $? = 1
configure: failed program was:
| /* confdefs.h */
| #define PACKAGE_NAME "libressl"
| #define PACKAGE_TARNAME "libressl"
| #define PACKAGE_VERSION "2.3.3"
| #define PACKAGE_STRING "libressl 2.3.3"
| #define PACKAGE_BUGREPORT ""
| #define PACKAGE_URL ""
| #define PACKAGE "libressl"
| #define VERSION "2.3.3"
| #define STDC_HEADERS 1
| #define HAVE_SYS_TYPES_H 1
| #define HAVE_SYS_STAT_H 1
| #define HAVE_STDLIB_H 1
| #define HAVE_STRING_H 1
| #define HAVE_MEMORY_H 1
| #define HAVE_STRINGS_H 1
| #define HAVE_INTTYPES_H 1
| #define HAVE_STDINT_H 1
| #define HAVE_UNISTD_H 1
| #define HAVE_DLFCN_H 1
| #define LT_OBJDIR ".libs/"
| #define HAVE_SYMLINK 1
| #define HAVE_ERR_H 1
| #define HAVE_ASPRINTF 1
| #define HAVE_INET_PTON 1
| #define HAVE_MEMMEM 1
| /* end confdefs.h.  */
| /* Define reallocarray to an innocuous variant, in case <limits.h> declares reallocarray.
|    For example, HP-UX 11i <limits.h> declares gettimeofday.  */
| #define reallocarray innocuous_reallocarray
| 
| /* System header to define __stub macros and hopefully few prototypes,
|     which can conflict with char reallocarray (); below.
|     Prefer <limits.h> to <assert.h> if __STDC__ is defined, since
|     <limits.h> exists even on freestanding compilers.  */
| 
| #ifdef __STDC__
| # include <limits.h>
| #else
| # include <assert.h>
| #endif
| 
| #undef reallocarray
| 
| /* Override any GCC internal prototype to avoid an error.
|    Use char because int might match the return type of a GCC
|    builtin and then its argument prototype would still apply.  */
| #ifdef __cplusplus
| extern "C"
| #endif
| char reallocarray ();
| /* The GNU C library defines this for functions which it implements
|     to always fail with ENOSYS.  Some functions are actually named
|     something starting with __ and the normal name is an alias.  */
| #if defined __stub_reallocarray || defined __stub___reallocarray
| choke me
| #endif
| 
| int
| main ()
| {
| return reallocarray ();
|   ;
|   return 0;
| }
configure:12971: result: no
configure:12983: checking for strlcat
configure:12983: gcc -std=gnu99 -o conftest -g -O2 -Wall -std=gnu99 -fno-strict-aliasing  -fno-strict-overflow -D_FORTIFY_SOURCE=2 -fstack-protector-strong -DHAVE_GNU_STACK  -Wno-pointer-sign  -D_DEFAULT_SOURCE -D_BSD_SOURCE -D_POSIX_SOURCE -D_GNU_SOURCE   -Wl,-z,relro -Wl,-z,now  conftest.c  >&5
/tmp/ccM98xzu.o: In function `main':
/home/anselm/src/lib/libressl/conftest.c:62: undefined reference to `strlcat'
collect2: error: ld returned 1 exit status
configure:12983: $? = 1
configure: failed program was:
| /* confdefs.h */
| #define PACKAGE_NAME "libressl"
| #define PACKAGE_TARNAME "libressl"
| #define PACKAGE_VERSION "2.3.3"
| #define PACKAGE_STRING "libressl 2.3.3"
| #define PACKAGE_BUGREPORT ""
| #define PACKAGE_URL ""
| #define PACKAGE "libressl"
| #define VERSION "2.3.3"
| #define STDC_HEADERS 1
| #define HAVE_SYS_TYPES_H 1
| #define HAVE_SYS_STAT_H 1
| #define HAVE_STDLIB_H 1
| #define HAVE_STRING_H 1
| #define HAVE_MEMORY_H 1
| #define HAVE_STRINGS_H 1
| #define HAVE_INTTYPES_H 1
| #define HAVE_STDINT_H 1
| #define HAVE_UNISTD_H 1
| #define HAVE_DLFCN_H 1
| #define LT_OBJDIR ".libs/"
| #define HAVE_SYMLINK 1
| #define HAVE_ERR_H 1
| #define HAVE_ASPRINTF 1
| #define HAVE_INET_PTON 1
| #define HAVE_MEMMEM 1
| /* end confdefs.h.  */
| /* Define strlcat to an innocuous variant, in case <limits.h> declares strlcat.
|    For example, HP-UX 11i <limits.h> declares gettimeofday.  */
| #define strlcat innocuous_strlcat
| 
| /* System header to define __stub macros and hopefully few prototypes,
|     which can conflict with char strlcat (); below.
|     Prefer <limits.h> to <assert.h> if __STDC__ is defined, since
|     <limits.h> exists even on freestanding compilers.  */
| 
| #ifdef __STDC__
| # include <limits.h>
| #else
| # include <assert.h>
| #endif
| 
| #undef strlcat
| 
| /* Override any GCC internal prototype to avoid an error.
|    Use char because int might match the return type of a GCC
|    builtin and then its argument prototype would still apply.  */
| #ifdef __cplusplus
| extern "C"
| #endif
| char strlcat ();
| /* The GNU C library defines this for functions which it implements
|     to always fail with ENOSYS.  Some functions are actually named
|     something starting with __ and the normal name is an alias.  */
| #if defined __stub_strlcat || defined __stub___strlcat
| choke me
| #endif
| 
| int
| main ()
| {
| return strlcat ();
|   ;
|   return 0;
| }
configure:12983: result: no
configure:12983: checking for strlcpy
configure:12983: gcc -std=gnu99 -o conftest -g -O2 -Wall -std=gnu99 -fno-strict-aliasing  -fno-strict-overflow -D_FORTIFY_SOURCE=2 -fstack-protector-strong -DHAVE_GNU_STACK  -Wno-pointer-sign  -D_DEFAULT_SOURCE -D_BSD_SOURCE -D_POSIX_SOURCE -D_GNU_SOURCE   -Wl,-z,relro -Wl,-z,now  conftest.c  >&5
/tmp/cccSGo5y.o: In function `main':
/home/anselm/src/lib/libressl/conftest.c:62: undefined reference to `strlcpy'
collect2: error: ld returned 1 exit status
configure:12983: $? = 1
configure: failed program was:
| /* confdefs.h */
| #define PACKAGE_NAME "libressl"
| #define PACKAGE_TARNAME "libressl"
| #define PACKAGE_VERSION "2.3.3"
| #define PACKAGE_STRING "libressl 2.3.3"
| #define PACKAGE_BUGREPORT ""
| #define PACKAGE_URL ""
| #define PACKAGE "libressl"
| #define VERSION "2.3.3"
| #define STDC_HEADERS 1
| #define HAVE_SYS_TYPES_H 1
| #define HAVE_SYS_STAT_H 1
| #define HAVE_STDLIB_H 1
| #define HAVE_STRING_H 1
| #define HAVE_MEMORY_H 1
| #define HAVE_STRINGS_H 1
| #define HAVE_INTTYPES_H 1
| #define HAVE_STDINT_H 1
| #define HAVE_UNISTD_H 1
| #define HAVE_DLFCN_H 1
| #define LT_OBJDIR ".libs/"
| #define HAVE_SYMLINK 1
| #define HAVE_ERR_H 1
| #define HAVE_ASPRINTF 1
| #define HAVE_INET_PTON 1
| #define HAVE_MEMMEM 1
| /* end confdefs.h.  */
| /* Define strlcpy to an innocuous variant, in case <limits.h> declares strlcpy.
|    For example, HP-UX 11i <limits.h> declares gettimeofday.  */
| #define strlcpy innocuous_strlcpy
| 
| /* System header to define __stub macros and hopefully few prototypes,
|     which can conflict with char strlcpy (); below.
|     Prefer <limits.h> to <assert.h> if __STDC__ is defined, since
|     <limits.h> exists even on freestanding compilers.  */
| 
| #ifdef __STDC__
| # include <limits.h>
| #else
| # include <assert.h>
| #endif
| 
| #undef strlcpy
| 
| /* Override any GCC internal prototype to avoid an error.
|    Use char because int might match the return type of a GCC
|    builtin and then its argument prototype would still apply.  */
| #ifdef __cplusplus
| extern "C"
| #endif
| char strlcpy ();
| /* The GNU C library defines this for functions which it implements
|     to always fail with ENOSYS.  Some functions are actually named
|     something starting with __ and the normal name is an alias.  */
| #if defined __stub_strlcpy || defined __stub___strlcpy
| choke me
| #endif
| 
| int
| main ()
| {
| return strlcpy ();
|   ;
|   return 0;
| }
configure:12983: result: no
configure:12983: checking for strndup
configure:12983: gcc -std=gnu99 -o conftest -g -O2 -Wall -std=gnu99 -fno-strict-aliasing  -fno-strict-overflow -D_FORTIFY_SOURCE=2 -fstack-protector-strong -DHAVE_GNU_STACK  -Wno-pointer-sign  -D_DEFAULT_SOURCE -D_BSD_SOURCE -D_POSIX_SOURCE -D_GNU_SOURCE   -Wl,-z,relro -Wl,-z,now  conftest.c  >&5
conftest.c:51:6: warning: conflicting types for built-in function 'strndup'
 char strndup ();
      ^
configure:12983: $? = 0
configure:12983: result: yes
configure:12983: checking for strnlen
configure:12983: gcc -std=gnu99 -o conftest -g -O2 -Wall -std=gnu99 -fno-strict-aliasing  -fno-strict-overflow -D_FORTIFY_SOURCE=2 -fstack-protector-strong -DHAVE_GNU_STACK  -Wno-pointer-sign  -D_DEFAULT_SOURCE -D_BSD_SOURCE -D_POSIX_SOURCE -D_GNU_SOURCE   -Wl,-z,relro -Wl,-z,now  conftest.c  >&5
configure:12983: $? = 0
configure:12983: result: yes
configure:12983: checking for strsep
configure:12983: gcc -std=gnu99 -o conftest -g -O2 -Wall -std=gnu99 -fno-strict-aliasing  -fno-strict-overflow -D_FORTIFY_SOURCE=2 -fstack-protector-strong -DHAVE_GNU_STACK  -Wno-pointer-sign  -D_DEFAULT_SOURCE -D_BSD_SOURCE -D_POSIX_SOURCE -D_GNU_SOURCE   -Wl,-z,relro -Wl,-z,now  conftest.c  >&5
configure:12983: $? = 0
configure:12983: result: yes
configure:12983: checking for strtonum
configure:12983: gcc -std=gnu99 -o conftest -g -O2 -Wall -std=gnu99 -fno-strict-aliasing  -fno-strict-overflow -D_FORTIFY_SOURCE=2 -fstack-protector-strong -DHAVE_GNU_STACK  -Wno-pointer-sign  -D_DEFAULT_SOURCE -D_BSD_SOURCE -D_POSIX_SOURCE -D_GNU_SOURCE   -Wl,-z,relro -Wl,-z,now  conftest.c  >&5
/tmp/cckcBh9E.o: In function `main':
/home/anselm/src/lib/libressl/conftest.c:65: undefined reference to `strtonum'
collect2: error: ld returned 1 exit status
configure:12983: $? = 1
configure: failed program was:
| /* confdefs.h */
| #define PACKAGE_NAME "libressl"
| #define PACKAGE_TARNAME "libressl"
| #define PACKAGE_VERSION "2.3.3"
| #define PACKAGE_STRING "libressl 2.3.3"
| #define PACKAGE_BUGREPORT ""
| #define PACKAGE_URL ""
| #define PACKAGE "libressl"
| #define VERSION "2.3.3"
| #define STDC_HEADERS 1
| #define HAVE_SYS_TYPES_H 1
| #define HAVE_SYS_STAT_H 1
| #define HAVE_STDLIB_H 1
| #define HAVE_STRING_H 1
| #define HAVE_MEMORY_H 1
| #define HAVE_STRINGS_H 1
| #define HAVE_INTTYPES_H 1
| #define HAVE_STDINT_H 1
| #define HAVE_UNISTD_H 1
| #define HAVE_DLFCN_H 1
| #define LT_OBJDIR ".libs/"
| #define HAVE_SYMLINK 1
| #define HAVE_ERR_H 1
| #define HAVE_ASPRINTF 1
| #define HAVE_INET_PTON 1
| #define HAVE_MEMMEM 1
| #define HAVE_STRNDUP 1
| #define HAVE_STRNLEN 1
| #define HAVE_STRSEP 1
| /* end confdefs.h.  */
| /* Define strtonum to an innocuous variant, in case <limits.h> declares strtonum.
|    For example, HP-UX 11i <limits.h> declares gettimeofday.  */
| #define strtonum innocuous_strtonum
| 
| /* System header to define __stub macros and hopefully few prototypes,
|     which can conflict with char strtonum (); below.
|     Prefer <limits.h> to <assert.h> if __STDC__ is defined, since
|     <limits.h> exists even on freestanding compilers.  */
| 
| #ifdef __STDC__
| # include <limits.h>
| #else
| # include <assert.h>
| #endif
| 
| #undef strtonum
| 
| /* Override any GCC internal prototype to avoid an error.
|    Use char because int might match the return type of a GCC
|    builtin and then its argument prototype would still apply.  */
| #ifdef __cplusplus
| extern "C"
| #endif
| char strtonum ();
| /* The GNU C library defines this for functions which it implements
|     to always fail with ENOSYS.  Some functions are actually named
|     something starting with __ and the normal name is an alias.  */
| #if defined __stub_strtonum || defined __stub___strtonum
| choke me
| #endif
| 
| int
| main ()
| {
| return strtonum ();
|   ;
|   return 0;
| }
configure:12983: result: no
configure:12995: checking for timegm
configure:12995: gcc -std=gnu99 -o conftest -g -O2 -Wall -std=gnu99 -fno-strict-aliasing  -fno-strict-overflow -D_FORTIFY_SOURCE=2 -fstack-protector-strong -DHAVE_GNU_STACK  -Wno-pointer-sign  -D_DEFAULT_SOURCE -D_BSD_SOURCE -D_POSIX_SOURCE -D_GNU_SOURCE   -Wl,-z,relro -Wl,-z,now  conftest.c  >&5
configure:12995: $? = 0
configure:12995: result: yes
configure:12995: checking for _mkgmtime
configure:12995: gcc -std=gnu99 -o conftest -g -O2 -Wall -std=gnu99 -fno-strict-aliasing  -fno-strict-overflow -D_FORTIFY_SOURCE=2 -fstack-protector-strong -DHAVE_GNU_STACK  -Wno-pointer-sign  -D_DEFAULT_SOURCE -D_BSD_SOURCE -D_POSIX_SOURCE -D_GNU_SOURCE   -Wl,-z,relro -Wl,-z,now  conftest.c  >&5
/tmp/ccQ01zUK.o: In function `main':
/home/anselm/src/lib/libressl/conftest.c:66: undefined reference to `_mkgmtime'
collect2: error: ld returned 1 exit status
configure:12995: $? = 1
configure: failed program was:
| /* confdefs.h */
| #define PACKAGE_NAME "libressl"
| #define PACKAGE_TARNAME "libressl"
| #define PACKAGE_VERSION "2.3.3"
| #define PACKAGE_STRING "libressl 2.3.3"
| #define PACKAGE_BUGREPORT ""
| #define PACKAGE_URL ""
| #define PACKAGE "libressl"
| #define VERSION "2.3.3"
| #define STDC_HEADERS 1
| #define HAVE_SYS_TYPES_H 1
| #define HAVE_SYS_STAT_H 1
| #define HAVE_STDLIB_H 1
| #define HAVE_STRING_H 1
| #define HAVE_MEMORY_H 1
| #define HAVE_STRINGS_H 1
| #define HAVE_INTTYPES_H 1
| #define HAVE_STDINT_H 1
| #define HAVE_UNISTD_H 1
| #define HAVE_DLFCN_H 1
| #define LT_OBJDIR ".libs/"
| #define HAVE_SYMLINK 1
| #define HAVE_ERR_H 1
| #define HAVE_ASPRINTF 1
| #define HAVE_INET_PTON 1
| #define HAVE_MEMMEM 1
| #define HAVE_STRNDUP 1
| #define HAVE_STRNLEN 1
| #define HAVE_STRSEP 1
| #define HAVE_TIMEGM 1
| /* end confdefs.h.  */
| /* Define _mkgmtime to an innocuous variant, in case <limits.h> declares _mkgmtime.
|    For example, HP-UX 11i <limits.h> declares gettimeofday.  */
| #define _mkgmtime innocuous__mkgmtime
| 
| /* System header to define __stub macros and hopefully few prototypes,
|     which can conflict with char _mkgmtime (); below.
|     Prefer <limits.h> to <assert.h> if __STDC__ is defined, since
|     <limits.h> exists even on freestanding compilers.  */
| 
| #ifdef __STDC__
| # include <limits.h>
| #else
| # include <assert.h>
| #endif
| 
| #undef _mkgmtime
| 
| /* Override any GCC internal prototype to avoid an error.
|    Use char because int might match the return type of a GCC
|    builtin and then its argument prototype would still apply.  */
| #ifdef __cplusplus
| extern "C"
| #endif
| char _mkgmtime ();
| /* The GNU C library defines this for functions which it implements
|     to always fail with ENOSYS.  Some functions are actually named
|     something starting with __ and the normal name is an alias.  */
| #if defined __stub__mkgmtime || defined __stub____mkgmtime
| choke me
| #endif
| 
| int
| main ()
| {
| return _mkgmtime ();
|   ;
|   return 0;
| }
configure:12995: result: no
configure:13105: checking for accept4
configure:13105: gcc -std=gnu99 -o conftest -g -O2 -Wall -std=gnu99 -fno-strict-aliasing  -fno-strict-overflow -D_FORTIFY_SOURCE=2 -fstack-protector-strong -DHAVE_GNU_STACK  -Wno-pointer-sign  -D_DEFAULT_SOURCE -D_BSD_SOURCE -D_POSIX_SOURCE -D_GNU_SOURCE   -Wl,-z,relro -Wl,-z,now  conftest.c  >&5
configure:13105: $? = 0
configure:13105: result: yes
configure:13105: checking for pledge
configure:13105: gcc -std=gnu99 -o conftest -g -O2 -Wall -std=gnu99 -fno-strict-aliasing  -fno-strict-overflow -D_FORTIFY_SOURCE=2 -fstack-protector-strong -DHAVE_GNU_STACK  -Wno-pointer-sign  -D_DEFAULT_SOURCE -D_BSD_SOURCE -D_POSIX_SOURCE -D_GNU_SOURCE   -Wl,-z,relro -Wl,-z,now  conftest.c  >&5
/tmp/ccHrrCpQ.o: In function `main':
/home/anselm/src/lib/libressl/conftest.c:67: undefined reference to `pledge'
collect2: error: ld returned 1 exit status
configure:13105: $? = 1
configure: failed program was:
| /* confdefs.h */
| #define PACKAGE_NAME "libressl"
| #define PACKAGE_TARNAME "libressl"
| #define PACKAGE_VERSION "2.3.3"
| #define PACKAGE_STRING "libressl 2.3.3"
| #define PACKAGE_BUGREPORT ""
| #define PACKAGE_URL ""
| #define PACKAGE "libressl"
| #define VERSION "2.3.3"
| #define STDC_HEADERS 1
| #define HAVE_SYS_TYPES_H 1
| #define HAVE_SYS_STAT_H 1
| #define HAVE_STDLIB_H 1
| #define HAVE_STRING_H 1
| #define HAVE_MEMORY_H 1
| #define HAVE_STRINGS_H 1
| #define HAVE_INTTYPES_H 1
| #define HAVE_STDINT_H 1
| #define HAVE_UNISTD_H 1
| #define HAVE_DLFCN_H 1
| #define LT_OBJDIR ".libs/"
| #define HAVE_SYMLINK 1
| #define HAVE_ERR_H 1
| #define HAVE_ASPRINTF 1
| #define HAVE_INET_PTON 1
| #define HAVE_MEMMEM 1
| #define HAVE_STRNDUP 1
| #define HAVE_STRNLEN 1
| #define HAVE_STRSEP 1
| #define HAVE_TIMEGM 1
| #define HAVE_ACCEPT4 1
| /* end confdefs.h.  */
| /* Define pledge to an innocuous variant, in case <limits.h> declares pledge.
|    For example, HP-UX 11i <limits.h> declares gettimeofday.  */
| #define pledge innocuous_pledge
| 
| /* System header to define __stub macros and hopefully few prototypes,
|     which can conflict with char pledge (); below.
|     Prefer <limits.h> to <assert.h> if __STDC__ is defined, since
|     <limits.h> exists even on freestanding compilers.  */
| 
| #ifdef __STDC__
| # include <limits.h>
| #else
| # include <assert.h>
| #endif
| 
| #undef pledge
| 
| /* Override any GCC internal prototype to avoid an error.
|    Use char because int might match the return type of a GCC
|    builtin and then its argument prototype would still apply.  */
| #ifdef __cplusplus
| extern "C"
| #endif
| char pledge ();
| /* The GNU C library defines this for functions which it implements
|     to always fail with ENOSYS.  Some functions are actually named
|     something starting with __ and the normal name is an alias.  */
| #if defined __stub_pledge || defined __stub___pledge
| choke me
| #endif
| 
| int
| main ()
| {
| return pledge ();
|   ;
|   return 0;
| }
configure:13105: result: no
configure:13105: checking for poll
configure:13105: gcc -std=gnu99 -o conftest -g -O2 -Wall -std=gnu99 -fno-strict-aliasing  -fno-strict-overflow -D_FORTIFY_SOURCE=2 -fstack-protector-strong -DHAVE_GNU_STACK  -Wno-pointer-sign  -D_DEFAULT_SOURCE -D_BSD_SOURCE -D_POSIX_SOURCE -D_GNU_SOURCE   -Wl,-z,relro -Wl,-z,now  conftest.c  >&5
configure:13105: $? = 0
configure:13105: result: yes
configure:13144: checking for arc4random
configure:13144: gcc -std=gnu99 -o conftest -g -O2 -Wall -std=gnu99 -fno-strict-aliasing  -fno-strict-overflow -D_FORTIFY_SOURCE=2 -fstack-protector-strong -DHAVE_GNU_STACK  -Wno-pointer-sign  -D_DEFAULT_SOURCE -D_BSD_SOURCE -D_POSIX_SOURCE -D_GNU_SOURCE   -Wl,-z,relro -Wl,-z,now  conftest.c  >&5
/tmp/ccbU6z4R.o: In function `main':
/home/anselm/src/lib/libressl/conftest.c:68: undefined reference to `arc4random'
collect2: error: ld returned 1 exit status
configure:13144: $? = 1
configure: failed program was:
| /* confdefs.h */
| #define PACKAGE_NAME "libressl"
| #define PACKAGE_TARNAME "libressl"
| #define PACKAGE_VERSION "2.3.3"
| #define PACKAGE_STRING "libressl 2.3.3"
| #define PACKAGE_BUGREPORT ""
| #define PACKAGE_URL ""
| #define PACKAGE "libressl"
| #define VERSION "2.3.3"
| #define STDC_HEADERS 1
| #define HAVE_SYS_TYPES_H 1
| #define HAVE_SYS_STAT_H 1
| #define HAVE_STDLIB_H 1
| #define HAVE_STRING_H 1
| #define HAVE_MEMORY_H 1
| #define HAVE_STRINGS_H 1
| #define HAVE_INTTYPES_H 1
| #define HAVE_STDINT_H 1
| #define HAVE_UNISTD_H 1
| #define HAVE_DLFCN_H 1
| #define LT_OBJDIR ".libs/"
| #define HAVE_SYMLINK 1
| #define HAVE_ERR_H 1
| #define HAVE_ASPRINTF 1
| #define HAVE_INET_PTON 1
| #define HAVE_MEMMEM 1
| #define HAVE_STRNDUP 1
| #define HAVE_STRNLEN 1
| #define HAVE_STRSEP 1
| #define HAVE_TIMEGM 1
| #define HAVE_ACCEPT4 1
| #define HAVE_POLL 1
| /* end confdefs.h.  */
| /* Define arc4random to an innocuous variant, in case <limits.h> declares arc4random.
|    For example, HP-UX 11i <limits.h> declares gettimeofday.  */
| #define arc4random innocuous_arc4random
| 
| /* System header to define __stub macros and hopefully few prototypes,
|     which can conflict with char arc4random (); below.
|     Prefer <limits.h> to <assert.h> if __STDC__ is defined, since
|     <limits.h> exists even on freestanding compilers.  */
| 
| #ifdef __STDC__
| # include <limits.h>
| #else
| # include <assert.h>
| #endif
| 
| #undef arc4random
| 
| /* Override any GCC internal prototype to avoid an error.
|    Use char because int might match the return type of a GCC
|    builtin and then its argument prototype would still apply.  */
| #ifdef __cplusplus
| extern "C"
| #endif
| char arc4random ();
| /* The GNU C library defines this for functions which it implements
|     to always fail with ENOSYS.  Some functions are actually named
|     something starting with __ and the normal name is an alias.  */
| #if defined __stub_arc4random || defined __stub___arc4random
| choke me
| #endif
| 
| int
| main ()
| {
| return arc4random ();
|   ;
|   return 0;
| }
configure:13144: result: no
configure:13144: checking for arc4random_buf
configure:13144: gcc -std=gnu99 -o conftest -g -O2 -Wall -std=gnu99 -fno-strict-aliasing  -fno-strict-overflow -D_FORTIFY_SOURCE=2 -fstack-protector-strong -DHAVE_GNU_STACK  -Wno-pointer-sign  -D_DEFAULT_SOURCE -D_BSD_SOURCE -D_POSIX_SOURCE -D_GNU_SOURCE   -Wl,-z,relro -Wl,-z,now  conftest.c  >&5
/tmp/ccZSGuYV.o: In function `main':
/home/anselm/src/lib/libressl/conftest.c:68: undefined reference to `arc4random_buf'
collect2: error: ld returned 1 exit status
configure:13144: $? = 1
configure: failed program was:
| /* confdefs.h */
| #define PACKAGE_NAME "libressl"
| #define PACKAGE_TARNAME "libressl"
| #define PACKAGE_VERSION "2.3.3"
| #define PACKAGE_STRING "libressl 2.3.3"
| #define PACKAGE_BUGREPORT ""
| #define PACKAGE_URL ""
| #define PACKAGE "libressl"
| #define VERSION "2.3.3"
| #define STDC_HEADERS 1
| #define HAVE_SYS_TYPES_H 1
| #define HAVE_SYS_STAT_H 1
| #define HAVE_STDLIB_H 1
| #define HAVE_STRING_H 1
| #define HAVE_MEMORY_H 1
| #define HAVE_STRINGS_H 1
| #define HAVE_INTTYPES_H 1
| #define HAVE_STDINT_H 1
| #define HAVE_UNISTD_H 1
| #define HAVE_DLFCN_H 1
| #define LT_OBJDIR ".libs/"
| #define HAVE_SYMLINK 1
| #define HAVE_ERR_H 1
| #define HAVE_ASPRINTF 1
| #define HAVE_INET_PTON 1
| #define HAVE_MEMMEM 1
| #define HAVE_STRNDUP 1
| #define HAVE_STRNLEN 1
| #define HAVE_STRSEP 1
| #define HAVE_TIMEGM 1
| #define HAVE_ACCEPT4 1
| #define HAVE_POLL 1
| /* end confdefs.h.  */
| /* Define arc4random_buf to an innocuous variant, in case <limits.h> declares arc4random_buf.
|    For example, HP-UX 11i <limits.h> declares gettimeofday.  */
| #define arc4random_buf innocuous_arc4random_buf
| 
| /* System header to define __stub macros and hopefully few prototypes,
|     which can conflict with char arc4random_buf (); below.
|     Prefer <limits.h> to <assert.h> if __STDC__ is defined, since
|     <limits.h> exists even on freestanding compilers.  */
| 
| #ifdef __STDC__
| # include <limits.h>
| #else
| # include <assert.h>
| #endif
| 
| #undef arc4random_buf
| 
| /* Override any GCC internal prototype to avoid an error.
|    Use char because int might match the return type of a GCC
|    builtin and then its argument prototype would still apply.  */
| #ifdef __cplusplus
| extern "C"
| #endif
| char arc4random_buf ();
| /* The GNU C library defines this for functions which it implements
|     to always fail with ENOSYS.  Some functions are actually named
|     something starting with __ and the normal name is an alias.  */
| #if defined __stub_arc4random_buf || defined __stub___arc4random_buf
| choke me
| #endif
| 
| int
| main ()
| {
| return arc4random_buf ();
|   ;
|   return 0;
| }
configure:13144: result: no
configure:13144: checking for arc4random_uniform
configure:13144: gcc -std=gnu99 -o conftest -g -O2 -Wall -std=gnu99 -fno-strict-aliasing  -fno-strict-overflow -D_FORTIFY_SOURCE=2 -fstack-protector-strong -DHAVE_GNU_STACK  -Wno-pointer-sign  -D_DEFAULT_SOURCE -D_BSD_SOURCE -D_POSIX_SOURCE -D_GNU_SOURCE   -Wl,-z,relro -Wl,-z,now  conftest.c  >&5
/tmp/ccTZ6F7X.o: In function `main':
/home/anselm/src/lib/libressl/conftest.c:68: undefined reference to `arc4random_uniform'
collect2: error: ld returned 1 exit status
configure:13144: $? = 1
configure: failed program was:
| /* confdefs.h */
| #define PACKAGE_NAME "libressl"
| #define PACKAGE_TARNAME "libressl"
| #define PACKAGE_VERSION "2.3.3"
| #define PACKAGE_STRING "libressl 2.3.3"
| #define PACKAGE_BUGREPORT ""
| #define PACKAGE_URL ""
| #define PACKAGE "libressl"
| #define VERSION "2.3.3"
| #define STDC_HEADERS 1
| #define HAVE_SYS_TYPES_H 1
| #define HAVE_SYS_STAT_H 1
| #define HAVE_STDLIB_H 1
| #define HAVE_STRING_H 1
| #define HAVE_MEMORY_H 1
| #define HAVE_STRINGS_H 1
| #define HAVE_INTTYPES_H 1
| #define HAVE_STDINT_H 1
| #define HAVE_UNISTD_H 1
| #define HAVE_DLFCN_H 1
| #define LT_OBJDIR ".libs/"
| #define HAVE_SYMLINK 1
| #define HAVE_ERR_H 1
| #define HAVE_ASPRINTF 1
| #define HAVE_INET_PTON 1
| #define HAVE_MEMMEM 1
| #define HAVE_STRNDUP 1
| #define HAVE_STRNLEN 1
| #define HAVE_STRSEP 1
| #define HAVE_TIMEGM 1
| #define HAVE_ACCEPT4 1
| #define HAVE_POLL 1
| /* end confdefs.h.  */
| /* Define arc4random_uniform to an innocuous variant, in case <limits.h> declares arc4random_uniform.
|    For example, HP-UX 11i <limits.h> declares gettimeofday.  */
| #define arc4random_uniform innocuous_arc4random_uniform
| 
| /* System header to define __stub macros and hopefully few prototypes,
|     which can conflict with char arc4random_uniform (); below.
|     Prefer <limits.h> to <assert.h> if __STDC__ is defined, since
|     <limits.h> exists even on freestanding compilers.  */
| 
| #ifdef __STDC__
| # include <limits.h>
| #else
| # include <assert.h>
| #endif
| 
| #undef arc4random_uniform
| 
| /* Override any GCC internal prototype to avoid an error.
|    Use char because int might match the return type of a GCC
|    builtin and then its argument prototype would still apply.  */
| #ifdef __cplusplus
| extern "C"
| #endif
| char arc4random_uniform ();
| /* The GNU C library defines this for functions which it implements
|     to always fail with ENOSYS.  Some functions are actually named
|     something starting with __ and the normal name is an alias.  */
| #if defined __stub_arc4random_uniform || defined __stub___arc4random_uniform
| choke me
| #endif
| 
| int
| main ()
| {
| return arc4random_uniform ();
|   ;
|   return 0;
| }
configure:13144: result: no
configure:13156: checking for explicit_bzero
configure:13156: gcc -std=gnu99 -o conftest -g -O2 -Wall -std=gnu99 -fno-strict-aliasing  -fno-strict-overflow -D_FORTIFY_SOURCE=2 -fstack-protector-strong -DHAVE_GNU_STACK  -Wno-pointer-sign  -D_DEFAULT_SOURCE -D_BSD_SOURCE -D_POSIX_SOURCE -D_GNU_SOURCE   -Wl,-z,relro -Wl,-z,now  conftest.c  >&5
/tmp/ccVH4MO0.o: In function `main':
/home/anselm/src/lib/libressl/conftest.c:68: undefined reference to `explicit_bzero'
collect2: error: ld returned 1 exit status
configure:13156: $? = 1
configure: failed program was:
| /* confdefs.h */
| #define PACKAGE_NAME "libressl"
| #define PACKAGE_TARNAME "libressl"
| #define PACKAGE_VERSION "2.3.3"
| #define PACKAGE_STRING "libressl 2.3.3"
| #define PACKAGE_BUGREPORT ""
| #define PACKAGE_URL ""
| #define PACKAGE "libressl"
| #define VERSION "2.3.3"
| #define STDC_HEADERS 1
| #define HAVE_SYS_TYPES_H 1
| #define HAVE_SYS_STAT_H 1
| #define HAVE_STDLIB_H 1
| #define HAVE_STRING_H 1
| #define HAVE_MEMORY_H 1
| #define HAVE_STRINGS_H 1
| #define HAVE_INTTYPES_H 1
| #define HAVE_STDINT_H 1
| #define HAVE_UNISTD_H 1
| #define HAVE_DLFCN_H 1
| #define LT_OBJDIR ".libs/"
| #define HAVE_SYMLINK 1
| #define HAVE_ERR_H 1
| #define HAVE_ASPRINTF 1
| #define HAVE_INET_PTON 1
| #define HAVE_MEMMEM 1
| #define HAVE_STRNDUP 1
| #define HAVE_STRNLEN 1
| #define HAVE_STRSEP 1
| #define HAVE_TIMEGM 1
| #define HAVE_ACCEPT4 1
| #define HAVE_POLL 1
| /* end confdefs.h.  */
| /* Define explicit_bzero to an innocuous variant, in case <limits.h> declares explicit_bzero.
|    For example, HP-UX 11i <limits.h> declares gettimeofday.  */
| #define explicit_bzero innocuous_explicit_bzero
| 
| /* System header to define __stub macros and hopefully few prototypes,
|     which can conflict with char explicit_bzero (); below.
|     Prefer <limits.h> to <assert.h> if __STDC__ is defined, since
|     <limits.h> exists even on freestanding compilers.  */
| 
| #ifdef __STDC__
| # include <limits.h>
| #else
| # include <assert.h>
| #endif
| 
| #undef explicit_bzero
| 
| /* Override any GCC internal prototype to avoid an error.
|    Use char because int might match the return type of a GCC
|    builtin and then its argument prototype would still apply.  */
| #ifdef __cplusplus
| extern "C"
| #endif
| char explicit_bzero ();
| /* The GNU C library defines this for functions which it implements
|     to always fail with ENOSYS.  Some functions are actually named
|     something starting with __ and the normal name is an alias.  */
| #if defined __stub_explicit_bzero || defined __stub___explicit_bzero
| choke me
| #endif
| 
| int
| main ()
| {
| return explicit_bzero ();
|   ;
|   return 0;
| }
configure:13156: result: no
configure:13156: checking for getauxval
configure:13156: gcc -std=gnu99 -o conftest -g -O2 -Wall -std=gnu99 -fno-strict-aliasing  -fno-strict-overflow -D_FORTIFY_SOURCE=2 -fstack-protector-strong -DHAVE_GNU_STACK  -Wno-pointer-sign  -D_DEFAULT_SOURCE -D_BSD_SOURCE -D_POSIX_SOURCE -D_GNU_SOURCE   -Wl,-z,relro -Wl,-z,now  conftest.c  >&5
configure:13156: $? = 0
configure:13156: result: yes
configure:13156: checking for getentropy
configure:13156: gcc -std=gnu99 -o conftest -g -O2 -Wall -std=gnu99 -fno-strict-aliasing  -fno-strict-overflow -D_FORTIFY_SOURCE=2 -fstack-protector-strong -DHAVE_GNU_STACK  -Wno-pointer-sign  -D_DEFAULT_SOURCE -D_BSD_SOURCE -D_POSIX_SOURCE -D_GNU_SOURCE   -Wl,-z,relro -Wl,-z,now  conftest.c  >&5
/tmp/ccr1AOq2.o: In function `main':
/home/anselm/src/lib/libressl/conftest.c:69: undefined reference to `getentropy'
collect2: error: ld returned 1 exit status
configure:13156: $? = 1
configure: failed program was:
| /* confdefs.h */
| #define PACKAGE_NAME "libressl"
| #define PACKAGE_TARNAME "libressl"
| #define PACKAGE_VERSION "2.3.3"
| #define PACKAGE_STRING "libressl 2.3.3"
| #define PACKAGE_BUGREPORT ""
| #define PACKAGE_URL ""
| #define PACKAGE "libressl"
| #define VERSION "2.3.3"
| #define STDC_HEADERS 1
| #define HAVE_SYS_TYPES_H 1
| #define HAVE_SYS_STAT_H 1
| #define HAVE_STDLIB_H 1
| #define HAVE_STRING_H 1
| #define HAVE_MEMORY_H 1
| #define HAVE_STRINGS_H 1
| #define HAVE_INTTYPES_H 1
| #define HAVE_STDINT_H 1
| #define HAVE_UNISTD_H 1
| #define HAVE_DLFCN_H 1
| #define LT_OBJDIR ".libs/"
| #define HAVE_SYMLINK 1
| #define HAVE_ERR_H 1
| #define HAVE_ASPRINTF 1
| #define HAVE_INET_PTON 1
| #define HAVE_MEMMEM 1
| #define HAVE_STRNDUP 1
| #define HAVE_STRNLEN 1
| #define HAVE_STRSEP 1
| #define HAVE_TIMEGM 1
| #define HAVE_ACCEPT4 1
| #define HAVE_POLL 1
| #define HAVE_GETAUXVAL 1
| /* end confdefs.h.  */
| /* Define getentropy to an innocuous variant, in case <limits.h> declares getentropy.
|    For example, HP-UX 11i <limits.h> declares gettimeofday.  */
| #define getentropy innocuous_getentropy
| 
| /* System header to define __stub macros and hopefully few prototypes,
|     which can conflict with char getentropy (); below.
|     Prefer <limits.h> to <assert.h> if __STDC__ is defined, since
|     <limits.h> exists even on freestanding compilers.  */
| 
| #ifdef __STDC__
| # include <limits.h>
| #else
| # include <assert.h>
| #endif
| 
| #undef getentropy
| 
| /* Override any GCC internal prototype to avoid an error.
|    Use char because int might match the return type of a GCC
|    builtin and then its argument prototype would still apply.  */
| #ifdef __cplusplus
| extern "C"
| #endif
| char getentropy ();
| /* The GNU C library defines this for functions which it implements
|     to always fail with ENOSYS.  Some functions are actually named
|     something starting with __ and the normal name is an alias.  */
| #if defined __stub_getentropy || defined __stub___getentropy
| choke me
| #endif
| 
| int
| main ()
| {
| return getentropy ();
|   ;
|   return 0;
| }
configure:13156: result: no
configure:13168: checking for timingsafe_bcmp
configure:13168: gcc -std=gnu99 -o conftest -g -O2 -Wall -std=gnu99 -fno-strict-aliasing  -fno-strict-overflow -D_FORTIFY_SOURCE=2 -fstack-protector-strong -DHAVE_GNU_STACK  -Wno-pointer-sign  -D_DEFAULT_SOURCE -D_BSD_SOURCE -D_POSIX_SOURCE -D_GNU_SOURCE   -Wl,-z,relro -Wl,-z,now  conftest.c  >&5
/tmp/ccuLCik6.o: In function `main':
/home/anselm/src/lib/libressl/conftest.c:69: undefined reference to `timingsafe_bcmp'
collect2: error: ld returned 1 exit status
configure:13168: $? = 1
configure: failed program was:
| /* confdefs.h */
| #define PACKAGE_NAME "libressl"
| #define PACKAGE_TARNAME "libressl"
| #define PACKAGE_VERSION "2.3.3"
| #define PACKAGE_STRING "libressl 2.3.3"
| #define PACKAGE_BUGREPORT ""
| #define PACKAGE_URL ""
| #define PACKAGE "libressl"
| #define VERSION "2.3.3"
| #define STDC_HEADERS 1
| #define HAVE_SYS_TYPES_H 1
| #define HAVE_SYS_STAT_H 1
| #define HAVE_STDLIB_H 1
| #define HAVE_STRING_H 1
| #define HAVE_MEMORY_H 1
| #define HAVE_STRINGS_H 1
| #define HAVE_INTTYPES_H 1
| #define HAVE_STDINT_H 1
| #define HAVE_UNISTD_H 1
| #define HAVE_DLFCN_H 1
| #define LT_OBJDIR ".libs/"
| #define HAVE_SYMLINK 1
| #define HAVE_ERR_H 1
| #define HAVE_ASPRINTF 1
| #define HAVE_INET_PTON 1
| #define HAVE_MEMMEM 1
| #define HAVE_STRNDUP 1
| #define HAVE_STRNLEN 1
| #define HAVE_STRSEP 1
| #define HAVE_TIMEGM 1
| #define HAVE_ACCEPT4 1
| #define HAVE_POLL 1
| #define HAVE_GETAUXVAL 1
| /* end confdefs.h.  */
| /* Define timingsafe_bcmp to an innocuous variant, in case <limits.h> declares timingsafe_bcmp.
|    For example, HP-UX 11i <limits.h> declares gettimeofday.  */
| #define timingsafe_bcmp innocuous_timingsafe_bcmp
| 
| /* System header to define __stub macros and hopefully few prototypes,
|     which can conflict with char timingsafe_bcmp (); below.
|     Prefer <limits.h> to <assert.h> if __STDC__ is defined, since
|     <limits.h> exists even on freestanding compilers.  */
| 
| #ifdef __STDC__
| # include <limits.h>
| #else
| # include <assert.h>
| #endif
| 
| #undef timingsafe_bcmp
| 
| /* Override any GCC internal prototype to avoid an error.
|    Use char because int might match the return type of a GCC
|    builtin and then its argument prototype would still apply.  */
| #ifdef __cplusplus
| extern "C"
| #endif
| char timingsafe_bcmp ();
| /* The GNU C library defines this for functions which it implements
|     to always fail with ENOSYS.  Some functions are actually named
|     something starting with __ and the normal name is an alias.  */
| #if defined __stub_timingsafe_bcmp || defined __stub___timingsafe_bcmp
| choke me
| #endif
| 
| int
| main ()
| {
| return timingsafe_bcmp ();
|   ;
|   return 0;
| }
configure:13168: result: no
configure:13168: checking for timingsafe_memcmp
configure:13168: gcc -std=gnu99 -o conftest -g -O2 -Wall -std=gnu99 -fno-strict-aliasing  -fno-strict-overflow -D_FORTIFY_SOURCE=2 -fstack-protector-strong -DHAVE_GNU_STACK  -Wno-pointer-sign  -D_DEFAULT_SOURCE -D_BSD_SOURCE -D_POSIX_SOURCE -D_GNU_SOURCE   -Wl,-z,relro -Wl,-z,now  conftest.c  >&5
/tmp/ccGGuaDW.o: In function `main':
/home/anselm/src/lib/libressl/conftest.c:69: undefined reference to `timingsafe_memcmp'
collect2: error: ld returned 1 exit status
configure:13168: $? = 1
configure: failed program was:
| /* confdefs.h */
| #define PACKAGE_NAME "libressl"
| #define PACKAGE_TARNAME "libressl"
| #define PACKAGE_VERSION "2.3.3"
| #define PACKAGE_STRING "libressl 2.3.3"
| #define PACKAGE_BUGREPORT ""
| #define PACKAGE_URL ""
| #define PACKAGE "libressl"
| #define VERSION "2.3.3"
| #define STDC_HEADERS 1
| #define HAVE_SYS_TYPES_H 1
| #define HAVE_SYS_STAT_H 1
| #define HAVE_STDLIB_H 1
| #define HAVE_STRING_H 1
| #define HAVE_MEMORY_H 1
| #define HAVE_STRINGS_H 1
| #define HAVE_INTTYPES_H 1
| #define HAVE_STDINT_H 1
| #define HAVE_UNISTD_H 1
| #define HAVE_DLFCN_H 1
| #define LT_OBJDIR ".libs/"
| #define HAVE_SYMLINK 1
| #define HAVE_ERR_H 1
| #define HAVE_ASPRINTF 1
| #define HAVE_INET_PTON 1
| #define HAVE_MEMMEM 1
| #define HAVE_STRNDUP 1
| #define HAVE_STRNLEN 1
| #define HAVE_STRSEP 1
| #define HAVE_TIMEGM 1
| #define HAVE_ACCEPT4 1
| #define HAVE_POLL 1
| #define HAVE_GETAUXVAL 1
| /* end confdefs.h.  */
| /* Define timingsafe_memcmp to an innocuous variant, in case <limits.h> declares timingsafe_memcmp.
|    For example, HP-UX 11i <limits.h> declares gettimeofday.  */
| #define timingsafe_memcmp innocuous_timingsafe_memcmp
| 
| /* System header to define __stub macros and hopefully few prototypes,
|     which can conflict with char timingsafe_memcmp (); below.
|     Prefer <limits.h> to <assert.h> if __STDC__ is defined, since
|     <limits.h> exists even on freestanding compilers.  */
| 
| #ifdef __STDC__
| # include <limits.h>
| #else
| # include <assert.h>
| #endif
| 
| #undef timingsafe_memcmp
| 
| /* Override any GCC internal prototype to avoid an error.
|    Use char because int might match the return type of a GCC
|    builtin and then its argument prototype would still apply.  */
| #ifdef __cplusplus
| extern "C"
| #endif
| char timingsafe_memcmp ();
| /* The GNU C library defines this for functions which it implements
|     to always fail with ENOSYS.  Some functions are actually named
|     something starting with __ and the normal name is an alias.  */
| #if defined __stub_timingsafe_memcmp || defined __stub___timingsafe_memcmp
| choke me
| #endif
| 
| int
| main ()
| {
| return timingsafe_memcmp ();
|   ;
|   return 0;
| }
configure:13168: result: no
configure:13246: checking for getauxval
configure:13246: result: yes
configure:13251: checking for clock_gettime
configure:13251: gcc -std=gnu99 -o conftest -g -O2 -Wall -std=gnu99 -fno-strict-aliasing  -fno-strict-overflow -D_FORTIFY_SOURCE=2 -fstack-protector-strong -DHAVE_GNU_STACK  -Wno-pointer-sign  -D_DEFAULT_SOURCE -D_BSD_SOURCE -D_POSIX_SOURCE -D_GNU_SOURCE   -Wl,-z,relro -Wl,-z,now  conftest.c  >&5
configure:13251: $? = 0
configure:13251: result: yes
configure:13313: checking for dl_iterate_phdr
configure:13313: gcc -std=gnu99 -o conftest -g -O2 -Wall -std=gnu99 -fno-strict-aliasing  -fno-strict-overflow -D_FORTIFY_SOURCE=2 -fstack-protector-strong -DHAVE_GNU_STACK  -Wno-pointer-sign  -D_DEFAULT_SOURCE -D_BSD_SOURCE -D_POSIX_SOURCE -D_GNU_SOURCE   -Wl,-z,relro -Wl,-z,now  conftest.c  >&5
configure:13313: $? = 0
configure:13313: result: yes
configure:13377: checking whether va_copy exists
configure:13397: gcc -std=gnu99 -o conftest -g -O2 -Wall -std=gnu99 -fno-strict-aliasing  -fno-strict-overflow -D_FORTIFY_SOURCE=2 -fstack-protector-strong -DHAVE_GNU_STACK  -Wno-pointer-sign  -D_DEFAULT_SOURCE -D_BSD_SOURCE -D_POSIX_SOURCE -D_GNU_SOURCE   -Wl,-z,relro -Wl,-z,now  conftest.c  >&5
configure:13397: $? = 0
configure:13407: result: yes
configure:13415: checking whether __va_copy exists
configure:13435: gcc -std=gnu99 -o conftest -g -O2 -Wall -std=gnu99 -fno-strict-aliasing  -fno-strict-overflow -D_FORTIFY_SOURCE=2 -fstack-protector-strong -DHAVE_GNU_STACK  -Wno-pointer-sign  -D_DEFAULT_SOURCE -D_BSD_SOURCE -D_POSIX_SOURCE -D_GNU_SOURCE   -Wl,-z,relro -Wl,-z,now  conftest.c  >&5
configure:13435: $? = 0
configure:13445: result: yes
configure:13454: checking for library containing b64_ntop
configure:13485: gcc -std=gnu99 -o conftest -g -O2 -Wall -std=gnu99 -fno-strict-aliasing  -fno-strict-overflow -D_FORTIFY_SOURCE=2 -fstack-protector-strong -DHAVE_GNU_STACK  -Wno-pointer-sign  -D_DEFAULT_SOURCE -D_BSD_SOURCE -D_POSIX_SOURCE -D_GNU_SOURCE   -Wl,-z,relro -Wl,-z,now  conftest.c  >&5
/tmp/cc93qS17.o: In function `main':
/home/anselm/src/lib/libressl/conftest.c:48: undefined reference to `b64_ntop'
collect2: error: ld returned 1 exit status
configure:13485: $? = 1
configure: failed program was:
| /* confdefs.h */
| #define PACKAGE_NAME "libressl"
| #define PACKAGE_TARNAME "libressl"
| #define PACKAGE_VERSION "2.3.3"
| #define PACKAGE_STRING "libressl 2.3.3"
| #define PACKAGE_BUGREPORT ""
| #define PACKAGE_URL ""
| #define PACKAGE "libressl"
| #define VERSION "2.3.3"
| #define STDC_HEADERS 1
| #define HAVE_SYS_TYPES_H 1
| #define HAVE_SYS_STAT_H 1
| #define HAVE_STDLIB_H 1
| #define HAVE_STRING_H 1
| #define HAVE_MEMORY_H 1
| #define HAVE_STRINGS_H 1
| #define HAVE_INTTYPES_H 1
| #define HAVE_STDINT_H 1
| #define HAVE_UNISTD_H 1
| #define HAVE_DLFCN_H 1
| #define LT_OBJDIR ".libs/"
| #define HAVE_SYMLINK 1
| #define HAVE_ERR_H 1
| #define HAVE_ASPRINTF 1
| #define HAVE_INET_PTON 1
| #define HAVE_MEMMEM 1
| #define HAVE_STRNDUP 1
| #define HAVE_STRNLEN 1
| #define HAVE_STRSEP 1
| #define HAVE_TIMEGM 1
| #define HAVE_ACCEPT4 1
| #define HAVE_POLL 1
| #define HAVE_GETAUXVAL 1
| #define HAVE_VA_COPY 1
| #define HAVE___VA_COPY 1
| /* end confdefs.h.  */
| 
| /* Override any GCC internal prototype to avoid an error.
|    Use char because int might match the return type of a GCC
|    builtin and then its argument prototype would still apply.  */
| #ifdef __cplusplus
| extern "C"
| #endif
| char b64_ntop ();
| int
| main ()
| {
| return b64_ntop ();
|   ;
|   return 0;
| }
configure:13485: gcc -std=gnu99 -o conftest -g -O2 -Wall -std=gnu99 -fno-strict-aliasing  -fno-strict-overflow -D_FORTIFY_SOURCE=2 -fstack-protector-strong -DHAVE_GNU_STACK  -Wno-pointer-sign  -D_DEFAULT_SOURCE -D_BSD_SOURCE -D_POSIX_SOURCE -D_GNU_SOURCE   -Wl,-z,relro -Wl,-z,now  conftest.c -lresolv   >&5
/tmp/ccqprMo7.o: In function `main':
/home/anselm/src/lib/libressl/conftest.c:48: undefined reference to `b64_ntop'
collect2: error: ld returned 1 exit status
configure:13485: $? = 1
configure: failed program was:
| /* confdefs.h */
| #define PACKAGE_NAME "libressl"
| #define PACKAGE_TARNAME "libressl"
| #define PACKAGE_VERSION "2.3.3"
| #define PACKAGE_STRING "libressl 2.3.3"
| #define PACKAGE_BUGREPORT ""
| #define PACKAGE_URL ""
| #define PACKAGE "libressl"
| #define VERSION "2.3.3"
| #define STDC_HEADERS 1
| #define HAVE_SYS_TYPES_H 1
| #define HAVE_SYS_STAT_H 1
| #define HAVE_STDLIB_H 1
| #define HAVE_STRING_H 1
| #define HAVE_MEMORY_H 1
| #define HAVE_STRINGS_H 1
| #define HAVE_INTTYPES_H 1
| #define HAVE_STDINT_H 1
| #define HAVE_UNISTD_H 1
| #define HAVE_DLFCN_H 1
| #define LT_OBJDIR ".libs/"
| #define HAVE_SYMLINK 1
| #define HAVE_ERR_H 1
| #define HAVE_ASPRINTF 1
| #define HAVE_INET_PTON 1
| #define HAVE_MEMMEM 1
| #define HAVE_STRNDUP 1
| #define HAVE_STRNLEN 1
| #define HAVE_STRSEP 1
| #define HAVE_TIMEGM 1
| #define HAVE_ACCEPT4 1
| #define HAVE_POLL 1
| #define HAVE_GETAUXVAL 1
| #define HAVE_VA_COPY 1
| #define HAVE___VA_COPY 1
| /* end confdefs.h.  */
| 
| /* Override any GCC internal prototype to avoid an error.
|    Use char because int might match the return type of a GCC
|    builtin and then its argument prototype would still apply.  */
| #ifdef __cplusplus
| extern "C"
| #endif
| char b64_ntop ();
| int
| main ()
| {
| return b64_ntop ();
|   ;
|   return 0;
| }
configure:13502: result: no
configure:13510: checking for library containing __b64_ntop
configure:13541: gcc -std=gnu99 -o conftest -g -O2 -Wall -std=gnu99 -fno-strict-aliasing  -fno-strict-overflow -D_FORTIFY_SOURCE=2 -fstack-protector-strong -DHAVE_GNU_STACK  -Wno-pointer-sign  -D_DEFAULT_SOURCE -D_BSD_SOURCE -D_POSIX_SOURCE -D_GNU_SOURCE   -Wl,-z,relro -Wl,-z,now  conftest.c  >&5
/tmp/ccxWIbD9.o: In function `main':
/home/anselm/src/lib/libressl/conftest.c:48: undefined reference to `__b64_ntop'
collect2: error: ld returned 1 exit status
configure:13541: $? = 1
configure: failed program was:
| /* confdefs.h */
| #define PACKAGE_NAME "libressl"
| #define PACKAGE_TARNAME "libressl"
| #define PACKAGE_VERSION "2.3.3"
| #define PACKAGE_STRING "libressl 2.3.3"
| #define PACKAGE_BUGREPORT ""
| #define PACKAGE_URL ""
| #define PACKAGE "libressl"
| #define VERSION "2.3.3"
| #define STDC_HEADERS 1
| #define HAVE_SYS_TYPES_H 1
| #define HAVE_SYS_STAT_H 1
| #define HAVE_STDLIB_H 1
| #define HAVE_STRING_H 1
| #define HAVE_MEMORY_H 1
| #define HAVE_STRINGS_H 1
| #define HAVE_INTTYPES_H 1
| #define HAVE_STDINT_H 1
| #define HAVE_UNISTD_H 1
| #define HAVE_DLFCN_H 1
| #define LT_OBJDIR ".libs/"
| #define HAVE_SYMLINK 1
| #define HAVE_ERR_H 1
| #define HAVE_ASPRINTF 1
| #define HAVE_INET_PTON 1
| #define HAVE_MEMMEM 1
| #define HAVE_STRNDUP 1
| #define HAVE_STRNLEN 1
| #define HAVE_STRSEP 1
| #define HAVE_TIMEGM 1
| #define HAVE_ACCEPT4 1
| #define HAVE_POLL 1
| #define HAVE_GETAUXVAL 1
| #define HAVE_VA_COPY 1
| #define HAVE___VA_COPY 1
| /* end confdefs.h.  */
| 
| /* Override any GCC internal prototype to avoid an error.
|    Use char because int might match the return type of a GCC
|    builtin and then its argument prototype would still apply.  */
| #ifdef __cplusplus
| extern "C"
| #endif
| char __b64_ntop ();
| int
| main ()
| {
| return __b64_ntop ();
|   ;
|   return 0;
| }
configure:13541: gcc -std=gnu99 -o conftest -g -O2 -Wall -std=gnu99 -fno-strict-aliasing  -fno-strict-overflow -D_FORTIFY_SOURCE=2 -fstack-protector-strong -DHAVE_GNU_STACK  -Wno-pointer-sign  -D_DEFAULT_SOURCE -D_BSD_SOURCE -D_POSIX_SOURCE -D_GNU_SOURCE   -Wl,-z,relro -Wl,-z,now  conftest.c -lresolv   >&5
configure:13541: $? = 0
configure:13558: result: -lresolv
configure:13566: checking for b64_ntop
configure:13589: gcc -std=gnu99 -o conftest -g -O2 -Wall -std=gnu99 -fno-strict-aliasing  -fno-strict-overflow -D_FORTIFY_SOURCE=2 -fstack-protector-strong -DHAVE_GNU_STACK  -Wno-pointer-sign  -D_DEFAULT_SOURCE -D_BSD_SOURCE -D_POSIX_SOURCE -D_GNU_SOURCE   -Wl,-z,relro -Wl,-z,now  conftest.c -lresolv  >&5
configure:13589: $? = 0
configure:13599: result: yes
configure:13645: checking if BSWAP4 builds without __STRICT_ALIGNMENT
configure:13658: gcc -std=gnu99 -c -g -O2 -Wall -std=gnu99 -fno-strict-aliasing  -fno-strict-overflow -D_FORTIFY_SOURCE=2 -fstack-protector-strong -DHAVE_GNU_STACK  -Wno-pointer-sign -I./include  -D_DEFAULT_SOURCE -D_BSD_SOURCE -D_POSIX_SOURCE -D_GNU_SOURCE conftest.c >&5
In file included from conftest.c:37:0:
./crypto/modes/modes_lcl.h:9:28: fatal error: machine/endian.h: No such file or directory
 #include <machine/endian.h>
                            ^
compilation terminated.
configure:13658: $? = 1
configure: failed program was:
| /* confdefs.h */
| #define PACKAGE_NAME "libressl"
| #define PACKAGE_TARNAME "libressl"
| #define PACKAGE_VERSION "2.3.3"
| #define PACKAGE_STRING "libressl 2.3.3"
| #define PACKAGE_BUGREPORT ""
| #define PACKAGE_URL ""
| #define PACKAGE "libressl"
| #define VERSION "2.3.3"
| #define STDC_HEADERS 1
| #define HAVE_SYS_TYPES_H 1
| #define HAVE_SYS_STAT_H 1
| #define HAVE_STDLIB_H 1
| #define HAVE_STRING_H 1
| #define HAVE_MEMORY_H 1
| #define HAVE_STRINGS_H 1
| #define HAVE_INTTYPES_H 1
| #define HAVE_STDINT_H 1
| #define HAVE_UNISTD_H 1
| #define HAVE_DLFCN_H 1
| #define LT_OBJDIR ".libs/"
| #define HAVE_SYMLINK 1
| #define HAVE_ERR_H 1
| #define HAVE_ASPRINTF 1
| #define HAVE_INET_PTON 1
| #define HAVE_MEMMEM 1
| #define HAVE_STRNDUP 1
| #define HAVE_STRNLEN 1
| #define HAVE_STRSEP 1
| #define HAVE_TIMEGM 1
| #define HAVE_ACCEPT4 1
| #define HAVE_POLL 1
| #define HAVE_GETAUXVAL 1
| #define HAVE_VA_COPY 1
| #define HAVE___VA_COPY 1
| /* end confdefs.h.  */
| #include "./crypto/modes/modes_lcl.h"
| int
| main ()
| {
| int a = 0; BSWAP4(a);
|   ;
|   return 0;
| }
configure:13663: result: no
configure:13687: checking if .gnu.warning accepts long strings
configure:13697: gcc -std=gnu99 -o conftest -g -O2 -Wall -std=gnu99 -fno-strict-aliasing  -fno-strict-overflow -D_FORTIFY_SOURCE=2 -fstack-protector-strong -DHAVE_GNU_STACK  -Wno-pointer-sign  -D_DEFAULT_SOURCE -D_BSD_SOURCE -D_POSIX_SOURCE -D_GNU_SOURCE   -Wl,-z,relro -Wl,-z,now  conftest.c -lresolv  >&5
configure:13697: $? = 0
configure:13702: result: yes
configure:13751: checking size of time_t
configure:13756: gcc -std=gnu99 -o conftest -g -O2 -Wall -std=gnu99 -fno-strict-aliasing  -fno-strict-overflow -D_FORTIFY_SOURCE=2 -fstack-protector-strong -DHAVE_GNU_STACK  -Wno-pointer-sign  -D_DEFAULT_SOURCE -D_BSD_SOURCE -D_POSIX_SOURCE -D_GNU_SOURCE   -Wl,-z,relro -Wl,-z,now  conftest.c -lresolv  >&5
configure:13756: $? = 0
configure:13756: ./conftest
configure:13756: $? = 0
configure:13770: result: 8
configure:13944: checking that generated files are newer than configure
configure:13950: result: done
configure:14149: creating ./config.status

## ---------------------- ##
## Running config.status. ##
## ---------------------- ##

This file was extended by libressl config.status 2.3.3, which was
generated by GNU Autoconf 2.69.  Invocation command line was

  CONFIG_FILES    = 
  CONFIG_HEADERS  = 
  CONFIG_LINKS    = 
  CONFIG_COMMANDS = 
  $ ./config.status 

on stali

config.status:1113: creating Makefile
config.status:1113: creating include/Makefile
config.status:1113: creating include/openssl/Makefile
config.status:1113: creating crypto/Makefile
config.status:1113: creating ssl/Makefile
config.status:1113: creating tls/Makefile
config.status:1113: creating tests/Makefile
config.status:1113: creating apps/Makefile
config.status:1113: creating apps/openssl/Makefile
config.status:1113: creating apps/nc/Makefile
config.status:1113: creating man/Makefile
config.status:1113: creating libcrypto.pc
config.status:1113: creating libssl.pc
config.status:1113: creating libtls.pc
config.status:1113: creating openssl.pc
config.status:1285: executing depfiles commands
config.status:1285: executing libtool commands

## ---------------- ##
## Cache variables. ##
## ---------------- ##

ac_cv_build=x86_64-pc-linux-gnu
ac_cv_c_compiler_gnu=yes
ac_cv_env_CCASFLAGS_set=
ac_cv_env_CCASFLAGS_value=
ac_cv_env_CCAS_set=
ac_cv_env_CCAS_value=
ac_cv_env_CC_set=
ac_cv_env_CC_value=
ac_cv_env_CFLAGS_set=
ac_cv_env_CFLAGS_value=
ac_cv_env_CPPFLAGS_set=
ac_cv_env_CPPFLAGS_value=
ac_cv_env_CPP_set=
ac_cv_env_CPP_value=
ac_cv_env_LDFLAGS_set=
ac_cv_env_LDFLAGS_value=
ac_cv_env_LIBS_set=
ac_cv_env_LIBS_value=
ac_cv_env_build_alias_set=
ac_cv_env_build_alias_value=
ac_cv_env_host_alias_set=
ac_cv_env_host_alias_value=
ac_cv_env_target_alias_set=
ac_cv_env_target_alias_value=
ac_cv_func__mkgmtime=no
ac_cv_func_accept4=yes
ac_cv_func_arc4random=no
ac_cv_func_arc4random_buf=no
ac_cv_func_arc4random_uniform=no
ac_cv_func_asprintf=yes
ac_cv_func_clock_gettime=yes
ac_cv_func_dl_iterate_phdr=yes
ac_cv_func_explicit_bzero=no
ac_cv_func_funopen=no
ac_cv_func_getauxval=yes
ac_cv_func_getentropy=no
ac_cv_func_inet_pton=yes
ac_cv_func_memmem=yes
ac_cv_func_pledge=no
ac_cv_func_poll=yes
ac_cv_func_readpassphrase=no
ac_cv_func_reallocarray=no
ac_cv_func_strlcat=no
ac_cv_func_strlcpy=no
ac_cv_func_strndup=yes
ac_cv_func_strnlen=yes
ac_cv_func_strsep=yes
ac_cv_func_strtonum=no
ac_cv_func_symlink=yes
ac_cv_func_timegm=yes
ac_cv_func_timingsafe_bcmp=no
ac_cv_func_timingsafe_memcmp=no
ac_cv_have___va_copy=yes
ac_cv_have_b64_ntop_arg=yes
ac_cv_have_va_copy=yes
ac_cv_header_dlfcn_h=yes
ac_cv_header_err_h=yes
ac_cv_header_inttypes_h=yes
ac_cv_header_memory_h=yes
ac_cv_header_readpassphrase_h=no
ac_cv_header_stdc=yes
ac_cv_header_stdint_h=yes
ac_cv_header_stdlib_h=yes
ac_cv_header_string_h=yes
ac_cv_header_strings_h=yes
ac_cv_header_sys_stat_h=yes
ac_cv_header_sys_types_h=yes
ac_cv_header_unistd_h=yes
ac_cv_host=x86_64-pc-linux-gnu
ac_cv_objext=o
ac_cv_path_EGREP='/bin/grep -E'
ac_cv_path_FGREP='/bin/grep -F'
ac_cv_path_GREP=/bin/grep
ac_cv_path_SED=/bin/sed
ac_cv_path_install='/usr/bin/install -c'
ac_cv_path_mkdir=/bin/mkdir
ac_cv_prog_AWK=mawk
ac_cv_prog_CPP='gcc -std=gnu99 -E'
ac_cv_prog_ac_ct_AR=ar
ac_cv_prog_ac_ct_CC=gcc
ac_cv_prog_ac_ct_MANIFEST_TOOL=mt
ac_cv_prog_ac_ct_OBJDUMP=objdump
ac_cv_prog_ac_ct_RANLIB=ranlib
ac_cv_prog_ac_ct_STRIP=strip
ac_cv_prog_cc_c89=
ac_cv_prog_cc_c99=-std=gnu99
ac_cv_prog_cc_g=yes
ac_cv_prog_cc_stdc=-std=gnu99
ac_cv_prog_make_make_set=yes
ac_cv_search___b64_ntop=-lresolv
ac_cv_search_b64_ntop=no
ac_cv_sizeof_time_t=8
am_cv_CCAS_dependencies_compiler_type=gcc3
am_cv_CC_dependencies_compiler_type=gcc3
am_cv_make_support_nested_variables=yes
am_cv_prog_cc_c_o=yes
lt_cv_ar_at_file=@
lt_cv_archive_cmds_need_lc=no
lt_cv_deplibs_check_method=pass_all
lt_cv_file_magic_cmd='$MAGIC_CMD'
lt_cv_file_magic_test_file=
lt_cv_ld_reload_flag=-r
lt_cv_nm_interface='BSD nm'
lt_cv_objdir=.libs
lt_cv_path_LD=/usr/bin/ld
lt_cv_path_NM='/usr/bin/nm -B'
lt_cv_path_mainfest_tool=no
lt_cv_prog_compiler_c_o=yes
lt_cv_prog_compiler_pic='-fPIC -DPIC'
lt_cv_prog_compiler_pic_works=yes
lt_cv_prog_compiler_rtti_exceptions=no
lt_cv_prog_compiler_static_works=yes
lt_cv_prog_gnu_ld=yes
lt_cv_sharedlib_from_linklib_cmd='printf %s\n'
lt_cv_shlibpath_overrides_runpath=no
lt_cv_sys_global_symbol_pipe='sed -n -e '\''s/^.*[	 ]\([ABCDGIRSTW][ABCDGIRSTW]*\)[	 ][	 ]*\([_A-Za-z][_A-Za-z0-9]*\)$/\1 \2 \2/p'\'' | sed '\''/ __gnu_lto/d'\'''
lt_cv_sys_global_symbol_to_c_name_address='sed -n -e '\''s/^: \([^ ]*\)[ ]*$/  {\"\1\", (void *) 0},/p'\'' -e '\''s/^[ABCDGIRSTW]* \([^ ]*\) \([^ ]*\)$/  {"\2", (void *) \&\2},/p'\'''
lt_cv_sys_global_symbol_to_c_name_address_lib_prefix='sed -n -e '\''s/^: \([^ ]*\)[ ]*$/  {\"\1\", (void *) 0},/p'\'' -e '\''s/^[ABCDGIRSTW]* \([^ ]*\) \(lib[^ ]*\)$/  {"\2", (void *) \&\2},/p'\'' -e '\''s/^[ABCDGIRSTW]* \([^ ]*\) \([^ ]*\)$/  {"lib\2", (void *) \&\2},/p'\'''
lt_cv_sys_global_symbol_to_cdecl='sed -n -e '\''s/^T .* \(.*\)$/extern int \1();/p'\'' -e '\''s/^[ABCDGIRSTW]* .* \(.*\)$/extern char \1;/p'\'''
lt_cv_sys_max_cmd_len=1572864
lt_cv_to_host_file_cmd=func_convert_file_noop
lt_cv_to_tool_file_cmd=func_convert_file_noop

## ----------------- ##
## Output variables. ##
## ----------------- ##

ACLOCAL='${SHELL} /home/anselm/src/lib/libressl/missing aclocal-1.15'
AMDEPBACKSLASH='\'
AMDEP_FALSE='#'
AMDEP_TRUE=''
AMTAR='$${TAR-tar}'
AM_BACKSLASH='\'
AM_DEFAULT_V='$(AM_DEFAULT_VERBOSITY)'
AM_DEFAULT_VERBOSITY='0'
AM_V='$(V)'
AR='ar'
AUTOCONF='${SHELL} /home/anselm/src/lib/libressl/missing autoconf'
AUTOHEADER='${SHELL} /home/anselm/src/lib/libressl/missing autoheader'
AUTOMAKE='${SHELL} /home/anselm/src/lib/libressl/missing automake-1.15'
AWK='mawk'
BUILD_CERTHASH_FALSE='#'
BUILD_CERTHASH_TRUE=''
BUILD_NC_FALSE='#'
BUILD_NC_TRUE=''
CC='gcc -std=gnu99'
CCAS='gcc -std=gnu99'
CCASDEPMODE='depmode=gcc3'
CCASFLAGS='-g -O2 -Wall -std=gnu99 -fno-strict-aliasing  -fno-strict-overflow -D_FORTIFY_SOURCE=2 -fstack-protector-strong -DHAVE_GNU_STACK'
CCDEPMODE='depmode=gcc3'
CFLAGS='-g -O2 -Wall -std=gnu99 -fno-strict-aliasing  -fno-strict-overflow -D_FORTIFY_SOURCE=2 -fstack-protector-strong -DHAVE_GNU_STACK  -Wno-pointer-sign'
CPP='gcc -std=gnu99 -E'
CPPFLAGS=' -D_DEFAULT_SOURCE -D_BSD_SOURCE -D_POSIX_SOURCE -D_GNU_SOURCE'
CYGPATH_W='echo'
DEFS='-DPACKAGE_NAME=\"libressl\" -DPACKAGE_TARNAME=\"libressl\" -DPACKAGE_VERSION=\"2.3.3\" -DPACKAGE_STRING=\"libressl\ 2.3.3\" -DPACKAGE_BUGREPORT=\"\" -DPACKAGE_URL=\"\" -DPACKAGE=\"libressl\" -DVERSION=\"2.3.3\" -DSTDC_HEADERS=1 -DHAVE_SYS_TYPES_H=1 -DHAVE_SYS_STAT_H=1 -DHAVE_STDLIB_H=1 -DHAVE_STRING_H=1 -DHAVE_MEMORY_H=1 -DHAVE_STRINGS_H=1 -DHAVE_INTTYPES_H=1 -DHAVE_STDINT_H=1 -DHAVE_UNISTD_H=1 -DHAVE_DLFCN_H=1 -DLT_OBJDIR=\".libs/\" -DHAVE_SYMLINK=1 -DHAVE_ERR_H=1 -DHAVE_ASPRINTF=1 -DHAVE_INET_PTON=1 -DHAVE_MEMMEM=1 -DHAVE_STRNDUP=1 -DHAVE_STRNLEN=1 -DHAVE_STRSEP=1 -DHAVE_TIMEGM=1 -DHAVE_ACCEPT4=1 -DHAVE_POLL=1 -DHAVE_GETAUXVAL=1 -DHAVE_VA_COPY=1 -DHAVE___VA_COPY=1 -DHAS_GNU_WARNING_LONG=1 -DSIZEOF_TIME_T=8'
DEPDIR='.deps'
DLLTOOL='false'
DSYMUTIL=''
DUMPBIN=''
ECHO_C=''
ECHO_N='-n'
ECHO_T=''
EGREP='/bin/grep -E'
ENABLE_EXTRATESTS_FALSE=''
ENABLE_EXTRATESTS_TRUE='#'
ENABLE_NC_FALSE=''
ENABLE_NC_TRUE='#'
EXEEXT=''
FGREP='/bin/grep -F'
GREP='/bin/grep'
HAVE_ACCEPT4_FALSE='#'
HAVE_ACCEPT4_TRUE=''
HAVE_ARC4RANDOM_BUF_FALSE=''
HAVE_ARC4RANDOM_BUF_TRUE='#'
HAVE_ARC4RANDOM_FALSE=''
HAVE_ARC4RANDOM_TRUE='#'
HAVE_ARC4RANDOM_UNIFORM_FALSE=''
HAVE_ARC4RANDOM_UNIFORM_TRUE='#'
HAVE_ASPRINTF_FALSE='#'
HAVE_ASPRINTF_TRUE=''
HAVE_B64_NTOP_FALSE=''
HAVE_B64_NTOP_TRUE='#'
HAVE_EXPLICIT_BZERO_FALSE=''
HAVE_EXPLICIT_BZERO_TRUE='#'
HAVE_GETENTROPY_FALSE=''
HAVE_GETENTROPY_TRUE='#'
HAVE_INET_PTON_FALSE='#'
HAVE_INET_PTON_TRUE=''
HAVE_MEMMEM_FALSE='#'
HAVE_MEMMEM_TRUE=''
HAVE_PLEDGE_FALSE=''
HAVE_PLEDGE_TRUE='#'
HAVE_POLL_FALSE='#'
HAVE_POLL_TRUE=''
HAVE_READPASSPHRASE_FALSE=''
HAVE_READPASSPHRASE_TRUE='#'
HAVE_REALLOCARRAY_FALSE=''
HAVE_REALLOCARRAY_TRUE='#'
HAVE_STRLCAT_FALSE=''
HAVE_STRLCAT_TRUE='#'
HAVE_STRLCPY_FALSE=''
HAVE_STRLCPY_TRUE='#'
HAVE_STRNDUP_FALSE='#'
HAVE_STRNDUP_TRUE=''
HAVE_STRNLEN_FALSE='#'
HAVE_STRNLEN_TRUE=''
HAVE_STRSEP_FALSE='#'
HAVE_STRSEP_TRUE=''
HAVE_STRTONUM_FALSE=''
HAVE_STRTONUM_TRUE='#'
HAVE_TIMEGM_FALSE='#'
HAVE_TIMEGM_TRUE=''
HAVE_TIMINGSAFE_BCMP_FALSE=''
HAVE_TIMINGSAFE_BCMP_TRUE='#'
HAVE_TIMINGSAFE_MEMCMP_FALSE=''
HAVE_TIMINGSAFE_MEMCMP_TRUE='#'
HOST_AIX_FALSE=''
HOST_AIX_TRUE='#'
HOST_ASM_ELF_X86_64_FALSE='#'
HOST_ASM_ELF_X86_64_TRUE=''
HOST_ASM_MACOSX_X86_64_FALSE=''
HOST_ASM_MACOSX_X86_64_TRUE='#'
HOST_CYGWIN_FALSE=''
HOST_CYGWIN_TRUE='#'
HOST_DARWIN_FALSE=''
HOST_DARWIN_TRUE='#'
HOST_FREEBSD_FALSE=''
HOST_FREEBSD_TRUE='#'
HOST_HPUX_FALSE=''
HOST_HPUX_TRUE='#'
HOST_LINUX_FALSE='#'
HOST_LINUX_TRUE=''
HOST_NETBSD_FALSE=''
HOST_NETBSD_TRUE='#'
HOST_OPENBSD_FALSE=''
HOST_OPENBSD_TRUE='#'
HOST_SOLARIS_FALSE=''
HOST_SOLARIS_TRUE='#'
HOST_WIN_FALSE=''
HOST_WIN_TRUE='#'
INSTALL_DATA='${INSTALL} -m 644'
INSTALL_PROGRAM='${INSTALL}'
INSTALL_SCRIPT='${INSTALL}'
INSTALL_STRIP_PROGRAM='$(install_sh) -c -s'
LD='/usr/bin/ld -m elf_x86_64'
LDFLAGS='  -Wl,-z,relro -Wl,-z,now '
LIBCRYPTO_VERSION='37:0:0'
LIBOBJS=''
LIBS='-lresolv '
LIBSSL_VERSION='38:0:0'
LIBTLS_VERSION='10:0:0'
LIBTOOL='$(SHELL) $(top_builddir)/libtool'
LIPO=''
LN_S='ln -s'
LTLIBOBJS=''
MAKEINFO='${SHELL} /home/anselm/src/lib/libressl/missing makeinfo'
MANIFEST_TOOL=':'
MKDIR_P='/bin/mkdir -p'
NM='/usr/bin/nm -B'
NMEDIT=''
OBJDUMP='objdump'
OBJEXT='o'
OPENSSLDIR=''
OPENSSLDIR_DEFINED_FALSE=''
OPENSSLDIR_DEFINED_TRUE='#'
OPENSSL_NO_ASM_FALSE=''
OPENSSL_NO_ASM_TRUE='#'
OTOOL64=''
OTOOL=''
PACKAGE='libressl'
PACKAGE_BUGREPORT=''
PACKAGE_NAME='libressl'
PACKAGE_STRING='libressl 2.3.3'
PACKAGE_TARNAME='libressl'
PACKAGE_URL=''
PACKAGE_VERSION='2.3.3'
PATH_SEPARATOR=':'
PLATFORM_LDADD=''
PROG_LDADD=''
RANLIB='ranlib'
SED='/bin/sed'
SET_MAKE=''
SHELL='/bin/bash'
SMALL_TIME_T_FALSE=''
SMALL_TIME_T_TRUE='#'
STRIP='strip'
VERSION='2.3.3'
ac_ct_AR='ar'
ac_ct_CC='gcc'
ac_ct_DUMPBIN=''
am__EXEEXT_FALSE=''
am__EXEEXT_TRUE='#'
am__fastdepCCAS_FALSE='#'
am__fastdepCCAS_TRUE=''
am__fastdepCC_FALSE='#'
am__fastdepCC_TRUE=''
am__include='include'
am__isrc=''
am__leading_dot='.'
am__nodep='_no'
am__quote=''
am__tar='$${TAR-tar} chof - "$$tardir"'
am__untar='$${TAR-tar} xf -'
bindir='${exec_prefix}/bin'
build='x86_64-pc-linux-gnu'
build_alias=''
build_cpu='x86_64'
build_os='linux-gnu'
build_vendor='pc'
datadir='${datarootdir}'
datarootdir='${prefix}/share'
docdir='${datarootdir}/doc/${PACKAGE_TARNAME}'
dvidir='${docdir}'
exec_prefix='${prefix}'
host='x86_64-pc-linux-gnu'
host_alias=''
host_cpu='x86_64'
host_os='linux-gnu'
host_vendor='pc'
htmldir='${docdir}'
includedir='${prefix}/include'
infodir='${datarootdir}/info'
install_sh='${SHELL} /home/anselm/src/lib/libressl/install-sh'
libdir='${exec_prefix}/lib'
libexecdir='${exec_prefix}/libexec'
localedir='${datarootdir}/locale'
localstatedir='${prefix}/var'
mandir='${datarootdir}/man'
mkdir_p='$(MKDIR_P)'
oldincludedir='/usr/include'
pdfdir='${docdir}'
prefix='/usr/local'
program_transform_name='s,x,x,'
psdir='${docdir}'
sbindir='${exec_prefix}/sbin'
sharedstatedir='${prefix}/com'
sysconfdir='${prefix}/etc'
target_alias=''

## ----------- ##
## confdefs.h. ##
## ----------- ##

/* confdefs.h */
#define PACKAGE_NAME "libressl"
#define PACKAGE_TARNAME "libressl"
#define PACKAGE_VERSION "2.3.3"
#define PACKAGE_STRING "libressl 2.3.3"
#define PACKAGE_BUGREPORT ""
#define PACKAGE_URL ""
#define PACKAGE "libressl"
#define VERSION "2.3.3"
#define STDC_HEADERS 1
#define HAVE_SYS_TYPES_H 1
#define HAVE_SYS_STAT_H 1
#define HAVE_STDLIB_H 1
#define HAVE_STRING_H 1
#define HAVE_MEMORY_H 1
#define HAVE_STRINGS_H 1
#define HAVE_INTTYPES_H 1
#define HAVE_STDINT_H 1
#define HAVE_UNISTD_H 1
#define HAVE_DLFCN_H 1
#define LT_OBJDIR ".libs/"
#define HAVE_SYMLINK 1
#define HAVE_ERR_H 1
#define HAVE_ASPRINTF 1
#define HAVE_INET_PTON 1
#define HAVE_MEMMEM 1
#define HAVE_STRNDUP 1
#define HAVE_STRNLEN 1
#define HAVE_STRSEP 1
#define HAVE_TIMEGM 1
#define HAVE_ACCEPT4 1
#define HAVE_POLL 1
#define HAVE_GETAUXVAL 1
#define HAVE_VA_COPY 1
#define HAVE___VA_COPY 1
#define HAS_GNU_WARNING_LONG 1
#define SIZEOF_TIME_T 8

configure: exit 0
