This file contains any messages produced by compilers while
running configure, to aid debugging if configure makes a mistake.

It was created by expat configure 2.1.1, which was
generated by GNU Autoconf 2.69.  Invocation command line was

  $ ./configure 

## --------- ##
## Platform. ##
## --------- ##

hostname = stali
uname -m = x86_64
uname -r = 3.16.0-4-amd64
uname -s = Linux
uname -v = #1 SMP Debian 3.16.7-ckt11-1 (2015-05-24)

/usr/bin/uname -p = unknown
/bin/uname -X     = unknown

/bin/arch              = unknown
/usr/bin/arch -k       = unknown
/usr/convex/getsysinfo = unknown
/usr/bin/hostinfo      = unknown
/bin/machine           = unknown
/usr/bin/oslevel       = unknown
/bin/universe          = unknown

PATH: /usr/local/bin
PATH: /usr/bin
PATH: /bin
PATH: /usr/local/games
PATH: /usr/games


## ----------- ##
## Core tests. ##
## ----------- ##

configure:2403: checking build system type
configure:2417: result: x86_64-unknown-linux-gnu
configure:2437: checking host system type
configure:2450: result: x86_64-unknown-linux-gnu
configure:2819: checking how to print strings
configure:2846: result: printf
configure:2915: checking for gcc
configure:2931: found /usr/bin/gcc
configure:2942: result: gcc
configure:3171: checking for C compiler version
configure:3180: gcc --version >&5
gcc (Debian 4.9.2-10) 4.9.2
Copyright (C) 2014 Free Software Foundation, Inc.
This is free software; see the source for copying conditions.  There is NO
warranty; not even for MERCHANTABILITY or FITNESS FOR A PARTICULAR PURPOSE.

configure:3191: $? = 0
configure:3180: gcc -v >&5
Using built-in specs.
COLLECT_GCC=gcc
COLLECT_LTO_WRAPPER=/usr/lib/gcc/x86_64-linux-gnu/4.9/lto-wrapper
Target: x86_64-linux-gnu
Configured with: ../src/configure -v --with-pkgversion='Debian 4.9.2-10' --with-bugurl=file:///usr/share/doc/gcc-4.9/README.Bugs --enable-languages=c,c++,java,go,d,fortran,objc,obj-c++ --prefix=/usr --program-suffix=-4.9 --enable-shared --enable-linker-build-id --libexecdir=/usr/lib --without-included-gettext --enable-threads=posix --with-gxx-include-dir=/usr/include/c++/4.9 --libdir=/usr/lib --enable-nls --with-sysroot=/ --enable-clocale=gnu --enable-libstdcxx-debug --enable-libstdcxx-time=yes --enable-gnu-unique-object --disable-vtable-verify --enable-plugin --with-system-zlib --disable-browser-plugin --enable-java-awt=gtk --enable-gtk-cairo --with-java-home=/usr/lib/jvm/java-1.5.0-gcj-4.9-amd64/jre --enable-java-home --with-jvm-root-dir=/usr/lib/jvm/java-1.5.0-gcj-4.9-amd64 --with-jvm-jar-dir=/usr/lib/jvm-exports/java-1.5.0-gcj-4.9-amd64 --with-arch-directory=amd64 --with-ecj-jar=/usr/share/java/eclipse-ecj.jar --enable-objc-gc --enable-multiarch --with-arch-32=i586 --with-abi=m64 --with-multilib-list=m32,m64,mx32 --enable-multilib --with-tune=generic --enable-checking=release --build=x86_64-linux-gnu --host=x86_64-linux-gnu --target=x86_64-linux-gnu
Thread model: posix
gcc version 4.9.2 (Debian 4.9.2-10) 
configure:3191: $? = 0
configure:3180: gcc -V >&5
gcc: error: unrecognized command line option '-V'
gcc: fatal error: no input files
compilation terminated.
configure:3191: $? = 4
configure:3180: gcc -qversion >&5
gcc: error: unrecognized command line option '-qversion'
gcc: fatal error: no input files
compilation terminated.
configure:3191: $? = 4
configure:3211: checking whether the C compiler works
configure:3233: gcc    conftest.c  >&5
configure:3237: $? = 0
configure:3285: result: yes
configure:3288: checking for C compiler default output file name
configure:3290: result: a.out
configure:3296: checking for suffix of executables
configure:3303: gcc -o conftest    conftest.c  >&5
configure:3307: $? = 0
configure:3329: result: 
configure:3351: checking whether we are cross compiling
configure:3359: gcc -o conftest    conftest.c  >&5
configure:3363: $? = 0
configure:3370: ./conftest
configure:3374: $? = 0
configure:3389: result: no
configure:3394: checking for suffix of object files
configure:3416: gcc -c   conftest.c >&5
configure:3420: $? = 0
configure:3441: result: o
configure:3445: checking whether we are using the GNU C compiler
configure:3464: gcc -c   conftest.c >&5
configure:3464: $? = 0
configure:3473: result: yes
configure:3482: checking whether gcc accepts -g
configure:3502: gcc -c -g  conftest.c >&5
configure:3502: $? = 0
configure:3543: result: yes
configure:3560: checking for gcc option to accept ISO C89
configure:3623: gcc  -c -g -O2  conftest.c >&5
configure:3623: $? = 0
configure:3636: result: none needed
configure:3656: checking for a sed that does not truncate output
configure:3720: result: /bin/sed
configure:3738: checking for grep that handles long lines and -e
configure:3796: result: /bin/grep
configure:3801: checking for egrep
configure:3863: result: /bin/grep -E
configure:3868: checking for fgrep
configure:3930: result: /bin/grep -F
configure:3965: checking for ld used by gcc
configure:4032: result: /usr/bin/ld
configure:4039: checking if the linker (/usr/bin/ld) is GNU ld
configure:4054: result: yes
configure:4066: checking for BSD- or MS-compatible name lister (nm)
configure:4115: result: /usr/bin/nm -B
configure:4245: checking the name lister (/usr/bin/nm -B) interface
configure:4252: gcc -c -g -O2  conftest.c >&5
configure:4255: /usr/bin/nm -B "conftest.o"
configure:4258: output
0000000000000000 B some_variable
configure:4265: result: BSD nm
configure:4268: checking whether ln -s works
configure:4272: result: yes
configure:4280: checking the maximum length of command line arguments
configure:4411: result: 1572864
configure:4428: checking whether the shell understands some XSI constructs
configure:4438: result: yes
configure:4442: checking whether the shell understands "+="
configure:4448: result: yes
configure:4483: checking how to convert x86_64-unknown-linux-gnu file names to x86_64-unknown-linux-gnu format
configure:4523: result: func_convert_file_noop
configure:4530: checking how to convert x86_64-unknown-linux-gnu file names to toolchain format
configure:4550: result: func_convert_file_noop
configure:4557: checking for /usr/bin/ld option to reload object files
configure:4564: result: -r
configure:4638: checking for objdump
configure:4665: result: objdump
configure:4694: checking how to recognize dependent libraries
configure:4892: result: pass_all
configure:4977: checking for dlltool
configure:5004: result: dlltool
configure:5034: checking how to associate runtime and link libraries
configure:5061: result: printf %s\n
configure:5122: checking for ar
configure:5138: found /usr/bin/ar
configure:5149: result: ar
configure:5186: checking for archiver @FILE support
configure:5203: gcc -c -g -O2  conftest.c >&5
configure:5203: $? = 0
configure:5206: ar cru libconftest.a @conftest.lst >&5
configure:5209: $? = 0
configure:5214: ar cru libconftest.a @conftest.lst >&5
ar: conftest.o: No such file or directory
configure:5217: $? = 1
configure:5229: result: @
configure:5287: checking for strip
configure:5303: found /usr/bin/strip
configure:5314: result: strip
configure:5386: checking for ranlib
configure:5402: found /usr/bin/ranlib
configure:5413: result: ranlib
configure:5490: checking for gawk
configure:5520: result: no
configure:5490: checking for mawk
configure:5506: found /usr/bin/mawk
configure:5517: result: mawk
configure:5557: checking command to parse /usr/bin/nm -B output from gcc object
configure:5677: gcc -c -g -O2  conftest.c >&5
configure:5680: $? = 0
configure:5684: /usr/bin/nm -B conftest.o \| sed -n -e 's/^.*[ ]\([ABCDGIRSTW][ABCDGIRSTW]*\)[ ][ ]*\([_A-Za-z][_A-Za-z0-9]*\)$/\1 \2 \2/p' | sed '/ __gnu_lto/d' \> conftest.nm
configure:5687: $? = 0
configure:5753: gcc -o conftest -g -O2   conftest.c conftstm.o >&5
configure:5756: $? = 0
configure:5794: result: ok
configure:5831: checking for sysroot
configure:5861: result: no
configure:5938: gcc -c -g -O2  conftest.c >&5
configure:5941: $? = 0
configure:6130: checking for mt
configure:6146: found /bin/mt
configure:6157: result: mt
configure:6180: checking if mt is a manifest tool
configure:6186: mt '-?'
configure:6194: result: no
configure:6836: checking how to run the C preprocessor
configure:6867: gcc -E  conftest.c
configure:6867: $? = 0
configure:6881: gcc -E  conftest.c
conftest.c:9:28: fatal error: ac_nonexistent.h: No such file or directory
 #include <ac_nonexistent.h>
                            ^
compilation terminated.
configure:6881: $? = 1
configure: failed program was:
| /* confdefs.h */
| #define PACKAGE_NAME "expat"
| #define PACKAGE_TARNAME "expat"
| #define PACKAGE_VERSION "2.1.1"
| #define PACKAGE_STRING "expat 2.1.1"
| #define PACKAGE_BUGREPORT "expat-bugs@libexpat.org"
| #define PACKAGE_URL ""
| /* end confdefs.h.  */
| #include <ac_nonexistent.h>
configure:6906: result: gcc -E
configure:6926: gcc -E  conftest.c
configure:6926: $? = 0
configure:6940: gcc -E  conftest.c
conftest.c:9:28: fatal error: ac_nonexistent.h: No such file or directory
 #include <ac_nonexistent.h>
                            ^
compilation terminated.
configure:6940: $? = 1
configure: failed program was:
| /* confdefs.h */
| #define PACKAGE_NAME "expat"
| #define PACKAGE_TARNAME "expat"
| #define PACKAGE_VERSION "2.1.1"
| #define PACKAGE_STRING "expat 2.1.1"
| #define PACKAGE_BUGREPORT "expat-bugs@libexpat.org"
| #define PACKAGE_URL ""
| /* end confdefs.h.  */
| #include <ac_nonexistent.h>
configure:6969: checking for ANSI C header files
configure:6989: gcc -c -g -O2  conftest.c >&5
configure:6989: $? = 0
configure:7062: gcc -o conftest -g -O2   conftest.c  >&5
configure:7062: $? = 0
configure:7062: ./conftest
configure:7062: $? = 0
configure:7073: result: yes
configure:7086: checking for sys/types.h
configure:7086: gcc -c -g -O2  conftest.c >&5
configure:7086: $? = 0
configure:7086: result: yes
configure:7086: checking for sys/stat.h
configure:7086: gcc -c -g -O2  conftest.c >&5
configure:7086: $? = 0
configure:7086: result: yes
configure:7086: checking for stdlib.h
configure:7086: gcc -c -g -O2  conftest.c >&5
configure:7086: $? = 0
configure:7086: result: yes
configure:7086: checking for string.h
configure:7086: gcc -c -g -O2  conftest.c >&5
configure:7086: $? = 0
configure:7086: result: yes
configure:7086: checking for memory.h
configure:7086: gcc -c -g -O2  conftest.c >&5
configure:7086: $? = 0
configure:7086: result: yes
configure:7086: checking for strings.h
configure:7086: gcc -c -g -O2  conftest.c >&5
configure:7086: $? = 0
configure:7086: result: yes
configure:7086: checking for inttypes.h
configure:7086: gcc -c -g -O2  conftest.c >&5
configure:7086: $? = 0
configure:7086: result: yes
configure:7086: checking for stdint.h
configure:7086: gcc -c -g -O2  conftest.c >&5
configure:7086: $? = 0
configure:7086: result: yes
configure:7086: checking for unistd.h
configure:7086: gcc -c -g -O2  conftest.c >&5
configure:7086: $? = 0
configure:7086: result: yes
configure:7100: checking for dlfcn.h
configure:7100: gcc -c -g -O2  conftest.c >&5
configure:7100: $? = 0
configure:7100: result: yes
configure:7304: checking for objdir
configure:7319: result: .libs
configure:7590: checking if gcc supports -fno-rtti -fno-exceptions
configure:7608: gcc -c -g -O2  -fno-rtti -fno-exceptions conftest.c >&5
cc1: warning: command line option '-fno-rtti' is valid for C++/ObjC++ but not for C
configure:7612: $? = 0
configure:7625: result: no
configure:7952: checking for gcc option to produce PIC
configure:7959: result: -fPIC -DPIC
configure:7967: checking if gcc PIC flag -fPIC -DPIC works
configure:7985: gcc -c -g -O2  -fPIC -DPIC -DPIC conftest.c >&5
configure:7989: $? = 0
configure:8002: result: yes
configure:8031: checking if gcc static flag -static works
configure:8059: result: yes
configure:8074: checking if gcc supports -c -o file.o
configure:8095: gcc -c -g -O2  -o out/conftest2.o conftest.c >&5
configure:8099: $? = 0
configure:8121: result: yes
configure:8129: checking if gcc supports -c -o file.o
configure:8176: result: yes
configure:8209: checking whether the gcc linker (/usr/bin/ld -m elf_x86_64) supports shared libraries
configure:9366: result: yes
configure:9403: checking whether -lc should be explicitly linked in
configure:9411: gcc -c -g -O2  conftest.c >&5
configure:9414: $? = 0
configure:9429: gcc -shared  -fPIC -DPIC conftest.o  -v -Wl,-soname -Wl,conftest -o conftest 2\>\&1 \| /bin/grep  -lc  \>/dev/null 2\>\&1
configure:9432: $? = 0
configure:9446: result: no
configure:9606: checking dynamic linker characteristics
configure:10106: gcc -o conftest -g -O2   -Wl,-rpath -Wl,/foo conftest.c  >&5
configure:10106: $? = 0
configure:10340: result: GNU/Linux ld.so
configure:10447: checking how to hardcode library paths into programs
configure:10472: result: immediate
configure:11012: checking whether stripping libraries is possible
configure:11017: result: yes
configure:11052: checking if libtool supports shared libraries
configure:11054: result: yes
configure:11057: checking whether to build shared libraries
configure:11078: result: yes
configure:11081: checking whether to build static libraries
configure:11085: result: yes
configure:11175: checking for gcc
configure:11202: result: gcc
configure:11431: checking for C compiler version
configure:11440: gcc --version >&5
gcc (Debian 4.9.2-10) 4.9.2
Copyright (C) 2014 Free Software Foundation, Inc.
This is free software; see the source for copying conditions.  There is NO
warranty; not even for MERCHANTABILITY or FITNESS FOR A PARTICULAR PURPOSE.

configure:11451: $? = 0
configure:11440: gcc -v >&5
Using built-in specs.
COLLECT_GCC=gcc
COLLECT_LTO_WRAPPER=/usr/lib/gcc/x86_64-linux-gnu/4.9/lto-wrapper
Target: x86_64-linux-gnu
Configured with: ../src/configure -v --with-pkgversion='Debian 4.9.2-10' --with-bugurl=file:///usr/share/doc/gcc-4.9/README.Bugs --enable-languages=c,c++,java,go,d,fortran,objc,obj-c++ --prefix=/usr --program-suffix=-4.9 --enable-shared --enable-linker-build-id --libexecdir=/usr/lib --without-included-gettext --enable-threads=posix --with-gxx-include-dir=/usr/include/c++/4.9 --libdir=/usr/lib --enable-nls --with-sysroot=/ --enable-clocale=gnu --enable-libstdcxx-debug --enable-libstdcxx-time=yes --enable-gnu-unique-object --disable-vtable-verify --enable-plugin --with-system-zlib --disable-browser-plugin --enable-java-awt=gtk --enable-gtk-cairo --with-java-home=/usr/lib/jvm/java-1.5.0-gcj-4.9-amd64/jre --enable-java-home --with-jvm-root-dir=/usr/lib/jvm/java-1.5.0-gcj-4.9-amd64 --with-jvm-jar-dir=/usr/lib/jvm-exports/java-1.5.0-gcj-4.9-amd64 --with-arch-directory=amd64 --with-ecj-jar=/usr/share/java/eclipse-ecj.jar --enable-objc-gc --enable-multiarch --with-arch-32=i586 --with-abi=m64 --with-multilib-list=m32,m64,mx32 --enable-multilib --with-tune=generic --enable-checking=release --build=x86_64-linux-gnu --host=x86_64-linux-gnu --target=x86_64-linux-gnu
Thread model: posix
gcc version 4.9.2 (Debian 4.9.2-10) 
configure:11451: $? = 0
configure:11440: gcc -V >&5
gcc: error: unrecognized command line option '-V'
gcc: fatal error: no input files
compilation terminated.
configure:11451: $? = 4
configure:11440: gcc -qversion >&5
gcc: error: unrecognized command line option '-qversion'
gcc: fatal error: no input files
compilation terminated.
configure:11451: $? = 4
configure:11455: checking whether we are using the GNU C compiler
configure:11483: result: yes
configure:11492: checking whether gcc accepts -g
configure:11553: result: yes
configure:11570: checking for gcc option to accept ISO C89
configure:11646: result: none needed
configure:11724: checking for g++
configure:11740: found /usr/bin/g++
configure:11751: result: g++
configure:11778: checking for C++ compiler version
configure:11787: g++ --version >&5
g++ (Debian 4.9.2-10) 4.9.2
Copyright (C) 2014 Free Software Foundation, Inc.
This is free software; see the source for copying conditions.  There is NO
warranty; not even for MERCHANTABILITY or FITNESS FOR A PARTICULAR PURPOSE.

configure:11798: $? = 0
configure:11787: g++ -v >&5
Using built-in specs.
COLLECT_GCC=g++
COLLECT_LTO_WRAPPER=/usr/lib/gcc/x86_64-linux-gnu/4.9/lto-wrapper
Target: x86_64-linux-gnu
Configured with: ../src/configure -v --with-pkgversion='Debian 4.9.2-10' --with-bugurl=file:///usr/share/doc/gcc-4.9/README.Bugs --enable-languages=c,c++,java,go,d,fortran,objc,obj-c++ --prefix=/usr --program-suffix=-4.9 --enable-shared --enable-linker-build-id --libexecdir=/usr/lib --without-included-gettext --enable-threads=posix --with-gxx-include-dir=/usr/include/c++/4.9 --libdir=/usr/lib --enable-nls --with-sysroot=/ --enable-clocale=gnu --enable-libstdcxx-debug --enable-libstdcxx-time=yes --enable-gnu-unique-object --disable-vtable-verify --enable-plugin --with-system-zlib --disable-browser-plugin --enable-java-awt=gtk --enable-gtk-cairo --with-java-home=/usr/lib/jvm/java-1.5.0-gcj-4.9-amd64/jre --enable-java-home --with-jvm-root-dir=/usr/lib/jvm/java-1.5.0-gcj-4.9-amd64 --with-jvm-jar-dir=/usr/lib/jvm-exports/java-1.5.0-gcj-4.9-amd64 --with-arch-directory=amd64 --with-ecj-jar=/usr/share/java/eclipse-ecj.jar --enable-objc-gc --enable-multiarch --with-arch-32=i586 --with-abi=m64 --with-multilib-list=m32,m64,mx32 --enable-multilib --with-tune=generic --enable-checking=release --build=x86_64-linux-gnu --host=x86_64-linux-gnu --target=x86_64-linux-gnu
Thread model: posix
gcc version 4.9.2 (Debian 4.9.2-10) 
configure:11798: $? = 0
configure:11787: g++ -V >&5
g++: error: unrecognized command line option '-V'
g++: fatal error: no input files
compilation terminated.
configure:11798: $? = 4
configure:11787: g++ -qversion >&5
g++: error: unrecognized command line option '-qversion'
g++: fatal error: no input files
compilation terminated.
configure:11798: $? = 4
configure:11802: checking whether we are using the GNU C++ compiler
configure:11821: g++ -c   conftest.cpp >&5
configure:11821: $? = 0
configure:11830: result: yes
configure:11839: checking whether g++ accepts -g
configure:11859: g++ -c -g  conftest.cpp >&5
configure:11859: $? = 0
configure:11900: result: yes
configure:11941: checking how to run the C++ preprocessor
configure:11968: g++ -E  conftest.cpp
configure:11968: $? = 0
configure:11982: g++ -E  conftest.cpp
conftest.cpp:21:28: fatal error: ac_nonexistent.h: No such file or directory
 #include <ac_nonexistent.h>
                            ^
compilation terminated.
configure:11982: $? = 1
configure: failed program was:
| /* confdefs.h */
| #define PACKAGE_NAME "expat"
| #define PACKAGE_TARNAME "expat"
| #define PACKAGE_VERSION "2.1.1"
| #define PACKAGE_STRING "expat 2.1.1"
| #define PACKAGE_BUGREPORT "expat-bugs@libexpat.org"
| #define PACKAGE_URL ""
| #define STDC_HEADERS 1
| #define HAVE_SYS_TYPES_H 1
| #define HAVE_SYS_STAT_H 1
| #define HAVE_STDLIB_H 1
| #define HAVE_STRING_H 1
| #define HAVE_MEMORY_H 1
| #define HAVE_STRINGS_H 1
| #define HAVE_INTTYPES_H 1
| #define HAVE_STDINT_H 1
| #define HAVE_UNISTD_H 1
| #define HAVE_DLFCN_H 1
| #define LT_OBJDIR ".libs/"
| /* end confdefs.h.  */
| #include <ac_nonexistent.h>
configure:12007: result: g++ -E
configure:12027: g++ -E  conftest.cpp
configure:12027: $? = 0
configure:12041: g++ -E  conftest.cpp
conftest.cpp:21:28: fatal error: ac_nonexistent.h: No such file or directory
 #include <ac_nonexistent.h>
                            ^
compilation terminated.
configure:12041: $? = 1
configure: failed program was:
| /* confdefs.h */
| #define PACKAGE_NAME "expat"
| #define PACKAGE_TARNAME "expat"
| #define PACKAGE_VERSION "2.1.1"
| #define PACKAGE_STRING "expat 2.1.1"
| #define PACKAGE_BUGREPORT "expat-bugs@libexpat.org"
| #define PACKAGE_URL ""
| #define STDC_HEADERS 1
| #define HAVE_SYS_TYPES_H 1
| #define HAVE_SYS_STAT_H 1
| #define HAVE_STDLIB_H 1
| #define HAVE_STRING_H 1
| #define HAVE_MEMORY_H 1
| #define HAVE_STRINGS_H 1
| #define HAVE_INTTYPES_H 1
| #define HAVE_STDINT_H 1
| #define HAVE_UNISTD_H 1
| #define HAVE_DLFCN_H 1
| #define LT_OBJDIR ".libs/"
| /* end confdefs.h.  */
| #include <ac_nonexistent.h>
configure:12210: checking for ld used by g++
configure:12277: result: /usr/bin/ld -m elf_x86_64
configure:12284: checking if the linker (/usr/bin/ld -m elf_x86_64) is GNU ld
configure:12299: result: yes
configure:12354: checking whether the g++ linker (/usr/bin/ld -m elf_x86_64) supports shared libraries
configure:13356: result: yes
configure:13392: g++ -c -g -O2  conftest.cpp >&5
configure:13395: $? = 0
configure:13915: checking for g++ option to produce PIC
configure:13922: result: -fPIC -DPIC
configure:13930: checking if g++ PIC flag -fPIC -DPIC works
configure:13948: g++ -c -g -O2  -fPIC -DPIC -DPIC conftest.cpp >&5
configure:13952: $? = 0
configure:13965: result: yes
configure:13988: checking if g++ static flag -static works
configure:14016: result: yes
configure:14028: checking if g++ supports -c -o file.o
configure:14049: g++ -c -g -O2  -o out/conftest2.o conftest.cpp >&5
configure:14053: $? = 0
configure:14075: result: yes
configure:14080: checking if g++ supports -c -o file.o
configure:14127: result: yes
configure:14157: checking whether the g++ linker (/usr/bin/ld -m elf_x86_64) supports shared libraries
configure:14196: result: yes
configure:14337: checking dynamic linker characteristics
configure:15005: result: GNU/Linux ld.so
configure:15058: checking how to hardcode library paths into programs
configure:15083: result: immediate
configure:15137: checking for a BSD-compatible install
configure:15205: result: /usr/bin/install -c
configure:15220: checking whether gcc accepts -fexceptions
configure:15233: gcc -o conftest -g -O2 -Wall -Wmissing-prototypes -Wstrict-prototypes -fexceptions   conftest.c  >&5
conftest.c:23:1: warning: function declaration isn't a prototype [-Wstrict-prototypes]
 main ()
 ^
configure:15233: $? = 0
configure:15234: result: yes
configure:15245: checking for ANSI C header files
configure:15349: result: yes
configure:15359: checking whether byte ordering is bigendian
configure:15381: gcc -c -g -O2 -Wall -Wmissing-prototypes -Wstrict-prototypes -fexceptions  conftest.c >&5
conftest.c:25:1: warning: function declaration isn't a prototype [-Wstrict-prototypes]
 main ()
 ^
configure:15381: $? = 0
configure:15398: gcc -c -g -O2 -Wall -Wmissing-prototypes -Wstrict-prototypes -fexceptions  conftest.c >&5
conftest.c:25:1: warning: function declaration isn't a prototype [-Wstrict-prototypes]
 main ()
 ^
conftest.c: In function 'main':
conftest.c:29:2: error: unknown type name 'not'
  not big endian
  ^
conftest.c:29:10: error: expected '=', ',', ';', 'asm' or '__attribute__' before 'endian'
  not big endian
          ^
configure:15398: $? = 1
configure: failed program was:
| /* confdefs.h */
| #define PACKAGE_NAME "expat"
| #define PACKAGE_TARNAME "expat"
| #define PACKAGE_VERSION "2.1.1"
| #define PACKAGE_STRING "expat 2.1.1"
| #define PACKAGE_BUGREPORT "expat-bugs@libexpat.org"
| #define PACKAGE_URL ""
| #define STDC_HEADERS 1
| #define HAVE_SYS_TYPES_H 1
| #define HAVE_SYS_STAT_H 1
| #define HAVE_STDLIB_H 1
| #define HAVE_STRING_H 1
| #define HAVE_MEMORY_H 1
| #define HAVE_STRINGS_H 1
| #define HAVE_INTTYPES_H 1
| #define HAVE_STDINT_H 1
| #define HAVE_UNISTD_H 1
| #define HAVE_DLFCN_H 1
| #define LT_OBJDIR ".libs/"
| #define STDC_HEADERS 1
| /* end confdefs.h.  */
| #include <sys/types.h>
| #include <sys/param.h>
| int
| main ()
| {
| 
| #if BYTE_ORDER != BIG_ENDIAN
|  not big endian
| #endif
|   ;
|   return 0;
| }
configure:15434: result: no
configure:15487: checking for an ANSI C-conforming const
configure:15553: gcc -c -g -O2 -Wall -Wmissing-prototypes -Wstrict-prototypes -fexceptions  conftest.c >&5
conftest.c:25:1: warning: function declaration isn't a prototype [-Wstrict-prototypes]
 main ()
 ^
configure:15553: $? = 0
configure:15560: result: yes
configure:15568: checking for size_t
configure:15568: gcc -c -g -O2 -Wall -Wmissing-prototypes -Wstrict-prototypes -fexceptions  conftest.c >&5
conftest.c:57:1: warning: function declaration isn't a prototype [-Wstrict-prototypes]
 main ()
 ^
configure:15568: $? = 0
configure:15568: gcc -c -g -O2 -Wall -Wmissing-prototypes -Wstrict-prototypes -fexceptions  conftest.c >&5
conftest.c:57:1: warning: function declaration isn't a prototype [-Wstrict-prototypes]
 main ()
 ^
conftest.c: In function 'main':
conftest.c:59:21: error: expected expression before ')' token
 if (sizeof ((size_t)))
                     ^
configure:15568: $? = 1
configure: failed program was:
| /* confdefs.h */
| #define PACKAGE_NAME "expat"
| #define PACKAGE_TARNAME "expat"
| #define PACKAGE_VERSION "2.1.1"
| #define PACKAGE_STRING "expat 2.1.1"
| #define PACKAGE_BUGREPORT "expat-bugs@libexpat.org"
| #define PACKAGE_URL ""
| #define STDC_HEADERS 1
| #define HAVE_SYS_TYPES_H 1
| #define HAVE_SYS_STAT_H 1
| #define HAVE_STDLIB_H 1
| #define HAVE_STRING_H 1
| #define HAVE_MEMORY_H 1
| #define HAVE_STRINGS_H 1
| #define HAVE_INTTYPES_H 1
| #define HAVE_STDINT_H 1
| #define HAVE_UNISTD_H 1
| #define HAVE_DLFCN_H 1
| #define LT_OBJDIR ".libs/"
| #define STDC_HEADERS 1
| #define BYTEORDER 1234
| /* end confdefs.h.  */
| #include <stdio.h>
| #ifdef HAVE_SYS_TYPES_H
| # include <sys/types.h>
| #endif
| #ifdef HAVE_SYS_STAT_H
| # include <sys/stat.h>
| #endif
| #ifdef STDC_HEADERS
| # include <stdlib.h>
| # include <stddef.h>
| #else
| # ifdef HAVE_STDLIB_H
| #  include <stdlib.h>
| # endif
| #endif
| #ifdef HAVE_STRING_H
| # if !defined STDC_HEADERS && defined HAVE_MEMORY_H
| #  include <memory.h>
| # endif
| # include <string.h>
| #endif
| #ifdef HAVE_STRINGS_H
| # include <strings.h>
| #endif
| #ifdef HAVE_INTTYPES_H
| # include <inttypes.h>
| #endif
| #ifdef HAVE_STDINT_H
| # include <stdint.h>
| #endif
| #ifdef HAVE_UNISTD_H
| # include <unistd.h>
| #endif
| int
| main ()
| {
| if (sizeof ((size_t)))
| 	    return 0;
|   ;
|   return 0;
| }
configure:15568: result: yes
configure:15582: checking for memmove
configure:15582: gcc -o conftest -g -O2 -Wall -Wmissing-prototypes -Wstrict-prototypes -fexceptions   conftest.c  >&5
conftest.c:46:1: warning: function declaration isn't a prototype [-Wstrict-prototypes]
 char memmove ();
 ^
conftest.c:46:6: warning: conflicting types for built-in function 'memmove'
 char memmove ();
      ^
conftest.c:55:1: warning: function declaration isn't a prototype [-Wstrict-prototypes]
 main ()
 ^
configure:15582: $? = 0
configure:15582: result: yes
configure:15582: checking for bcopy
configure:15582: gcc -o conftest -g -O2 -Wall -Wmissing-prototypes -Wstrict-prototypes -fexceptions   conftest.c  >&5
conftest.c:47:1: warning: function declaration isn't a prototype [-Wstrict-prototypes]
 char bcopy ();
 ^
conftest.c:47:6: warning: conflicting types for built-in function 'bcopy'
 char bcopy ();
      ^
conftest.c:56:1: warning: function declaration isn't a prototype [-Wstrict-prototypes]
 main ()
 ^
configure:15582: $? = 0
configure:15582: result: yes
configure:15595: checking fcntl.h usability
configure:15595: gcc -c -g -O2 -Wall -Wmissing-prototypes -Wstrict-prototypes -fexceptions  conftest.c >&5
configure:15595: $? = 0
configure:15595: result: yes
configure:15595: checking fcntl.h presence
configure:15595: gcc -E  conftest.c
configure:15595: $? = 0
configure:15595: result: yes
configure:15595: checking for fcntl.h
configure:15595: result: yes
configure:15595: checking for unistd.h
configure:15595: result: yes
configure:15605: checking for off_t
configure:15605: gcc -c -g -O2 -Wall -Wmissing-prototypes -Wstrict-prototypes -fexceptions  conftest.c >&5
conftest.c:61:1: warning: function declaration isn't a prototype [-Wstrict-prototypes]
 main ()
 ^
configure:15605: $? = 0
configure:15605: gcc -c -g -O2 -Wall -Wmissing-prototypes -Wstrict-prototypes -fexceptions  conftest.c >&5
conftest.c:61:1: warning: function declaration isn't a prototype [-Wstrict-prototypes]
 main ()
 ^
conftest.c: In function 'main':
conftest.c:63:20: error: expected expression before ')' token
 if (sizeof ((off_t)))
                    ^
configure:15605: $? = 1
configure: failed program was:
| /* confdefs.h */
| #define PACKAGE_NAME "expat"
| #define PACKAGE_TARNAME "expat"
| #define PACKAGE_VERSION "2.1.1"
| #define PACKAGE_STRING "expat 2.1.1"
| #define PACKAGE_BUGREPORT "expat-bugs@libexpat.org"
| #define PACKAGE_URL ""
| #define STDC_HEADERS 1
| #define HAVE_SYS_TYPES_H 1
| #define HAVE_SYS_STAT_H 1
| #define HAVE_STDLIB_H 1
| #define HAVE_STRING_H 1
| #define HAVE_MEMORY_H 1
| #define HAVE_STRINGS_H 1
| #define HAVE_INTTYPES_H 1
| #define HAVE_STDINT_H 1
| #define HAVE_UNISTD_H 1
| #define HAVE_DLFCN_H 1
| #define LT_OBJDIR ".libs/"
| #define STDC_HEADERS 1
| #define BYTEORDER 1234
| #define HAVE_MEMMOVE 1
| #define HAVE_BCOPY 1
| #define HAVE_FCNTL_H 1
| #define HAVE_UNISTD_H 1
| /* end confdefs.h.  */
| #include <stdio.h>
| #ifdef HAVE_SYS_TYPES_H
| # include <sys/types.h>
| #endif
| #ifdef HAVE_SYS_STAT_H
| # include <sys/stat.h>
| #endif
| #ifdef STDC_HEADERS
| # include <stdlib.h>
| # include <stddef.h>
| #else
| # ifdef HAVE_STDLIB_H
| #  include <stdlib.h>
| # endif
| #endif
| #ifdef HAVE_STRING_H
| # if !defined STDC_HEADERS && defined HAVE_MEMORY_H
| #  include <memory.h>
| # endif
| # include <string.h>
| #endif
| #ifdef HAVE_STRINGS_H
| # include <strings.h>
| #endif
| #ifdef HAVE_INTTYPES_H
| # include <inttypes.h>
| #endif
| #ifdef HAVE_STDINT_H
| # include <stdint.h>
| #endif
| #ifdef HAVE_UNISTD_H
| # include <unistd.h>
| #endif
| int
| main ()
| {
| if (sizeof ((off_t)))
| 	    return 0;
|   ;
|   return 0;
| }
configure:15605: result: yes
configure:15622: checking for stdlib.h
configure:15622: result: yes
configure:15622: checking for unistd.h
configure:15622: result: yes
configure:15622: checking for sys/param.h
configure:15622: gcc -c -g -O2 -Wall -Wmissing-prototypes -Wstrict-prototypes -fexceptions  conftest.c >&5
configure:15622: $? = 0
configure:15622: result: yes
configure:15642: checking for getpagesize
configure:15642: gcc -o conftest -g -O2 -Wall -Wmissing-prototypes -Wstrict-prototypes -fexceptions   conftest.c  >&5
conftest.c:53:1: warning: function declaration isn't a prototype [-Wstrict-prototypes]
 char getpagesize ();
 ^
conftest.c:62:1: warning: function declaration isn't a prototype [-Wstrict-prototypes]
 main ()
 ^
configure:15642: $? = 0
configure:15642: result: yes
configure:15651: checking for working mmap
configure:15798: gcc -o conftest -g -O2 -Wall -Wmissing-prototypes -Wstrict-prototypes -fexceptions   conftest.c  >&5
conftest.c:129:1: warning: function declaration isn't a prototype [-Wstrict-prototypes]
 main ()
 ^
configure:15798: $? = 0
configure:15798: ./conftest
configure:15798: $? = 0
configure:15808: result: yes
configure:15837: checking for gcc option to accept ISO C99
configure:15986: gcc  -c -g -O2 -Wall -Wmissing-prototypes -Wstrict-prototypes -fexceptions  conftest.c >&5
conftest.c:82:29: error: expected ';', ',' or ')' before 'text'
 test_restrict (ccp restrict text)
                             ^
conftest.c: In function 'test_varargs':
conftest.c:103:9: warning: variable 'fnumber' set but not used [-Wunused-but-set-variable]
   float fnumber;
         ^
conftest.c:102:7: warning: variable 'number' set but not used [-Wunused-but-set-variable]
   int number;
       ^
conftest.c:101:15: warning: variable 'str' set but not used [-Wunused-but-set-variable]
   const char *str;
               ^
conftest.c: At top level:
conftest.c:127:1: warning: function declaration isn't a prototype [-Wstrict-prototypes]
 main ()
 ^
conftest.c: In function 'main':
conftest.c:134:3: warning: implicit declaration of function 'test_restrict' [-Wimplicit-function-declaration]
   if (test_restrict ("String literal") == 0)
   ^
conftest.c:136:18: error: expected '=', ',', ';', 'asm' or '__attribute__' before 'newvar'
   char *restrict newvar = "Another string";
                  ^
conftest.c:136:18: error: 'newvar' undeclared (first use in this function)
conftest.c:136:18: note: each undeclared identifier is reported only once for each function it appears in
conftest.c:146:3: error: 'for' loop initial declarations are only allowed in C99 or C11 mode
   for (int i = 0; i < ia->datasize; ++i)
   ^
conftest.c:146:3: note: use option -std=c99, -std=gnu99, -std=c11 or -std=gnu11 to compile your code
configure:15986: $? = 1
configure: failed program was:
| /* confdefs.h */
| #define PACKAGE_NAME "expat"
| #define PACKAGE_TARNAME "expat"
| #define PACKAGE_VERSION "2.1.1"
| #define PACKAGE_STRING "expat 2.1.1"
| #define PACKAGE_BUGREPORT "expat-bugs@libexpat.org"
| #define PACKAGE_URL ""
| #define STDC_HEADERS 1
| #define HAVE_SYS_TYPES_H 1
| #define HAVE_SYS_STAT_H 1
| #define HAVE_STDLIB_H 1
| #define HAVE_STRING_H 1
| #define HAVE_MEMORY_H 1
| #define HAVE_STRINGS_H 1
| #define HAVE_INTTYPES_H 1
| #define HAVE_STDINT_H 1
| #define HAVE_UNISTD_H 1
| #define HAVE_DLFCN_H 1
| #define LT_OBJDIR ".libs/"
| #define STDC_HEADERS 1
| #define BYTEORDER 1234
| #define HAVE_MEMMOVE 1
| #define HAVE_BCOPY 1
| #define HAVE_FCNTL_H 1
| #define HAVE_UNISTD_H 1
| #define HAVE_STDLIB_H 1
| #define HAVE_UNISTD_H 1
| #define HAVE_SYS_PARAM_H 1
| #define HAVE_GETPAGESIZE 1
| #define HAVE_MMAP 1
| /* end confdefs.h.  */
| #include <stdarg.h>
| #include <stdbool.h>
| #include <stdlib.h>
| #include <wchar.h>
| #include <stdio.h>
| 
| // Check varargs macros.  These examples are taken from C99 6.10.3.5.
| #define debug(...) fprintf (stderr, __VA_ARGS__)
| #define showlist(...) puts (#__VA_ARGS__)
| #define report(test,...) ((test) ? puts (#test) : printf (__VA_ARGS__))
| static void
| test_varargs_macros (void)
| {
|   int x = 1234;
|   int y = 5678;
|   debug ("Flag");
|   debug ("X = %d\n", x);
|   showlist (The first, second, and third items.);
|   report (x>y, "x is %d but y is %d", x, y);
| }
| 
| // Check long long types.
| #define BIG64 18446744073709551615ull
| #define BIG32 4294967295ul
| #define BIG_OK (BIG64 / BIG32 == 4294967297ull && BIG64 % BIG32 == 0)
| #if !BIG_OK
|   your preprocessor is broken;
| #endif
| #if BIG_OK
| #else
|   your preprocessor is broken;
| #endif
| static long long int bignum = -9223372036854775807LL;
| static unsigned long long int ubignum = BIG64;
| 
| struct incomplete_array
| {
|   int datasize;
|   double data[];
| };
| 
| struct named_init {
|   int number;
|   const wchar_t *name;
|   double average;
| };
| 
| typedef const char *ccp;
| 
| static inline int
| test_restrict (ccp restrict text)
| {
|   // See if C++-style comments work.
|   // Iterate through items via the restricted pointer.
|   // Also check for declarations in for loops.
|   for (unsigned int i = 0; *(text+i) != '\0'; ++i)
|     continue;
|   return 0;
| }
| 
| // Check varargs and va_copy.
| static void
| test_varargs (const char *format, ...)
| {
|   va_list args;
|   va_start (args, format);
|   va_list args_copy;
|   va_copy (args_copy, args);
| 
|   const char *str;
|   int number;
|   float fnumber;
| 
|   while (*format)
|     {
|       switch (*format++)
| 	{
| 	case 's': // string
| 	  str = va_arg (args_copy, const char *);
| 	  break;
| 	case 'd': // int
| 	  number = va_arg (args_copy, int);
| 	  break;
| 	case 'f': // float
| 	  fnumber = va_arg (args_copy, double);
| 	  break;
| 	default:
| 	  break;
| 	}
|     }
|   va_end (args_copy);
|   va_end (args);
| }
| 
| int
| main ()
| {
| 
|   // Check bool.
|   _Bool success = false;
| 
|   // Check restrict.
|   if (test_restrict ("String literal") == 0)
|     success = true;
|   char *restrict newvar = "Another string";
| 
|   // Check varargs.
|   test_varargs ("s, d' f .", "string", 65, 34.234);
|   test_varargs_macros ();
| 
|   // Check flexible array members.
|   struct incomplete_array *ia =
|     malloc (sizeof (struct incomplete_array) + (sizeof (double) * 10));
|   ia->datasize = 10;
|   for (int i = 0; i < ia->datasize; ++i)
|     ia->data[i] = i * 1.234;
| 
|   // Check named initializers.
|   struct named_init ni = {
|     .number = 34,
|     .name = L"Test wide string",
|     .average = 543.34343,
|   };
| 
|   ni.number = 58;
| 
|   int dynamic_array[ni.number];
|   dynamic_array[ni.number - 1] = 543;
| 
|   // work around unused variable warnings
|   return (!success || bignum == 0LL || ubignum == 0uLL || newvar[0] == 'x'
| 	  || dynamic_array[ni.number - 1] != 543);
| 
|   ;
|   return 0;
| }
configure:15986: gcc -std=gnu99 -c -g -O2 -Wall -Wmissing-prototypes -Wstrict-prototypes -fexceptions  conftest.c >&5
conftest.c: In function 'test_varargs':
conftest.c:103:9: warning: variable 'fnumber' set but not used [-Wunused-but-set-variable]
   float fnumber;
         ^
conftest.c:102:7: warning: variable 'number' set but not used [-Wunused-but-set-variable]
   int number;
       ^
conftest.c:101:15: warning: variable 'str' set but not used [-Wunused-but-set-variable]
   const char *str;
               ^
conftest.c: At top level:
conftest.c:127:1: warning: function declaration isn't a prototype [-Wstrict-prototypes]
 main ()
 ^
configure:15986: $? = 0
configure:16006: result: -std=gnu99
configure:16107: checking for gcc -std=gnu99 option to accept ISO Standard C
configure:16121: result: -std=gnu99
configure:16125: checking for an ANSI C99-conforming __func__
configure:16141: gcc -std=gnu99 -c -g -O2 -Wall -Wmissing-prototypes -Wstrict-prototypes -fexceptions  conftest.c >&5
conftest.c:34:1: warning: function declaration isn't a prototype [-Wstrict-prototypes]
 main ()
 ^
conftest.c: In function 'main':
conftest.c:36:13: warning: initialization discards 'const' qualifier from pointer target type
 char *foo = __func__;
             ^
conftest.c:36:7: warning: unused variable 'foo' [-Wunused-variable]
 char *foo = __func__;
       ^
configure:16141: $? = 0
configure:16164: result: yes
configure:16304: creating ./config.status

## ---------------------- ##
## Running config.status. ##
## ---------------------- ##

This file was extended by expat config.status 2.1.1, which was
generated by GNU Autoconf 2.69.  Invocation command line was

  CONFIG_FILES    = 
  CONFIG_HEADERS  = 
  CONFIG_LINKS    = 
  CONFIG_COMMANDS = 
  $ ./config.status 

on stali

config.status:1122: creating Makefile
config.status:1225: WARNING:  'Makefile.in' seems to ignore the --datarootdir setting
config.status:1122: creating expat.pc
config.status:1122: creating expat_config.h
config.status:1311: executing libtool commands

## ---------------- ##
## Cache variables. ##
## ---------------- ##

ac_cv_build=x86_64-unknown-linux-gnu
ac_cv_c_bigendian=no
ac_cv_c_compiler_gnu=yes
ac_cv_c_const=yes
ac_cv_cpp_func=yes
ac_cv_cxx_compiler_gnu=yes
ac_cv_env_CCC_set=
ac_cv_env_CCC_value=
ac_cv_env_CC_set=
ac_cv_env_CC_value=
ac_cv_env_CFLAGS_set=
ac_cv_env_CFLAGS_value=
ac_cv_env_CPPFLAGS_set=
ac_cv_env_CPPFLAGS_value=
ac_cv_env_CPP_set=
ac_cv_env_CPP_value=
ac_cv_env_CXXCPP_set=
ac_cv_env_CXXCPP_value=
ac_cv_env_CXXFLAGS_set=
ac_cv_env_CXXFLAGS_value=
ac_cv_env_CXX_set=
ac_cv_env_CXX_value=
ac_cv_env_LDFLAGS_set=
ac_cv_env_LDFLAGS_value=
ac_cv_env_LIBS_set=
ac_cv_env_LIBS_value=
ac_cv_env_build_alias_set=
ac_cv_env_build_alias_value=
ac_cv_env_host_alias_set=
ac_cv_env_host_alias_value=
ac_cv_env_target_alias_set=
ac_cv_env_target_alias_value=
ac_cv_func_bcopy=yes
ac_cv_func_getpagesize=yes
ac_cv_func_memmove=yes
ac_cv_func_mmap_fixed_mapped=yes
ac_cv_header_dlfcn_h=yes
ac_cv_header_fcntl_h=yes
ac_cv_header_inttypes_h=yes
ac_cv_header_memory_h=yes
ac_cv_header_stdc=yes
ac_cv_header_stdint_h=yes
ac_cv_header_stdlib_h=yes
ac_cv_header_string_h=yes
ac_cv_header_strings_h=yes
ac_cv_header_sys_param_h=yes
ac_cv_header_sys_stat_h=yes
ac_cv_header_sys_types_h=yes
ac_cv_header_unistd_h=yes
ac_cv_host=x86_64-unknown-linux-gnu
ac_cv_objext=o
ac_cv_path_EGREP='/bin/grep -E'
ac_cv_path_FGREP='/bin/grep -F'
ac_cv_path_GREP=/bin/grep
ac_cv_path_SED=/bin/sed
ac_cv_path_install='/usr/bin/install -c'
ac_cv_prog_AWK=mawk
ac_cv_prog_CPP='gcc -E'
ac_cv_prog_CXXCPP='g++ -E'
ac_cv_prog_ac_ct_AR=ar
ac_cv_prog_ac_ct_CC=gcc
ac_cv_prog_ac_ct_CXX=g++
ac_cv_prog_ac_ct_DLLTOOL=dlltool
ac_cv_prog_ac_ct_MANIFEST_TOOL=mt
ac_cv_prog_ac_ct_OBJDUMP=objdump
ac_cv_prog_ac_ct_RANLIB=ranlib
ac_cv_prog_ac_ct_STRIP=strip
ac_cv_prog_cc_c89=
ac_cv_prog_cc_c99=-std=gnu99
ac_cv_prog_cc_g=yes
ac_cv_prog_cc_stdc=-std=gnu99
ac_cv_prog_cxx_g=yes
ac_cv_type_off_t=yes
ac_cv_type_size_t=yes
lt_cv_ar_at_file=@
lt_cv_archive_cmds_need_lc=no
lt_cv_deplibs_check_method=pass_all
lt_cv_file_magic_cmd='$MAGIC_CMD'
lt_cv_file_magic_test_file=
lt_cv_ld_reload_flag=-r
lt_cv_nm_interface='BSD nm'
lt_cv_objdir=.libs
lt_cv_path_LD=/usr/bin/ld
lt_cv_path_LDCXX='/usr/bin/ld -m elf_x86_64'
lt_cv_path_NM='/usr/bin/nm -B'
lt_cv_path_mainfest_tool=no
lt_cv_prog_compiler_c_o=yes
lt_cv_prog_compiler_c_o_CXX=yes
lt_cv_prog_compiler_pic='-fPIC -DPIC'
lt_cv_prog_compiler_pic_CXX='-fPIC -DPIC'
lt_cv_prog_compiler_pic_works=yes
lt_cv_prog_compiler_pic_works_CXX=yes
lt_cv_prog_compiler_rtti_exceptions=no
lt_cv_prog_compiler_static_works=yes
lt_cv_prog_compiler_static_works_CXX=yes
lt_cv_prog_gnu_ld=yes
lt_cv_prog_gnu_ldcxx=yes
lt_cv_sharedlib_from_linklib_cmd='printf %s\n'
lt_cv_shlibpath_overrides_runpath=no
lt_cv_sys_global_symbol_pipe='sed -n -e '\''s/^.*[	 ]\([ABCDGIRSTW][ABCDGIRSTW]*\)[	 ][	 ]*\([_A-Za-z][_A-Za-z0-9]*\)$/\1 \2 \2/p'\'' | sed '\''/ __gnu_lto/d'\'''
lt_cv_sys_global_symbol_to_c_name_address='sed -n -e '\''s/^: \([^ ]*\)[ ]*$/  {\"\1\", (void *) 0},/p'\'' -e '\''s/^[ABCDGIRSTW]* \([^ ]*\) \([^ ]*\)$/  {"\2", (void *) \&\2},/p'\'''
lt_cv_sys_global_symbol_to_c_name_address_lib_prefix='sed -n -e '\''s/^: \([^ ]*\)[ ]*$/  {\"\1\", (void *) 0},/p'\'' -e '\''s/^[ABCDGIRSTW]* \([^ ]*\) \(lib[^ ]*\)$/  {"\2", (void *) \&\2},/p'\'' -e '\''s/^[ABCDGIRSTW]* \([^ ]*\) \([^ ]*\)$/  {"lib\2", (void *) \&\2},/p'\'''
lt_cv_sys_global_symbol_to_cdecl='sed -n -e '\''s/^T .* \(.*\)$/extern int \1();/p'\'' -e '\''s/^[ABCDGIRSTW]* .* \(.*\)$/extern char \1;/p'\'''
lt_cv_sys_max_cmd_len=1572864
lt_cv_to_host_file_cmd=func_convert_file_noop
lt_cv_to_tool_file_cmd=func_convert_file_noop

## ----------------- ##
## Output variables. ##
## ----------------- ##

AR='ar'
AS='as'
AWK='mawk'
CC='gcc -std=gnu99'
CFLAGS='-g -O2 -Wall -Wmissing-prototypes -Wstrict-prototypes -fexceptions'
CPP='gcc -E'
CPPFLAGS=''
CXX='g++'
CXXCPP='g++ -E'
CXXFLAGS='-g -O2 -Wall -fexceptions'
DEFS='-DHAVE_CONFIG_H'
DLLTOOL='dlltool'
DSYMUTIL=''
DUMPBIN=''
ECHO_C=''
ECHO_N='-n'
ECHO_T=''
EGREP='/bin/grep -E'
EXEEXT=''
FGREP='/bin/grep -F'
FILEMAP='unixfilemap'
GREP='/bin/grep'
INSTALL_DATA='${INSTALL} -m 644'
INSTALL_PROGRAM='${INSTALL}'
INSTALL_SCRIPT='${INSTALL}'
LD='/usr/bin/ld -m elf_x86_64'
LDFLAGS=''
LIBAGE='6'
LIBCURRENT='7'
LIBOBJS=''
LIBREVISION='0'
LIBS=''
LIBTOOL='$(SHELL) $(top_builddir)/libtool'
LIPO=''
LN_S='ln -s'
LTLIBOBJS=''
MANIFEST_TOOL=':'
NM='/usr/bin/nm -B'
NMEDIT=''
OBJDUMP='objdump'
OBJEXT='o'
OTOOL64=''
OTOOL=''
PACKAGE_BUGREPORT='expat-bugs@libexpat.org'
PACKAGE_NAME='expat'
PACKAGE_STRING='expat 2.1.1'
PACKAGE_TARNAME='expat'
PACKAGE_URL=''
PACKAGE_VERSION='2.1.1'
PATH_SEPARATOR=':'
RANLIB='ranlib'
SED='/bin/sed'
SHELL='/bin/bash'
STRIP='strip'
ac_ct_AR='ar'
ac_ct_CC='gcc'
ac_ct_CXX='g++'
ac_ct_DUMPBIN=''
bindir='${exec_prefix}/bin'
build='x86_64-unknown-linux-gnu'
build_alias=''
build_cpu='x86_64'
build_os='linux-gnu'
build_vendor='unknown'
datadir='${datarootdir}'
datarootdir='${prefix}/share'
docdir='${datarootdir}/doc/${PACKAGE_TARNAME}'
dvidir='${docdir}'
exec_prefix='${prefix}'
host='x86_64-unknown-linux-gnu'
host_alias=''
host_cpu='x86_64'
host_os='linux-gnu'
host_vendor='unknown'
htmldir='${docdir}'
includedir='${prefix}/include'
infodir='${datarootdir}/info'
libdir='${exec_prefix}/lib'
libexecdir='${exec_prefix}/libexec'
localedir='${datarootdir}/locale'
localstatedir='${prefix}/var'
mandir='${datarootdir}/man'
oldincludedir='/usr/include'
pdfdir='${docdir}'
prefix='/usr/local'
program_transform_name='s,x,x,'
psdir='${docdir}'
sbindir='${exec_prefix}/sbin'
sharedstatedir='${prefix}/com'
sysconfdir='${prefix}/etc'
target_alias=''

## ----------- ##
## confdefs.h. ##
## ----------- ##

/* confdefs.h */
#define PACKAGE_NAME "expat"
#define PACKAGE_TARNAME "expat"
#define PACKAGE_VERSION "2.1.1"
#define PACKAGE_STRING "expat 2.1.1"
#define PACKAGE_BUGREPORT "expat-bugs@libexpat.org"
#define PACKAGE_URL ""
#define STDC_HEADERS 1
#define HAVE_SYS_TYPES_H 1
#define HAVE_SYS_STAT_H 1
#define HAVE_STDLIB_H 1
#define HAVE_STRING_H 1
#define HAVE_MEMORY_H 1
#define HAVE_STRINGS_H 1
#define HAVE_INTTYPES_H 1
#define HAVE_STDINT_H 1
#define HAVE_UNISTD_H 1
#define HAVE_DLFCN_H 1
#define LT_OBJDIR ".libs/"
#define STDC_HEADERS 1
#define BYTEORDER 1234
#define HAVE_MEMMOVE 1
#define HAVE_BCOPY 1
#define HAVE_FCNTL_H 1
#define HAVE_UNISTD_H 1
#define HAVE_STDLIB_H 1
#define HAVE_UNISTD_H 1
#define HAVE_SYS_PARAM_H 1
#define HAVE_GETPAGESIZE 1
#define HAVE_MMAP 1
#define XML_NS 1
#define XML_DTD 1
#define XML_CONTEXT_BYTES 1024

configure: exit 0
