This file contains any messages produced by compilers while
running configure, to aid debugging if configure makes a mistake.

It was created by MPFR configure 2.4.2, which was
generated by GNU Autoconf 2.64.  Invocation command line was

  $ ./configure --no-create --no-recursion

## --------- ##
## Platform. ##
## --------- ##

hostname = stali
uname -m = x86_64
uname -r = 3.16.0-4-amd64
uname -s = Linux
uname -v = #1 SMP Debian 3.16.7-ckt11-1 (2015-05-24)

/usr/bin/uname -p = unknown
/bin/uname -X     = unknown

/bin/arch              = unknown
/usr/bin/arch -k       = unknown
/usr/convex/getsysinfo = unknown
/usr/bin/hostinfo      = unknown
/bin/machine           = unknown
/usr/bin/oslevel       = unknown
/bin/universe          = unknown

PATH: /usr/local/bin
PATH: /usr/bin
PATH: /bin
PATH: /usr/local/games
PATH: /usr/games


## ----------- ##
## Core tests. ##
## ----------- ##

configure:2871: checking for a BSD-compatible install
configure:2939: result: /usr/bin/install -c
configure:2950: checking whether build environment is sane
configure:3000: result: yes
configure:3141: checking for a thread-safe mkdir -p
configure:3180: result: /bin/mkdir -p
configure:3193: checking for gawk
configure:3223: result: no
configure:3193: checking for mawk
configure:3209: found /usr/bin/mawk
configure:3220: result: mawk
configure:3231: checking whether make sets $(MAKE)
configure:3253: result: yes
configure:3325: checking whether to disable maintainer-specific portions of Makefiles
configure:3334: result: yes
configure:3357: checking build system type
configure:3371: result: x86_64-unknown-linux-gnu
configure:3391: checking host system type
configure:3404: result: x86_64-unknown-linux-gnu
configure:3566: checking for grep that handles long lines and -e
configure:3624: result: /bin/grep
configure:3629: checking for egrep
configure:3691: result: /bin/grep -E
configure:3696: checking for a sed that does not truncate output
configure:3760: result: /bin/sed
configure:3770: checking for CC and CFLAGS in gmp.h
configure:3797: result: yes CC=x86_64-linux-gnu-gcc -std=gnu99 CFLAGS=-g -O2 -fstack-protector-strong -Wformat -Werror=format-security -O3
configure:3803: checking for CC=x86_64-linux-gnu-gcc -std=gnu99 and CFLAGS=-g -O2 -fstack-protector-strong -Wformat -Werror=format-security -O3
configure:3807: result: yes
configure:3869: checking for gcc
configure:3896: result: x86_64-linux-gnu-gcc -std=gnu99
configure:4125: checking for C compiler version
configure:4134: x86_64-linux-gnu-gcc -std=gnu99 --version >&5
x86_64-linux-gnu-gcc (Debian 4.9.2-10) 4.9.2
Copyright (C) 2014 Free Software Foundation, Inc.
This is free software; see the source for copying conditions.  There is NO
warranty; not even for MERCHANTABILITY or FITNESS FOR A PARTICULAR PURPOSE.

configure:4145: $? = 0
configure:4134: x86_64-linux-gnu-gcc -std=gnu99 -v >&5
Using built-in specs.
COLLECT_GCC=x86_64-linux-gnu-gcc
COLLECT_LTO_WRAPPER=/usr/lib/gcc/x86_64-linux-gnu/4.9/lto-wrapper
Target: x86_64-linux-gnu
Configured with: ../src/configure -v --with-pkgversion='Debian 4.9.2-10' --with-bugurl=file:///usr/share/doc/gcc-4.9/README.Bugs --enable-languages=c,c++,java,go,d,fortran,objc,obj-c++ --prefix=/usr --program-suffix=-4.9 --enable-shared --enable-linker-build-id --libexecdir=/usr/lib --without-included-gettext --enable-threads=posix --with-gxx-include-dir=/usr/include/c++/4.9 --libdir=/usr/lib --enable-nls --with-sysroot=/ --enable-clocale=gnu --enable-libstdcxx-debug --enable-libstdcxx-time=yes --enable-gnu-unique-object --disable-vtable-verify --enable-plugin --with-system-zlib --disable-browser-plugin --enable-java-awt=gtk --enable-gtk-cairo --with-java-home=/usr/lib/jvm/java-1.5.0-gcj-4.9-amd64/jre --enable-java-home --with-jvm-root-dir=/usr/lib/jvm/java-1.5.0-gcj-4.9-amd64 --with-jvm-jar-dir=/usr/lib/jvm-exports/java-1.5.0-gcj-4.9-amd64 --with-arch-directory=amd64 --with-ecj-jar=/usr/share/java/eclipse-ecj.jar --enable-objc-gc --enable-multiarch --with-arch-32=i586 --with-abi=m64 --with-multilib-list=m32,m64,mx32 --enable-multilib --with-tune=generic --enable-checking=release --build=x86_64-linux-gnu --host=x86_64-linux-gnu --target=x86_64-linux-gnu
Thread model: posix
gcc version 4.9.2 (Debian 4.9.2-10) 
configure:4145: $? = 0
configure:4134: x86_64-linux-gnu-gcc -std=gnu99 -V >&5
x86_64-linux-gnu-gcc: error: unrecognized command line option '-V'
x86_64-linux-gnu-gcc: fatal error: no input files
compilation terminated.
configure:4145: $? = 4
configure:4134: x86_64-linux-gnu-gcc -std=gnu99 -qversion >&5
x86_64-linux-gnu-gcc: error: unrecognized command line option '-qversion'
x86_64-linux-gnu-gcc: fatal error: no input files
compilation terminated.
configure:4145: $? = 4
configure:4167: checking for C compiler default output file name
configure:4189: x86_64-linux-gnu-gcc -std=gnu99 -g -O2 -fstack-protector-strong -Wformat -Werror=format-security -O3   conftest.c  >&5
configure:4193: $? = 0
configure:4230: result: a.out
configure:4246: checking whether the C compiler works
configure:4255: ./a.out
configure:4259: $? = 0
configure:4274: result: yes
configure:4281: checking whether we are cross compiling
configure:4283: result: no
configure:4286: checking for suffix of executables
configure:4293: x86_64-linux-gnu-gcc -std=gnu99 -o conftest -g -O2 -fstack-protector-strong -Wformat -Werror=format-security -O3   conftest.c  >&5
configure:4297: $? = 0
configure:4319: result: 
configure:4325: checking for suffix of object files
configure:4347: x86_64-linux-gnu-gcc -std=gnu99 -c -g -O2 -fstack-protector-strong -Wformat -Werror=format-security -O3  conftest.c >&5
configure:4351: $? = 0
configure:4372: result: o
configure:4376: checking whether we are using the GNU C compiler
configure:4395: x86_64-linux-gnu-gcc -std=gnu99 -c -g -O2 -fstack-protector-strong -Wformat -Werror=format-security -O3  conftest.c >&5
configure:4395: $? = 0
configure:4404: result: yes
configure:4413: checking whether x86_64-linux-gnu-gcc -std=gnu99 accepts -g
configure:4433: x86_64-linux-gnu-gcc -std=gnu99 -c -g  conftest.c >&5
configure:4433: $? = 0
configure:4474: result: yes
configure:4491: checking for x86_64-linux-gnu-gcc -std=gnu99 option to accept ISO C89
configure:4555: x86_64-linux-gnu-gcc -std=gnu99  -c -g -O2 -fstack-protector-strong -Wformat -Werror=format-security -O3  conftest.c >&5
configure:4555: $? = 0
configure:4568: result: none needed
configure:4599: checking for style of include used by make
configure:4627: result: GNU
configure:4652: checking dependency style of x86_64-linux-gnu-gcc -std=gnu99
configure:4762: result: gcc3
configure:4782: checking how to run the C preprocessor
configure:4813: x86_64-linux-gnu-gcc -std=gnu99 -E  conftest.c
configure:4813: $? = 0
configure:4827: x86_64-linux-gnu-gcc -std=gnu99 -E  conftest.c
conftest.c:9:28: fatal error: ac_nonexistent.h: No such file or directory
 #include <ac_nonexistent.h>
                            ^
compilation terminated.
configure:4827: $? = 1
configure: failed program was:
| /* confdefs.h */
| #define PACKAGE_NAME "MPFR"
| #define PACKAGE_TARNAME "mpfr"
| #define PACKAGE_VERSION "2.4.2"
| #define PACKAGE_STRING "MPFR 2.4.2"
| #define PACKAGE_BUGREPORT ""
| #define PACKAGE_URL ""
| /* end confdefs.h.  */
| #include <ac_nonexistent.h>
configure:4852: result: x86_64-linux-gnu-gcc -std=gnu99 -E
configure:4872: x86_64-linux-gnu-gcc -std=gnu99 -E  conftest.c
configure:4872: $? = 0
configure:4886: x86_64-linux-gnu-gcc -std=gnu99 -E  conftest.c
conftest.c:9:28: fatal error: ac_nonexistent.h: No such file or directory
 #include <ac_nonexistent.h>
                            ^
compilation terminated.
configure:4886: $? = 1
configure: failed program was:
| /* confdefs.h */
| #define PACKAGE_NAME "MPFR"
| #define PACKAGE_TARNAME "mpfr"
| #define PACKAGE_VERSION "2.4.2"
| #define PACKAGE_STRING "MPFR 2.4.2"
| #define PACKAGE_BUGREPORT ""
| #define PACKAGE_URL ""
| /* end confdefs.h.  */
| #include <ac_nonexistent.h>
configure:5025: checking for ICC
configure:5043: x86_64-linux-gnu-gcc -std=gnu99 -c -g -O2 -fstack-protector-strong -Wformat -Werror=format-security -O3  conftest.c >&5
conftest.c:11:3: error: #error "ICC Not Found"
 # error "ICC Not Found"
   ^
conftest.c:15:1: error: expected '=', ',', ';', 'asm' or '__attribute__' before 'int'
 int
 ^
configure:5043: $? = 1
configure: failed program was:
| /* confdefs.h */
| #define PACKAGE_NAME "MPFR"
| #define PACKAGE_TARNAME "mpfr"
| #define PACKAGE_VERSION "2.4.2"
| #define PACKAGE_STRING "MPFR 2.4.2"
| #define PACKAGE_BUGREPORT ""
| #define PACKAGE_URL ""
| /* end confdefs.h.  */
| 
| #if !defined(__ICC)
| # error "ICC Not Found"
| error
| #endif
| 
| int
| main ()
| {
| 
|   ;
|   return 0;
| }
configure:5050: result: no
configure:5063: checking whether x86_64-linux-gnu-gcc -std=gnu99 and cc understand -c and -o together
configure:5094: x86_64-linux-gnu-gcc -std=gnu99 -c conftest.c -o conftest2.o >&5
configure:5098: $? = 0
configure:5104: x86_64-linux-gnu-gcc -std=gnu99 -c conftest.c -o conftest2.o >&5
configure:5108: $? = 0
configure:5119: cc -c conftest.c >&5
configure:5123: $? = 0
configure:5131: cc -c conftest.c -o conftest2.o >&5
configure:5135: $? = 0
configure:5141: cc -c conftest.c -o conftest2.o >&5
configure:5145: $? = 0
configure:5163: result: yes
configure:5188: checking for function prototypes
configure:5191: result: yes
configure:5205: checking for ANSI C header files
configure:5225: x86_64-linux-gnu-gcc -std=gnu99 -c -Wall -Wmissing-prototypes -Wpointer-arith -g -O2 -fstack-protector-strong -Wformat -Werror=format-security -O3  conftest.c >&5
configure:5225: $? = 0
configure:5298: x86_64-linux-gnu-gcc -std=gnu99 -o conftest -Wall -Wmissing-prototypes -Wpointer-arith -g -O2 -fstack-protector-strong -Wformat -Werror=format-security -O3   conftest.c  >&5
configure:5298: $? = 0
configure:5298: ./conftest
configure:5298: $? = 0
configure:5309: result: yes
configure:5322: checking for sys/types.h
configure:5322: x86_64-linux-gnu-gcc -std=gnu99 -c -Wall -Wmissing-prototypes -Wpointer-arith -g -O2 -fstack-protector-strong -Wformat -Werror=format-security -O3  conftest.c >&5
configure:5322: $? = 0
configure:5322: result: yes
configure:5322: checking for sys/stat.h
configure:5322: x86_64-linux-gnu-gcc -std=gnu99 -c -Wall -Wmissing-prototypes -Wpointer-arith -g -O2 -fstack-protector-strong -Wformat -Werror=format-security -O3  conftest.c >&5
configure:5322: $? = 0
configure:5322: result: yes
configure:5322: checking for stdlib.h
configure:5322: x86_64-linux-gnu-gcc -std=gnu99 -c -Wall -Wmissing-prototypes -Wpointer-arith -g -O2 -fstack-protector-strong -Wformat -Werror=format-security -O3  conftest.c >&5
configure:5322: $? = 0
configure:5322: result: yes
configure:5322: checking for string.h
configure:5322: x86_64-linux-gnu-gcc -std=gnu99 -c -Wall -Wmissing-prototypes -Wpointer-arith -g -O2 -fstack-protector-strong -Wformat -Werror=format-security -O3  conftest.c >&5
configure:5322: $? = 0
configure:5322: result: yes
configure:5322: checking for memory.h
configure:5322: x86_64-linux-gnu-gcc -std=gnu99 -c -Wall -Wmissing-prototypes -Wpointer-arith -g -O2 -fstack-protector-strong -Wformat -Werror=format-security -O3  conftest.c >&5
configure:5322: $? = 0
configure:5322: result: yes
configure:5322: checking for strings.h
configure:5322: x86_64-linux-gnu-gcc -std=gnu99 -c -Wall -Wmissing-prototypes -Wpointer-arith -g -O2 -fstack-protector-strong -Wformat -Werror=format-security -O3  conftest.c >&5
configure:5322: $? = 0
configure:5322: result: yes
configure:5322: checking for inttypes.h
configure:5322: x86_64-linux-gnu-gcc -std=gnu99 -c -Wall -Wmissing-prototypes -Wpointer-arith -g -O2 -fstack-protector-strong -Wformat -Werror=format-security -O3  conftest.c >&5
configure:5322: $? = 0
configure:5322: result: yes
configure:5322: checking for stdint.h
configure:5322: x86_64-linux-gnu-gcc -std=gnu99 -c -Wall -Wmissing-prototypes -Wpointer-arith -g -O2 -fstack-protector-strong -Wformat -Werror=format-security -O3  conftest.c >&5
configure:5322: $? = 0
configure:5322: result: yes
configure:5322: checking for unistd.h
configure:5322: x86_64-linux-gnu-gcc -std=gnu99 -c -Wall -Wmissing-prototypes -Wpointer-arith -g -O2 -fstack-protector-strong -Wformat -Werror=format-security -O3  conftest.c >&5
configure:5322: $? = 0
configure:5322: result: yes
configure:5345: checking for string.h
configure:5345: result: yes
configure:5391: checking for an ANSI C-conforming const
configure:5456: x86_64-linux-gnu-gcc -std=gnu99 -c -Wall -Wmissing-prototypes -Wpointer-arith -g -O2 -fstack-protector-strong -Wformat -Werror=format-security -O3  conftest.c >&5
conftest.c: In function 'main':
conftest.c:51:7: warning: 't' is used uninitialized in this function [-Wuninitialized]
     *t++ = 0;
       ^
conftest.c:73:13: warning: 'cs[0]' is used uninitialized in this function [-Wuninitialized]
   return !cs[0] && !zero.x;
             ^
configure:5456: $? = 0
configure:5463: result: yes
configure:5471: checking for working volatile
configure:5490: x86_64-linux-gnu-gcc -std=gnu99 -c -Wall -Wmissing-prototypes -Wpointer-arith -g -O2 -fstack-protector-strong -Wformat -Werror=format-security -O3  conftest.c >&5
configure:5490: $? = 0
configure:5497: result: yes
configure:5701: checking for main in -lm
configure:5720: x86_64-linux-gnu-gcc -std=gnu99 -o conftest -Wall -Wmissing-prototypes -Wpointer-arith -g -O2 -fstack-protector-strong -Wformat -Werror=format-security -O3   conftest.c -lm   >&5
configure:5720: $? = 0
configure:5729: result: yes
configure:5738: checking whether time.h and sys/time.h may both be included
configure:5758: x86_64-linux-gnu-gcc -std=gnu99 -c -Wall -Wmissing-prototypes -Wpointer-arith -g -O2 -fstack-protector-strong -Wformat -Werror=format-security -O3  conftest.c >&5
configure:5758: $? = 0
configure:5765: result: yes
configure:5779: checking limits.h usability
configure:5779: x86_64-linux-gnu-gcc -std=gnu99 -c -Wall -Wmissing-prototypes -Wpointer-arith -g -O2 -fstack-protector-strong -Wformat -Werror=format-security -O3  conftest.c >&5
configure:5779: $? = 0
configure:5779: result: yes
configure:5779: checking limits.h presence
configure:5779: x86_64-linux-gnu-gcc -std=gnu99 -E  conftest.c
configure:5779: $? = 0
configure:5779: result: yes
configure:5779: checking for limits.h
configure:5779: result: yes
configure:5787: checking float.h usability
configure:5787: x86_64-linux-gnu-gcc -std=gnu99 -c -Wall -Wmissing-prototypes -Wpointer-arith -g -O2 -fstack-protector-strong -Wformat -Werror=format-security -O3  conftest.c >&5
configure:5787: $? = 0
configure:5787: result: yes
configure:5787: checking float.h presence
configure:5787: x86_64-linux-gnu-gcc -std=gnu99 -E  conftest.c
configure:5787: $? = 0
configure:5787: result: yes
configure:5787: checking for float.h
configure:5787: result: yes
configure:5795: checking for string.h
configure:5795: result: yes
configure:5806: checking locale.h usability
configure:5806: x86_64-linux-gnu-gcc -std=gnu99 -c -Wall -Wmissing-prototypes -Wpointer-arith -g -O2 -fstack-protector-strong -Wformat -Werror=format-security -O3  conftest.c >&5
configure:5806: $? = 0
configure:5806: result: yes
configure:5806: checking locale.h presence
configure:5806: x86_64-linux-gnu-gcc -std=gnu99 -E  conftest.c
configure:5806: $? = 0
configure:5806: result: yes
configure:5806: checking for locale.h
configure:5806: result: yes
configure:5819: checking wchar.h usability
configure:5819: x86_64-linux-gnu-gcc -std=gnu99 -c -Wall -Wmissing-prototypes -Wpointer-arith -g -O2 -fstack-protector-strong -Wformat -Werror=format-security -O3  conftest.c >&5
configure:5819: $? = 0
configure:5819: result: yes
configure:5819: checking wchar.h presence
configure:5819: x86_64-linux-gnu-gcc -std=gnu99 -E  conftest.c
configure:5819: $? = 0
configure:5819: result: yes
configure:5819: checking for wchar.h
configure:5819: result: yes
configure:5830: checking stdarg.h usability
configure:5830: x86_64-linux-gnu-gcc -std=gnu99 -c -Wall -Wmissing-prototypes -Wpointer-arith -g -O2 -fstack-protector-strong -Wformat -Werror=format-security -O3  conftest.c >&5
configure:5830: $? = 0
configure:5830: result: yes
configure:5830: checking stdarg.h presence
configure:5830: x86_64-linux-gnu-gcc -std=gnu99 -E  conftest.c
configure:5830: $? = 0
configure:5830: result: yes
configure:5830: checking for stdarg.h
configure:5830: result: yes
configure:5851: checking sys/time.h usability
configure:5851: x86_64-linux-gnu-gcc -std=gnu99 -c -Wall -Wmissing-prototypes -Wpointer-arith -g -O2 -fstack-protector-strong -Wformat -Werror=format-security -O3  conftest.c >&5
configure:5851: $? = 0
configure:5851: result: yes
configure:5851: checking sys/time.h presence
configure:5851: x86_64-linux-gnu-gcc -std=gnu99 -E  conftest.c
configure:5851: $? = 0
configure:5851: result: yes
configure:5851: checking for sys/time.h
configure:5851: result: yes
configure:5851: checking sys/fpu.h usability
configure:5851: x86_64-linux-gnu-gcc -std=gnu99 -c -Wall -Wmissing-prototypes -Wpointer-arith -g -O2 -fstack-protector-strong -Wformat -Werror=format-security -O3  conftest.c >&5
conftest.c:60:21: fatal error: sys/fpu.h: No such file or directory
 #include <sys/fpu.h>
                     ^
compilation terminated.
configure:5851: $? = 1
configure: failed program was:
| /* confdefs.h */
| #define PACKAGE_NAME "MPFR"
| #define PACKAGE_TARNAME "mpfr"
| #define PACKAGE_VERSION "2.4.2"
| #define PACKAGE_STRING "MPFR 2.4.2"
| #define PACKAGE_BUGREPORT ""
| #define PACKAGE_URL ""
| #define PROTOTYPES 1
| #define __PROTOTYPES 1
| #define STDC_HEADERS 1
| #define HAVE_SYS_TYPES_H 1
| #define HAVE_SYS_STAT_H 1
| #define HAVE_STDLIB_H 1
| #define HAVE_STRING_H 1
| #define HAVE_MEMORY_H 1
| #define HAVE_STRINGS_H 1
| #define HAVE_INTTYPES_H 1
| #define HAVE_STDINT_H 1
| #define HAVE_UNISTD_H 1
| #define HAVE_STRING_H 1
| #define TIME_WITH_SYS_TIME 1
| #define HAVE_LOCALE_H 1
| #define HAVE_WCHAR_H 1
| #define HAVE_STDARG 1
| #define HAVE_SYS_TIME_H 1
| /* end confdefs.h.  */
| #include <stdio.h>
| #ifdef HAVE_SYS_TYPES_H
| # include <sys/types.h>
| #endif
| #ifdef HAVE_SYS_STAT_H
| # include <sys/stat.h>
| #endif
| #ifdef STDC_HEADERS
| # include <stdlib.h>
| # include <stddef.h>
| #else
| # ifdef HAVE_STDLIB_H
| #  include <stdlib.h>
| # endif
| #endif
| #ifdef HAVE_STRING_H
| # if !defined STDC_HEADERS && defined HAVE_MEMORY_H
| #  include <memory.h>
| # endif
| # include <string.h>
| #endif
| #ifdef HAVE_STRINGS_H
| # include <strings.h>
| #endif
| #ifdef HAVE_INTTYPES_H
| # include <inttypes.h>
| #endif
| #ifdef HAVE_STDINT_H
| # include <stdint.h>
| #endif
| #ifdef HAVE_UNISTD_H
| # include <unistd.h>
| #endif
| #include <sys/fpu.h>
configure:5851: result: no
configure:5851: checking sys/fpu.h presence
configure:5851: x86_64-linux-gnu-gcc -std=gnu99 -E  conftest.c
conftest.c:27:21: fatal error: sys/fpu.h: No such file or directory
 #include <sys/fpu.h>
                     ^
compilation terminated.
configure:5851: $? = 1
configure: failed program was:
| /* confdefs.h */
| #define PACKAGE_NAME "MPFR"
| #define PACKAGE_TARNAME "mpfr"
| #define PACKAGE_VERSION "2.4.2"
| #define PACKAGE_STRING "MPFR 2.4.2"
| #define PACKAGE_BUGREPORT ""
| #define PACKAGE_URL ""
| #define PROTOTYPES 1
| #define __PROTOTYPES 1
| #define STDC_HEADERS 1
| #define HAVE_SYS_TYPES_H 1
| #define HAVE_SYS_STAT_H 1
| #define HAVE_STDLIB_H 1
| #define HAVE_STRING_H 1
| #define HAVE_MEMORY_H 1
| #define HAVE_STRINGS_H 1
| #define HAVE_INTTYPES_H 1
| #define HAVE_STDINT_H 1
| #define HAVE_UNISTD_H 1
| #define HAVE_STRING_H 1
| #define TIME_WITH_SYS_TIME 1
| #define HAVE_LOCALE_H 1
| #define HAVE_WCHAR_H 1
| #define HAVE_STDARG 1
| #define HAVE_SYS_TIME_H 1
| /* end confdefs.h.  */
| #include <sys/fpu.h>
configure:5851: result: no
configure:5851: checking for sys/fpu.h
configure:5851: result: no
configure:5866: checking for stdint.h
configure:5866: result: yes
configure:5876: checking for SIZE_MAX
configure:5948: result: yes
configure:5959: checking how to copy va_list
configure:5977: x86_64-linux-gnu-gcc -std=gnu99 -o conftest -Wall -Wmissing-prototypes -Wpointer-arith -g -O2 -fstack-protector-strong -Wformat -Werror=format-security -O3   conftest.c  >&5
configure:5977: $? = 0
configure:5979: result: va_copy
configure:6018: checking for memmove
configure:6018: x86_64-linux-gnu-gcc -std=gnu99 -o conftest -Wall -Wmissing-prototypes -Wpointer-arith -g -O2 -fstack-protector-strong -Wformat -Werror=format-security -O3   conftest.c  >&5
conftest.c:52:6: warning: conflicting types for built-in function 'memmove'
 char memmove ();
      ^
configure:6018: $? = 0
configure:6018: result: yes
configure:6018: checking for memset
configure:6018: x86_64-linux-gnu-gcc -std=gnu99 -o conftest -Wall -Wmissing-prototypes -Wpointer-arith -g -O2 -fstack-protector-strong -Wformat -Werror=format-security -O3   conftest.c  >&5
conftest.c:53:6: warning: conflicting types for built-in function 'memset'
 char memset ();
      ^
configure:6018: $? = 0
configure:6018: result: yes
configure:6018: checking for setlocale
configure:6018: x86_64-linux-gnu-gcc -std=gnu99 -o conftest -Wall -Wmissing-prototypes -Wpointer-arith -g -O2 -fstack-protector-strong -Wformat -Werror=format-security -O3   conftest.c  >&5
configure:6018: $? = 0
configure:6018: result: yes
configure:6018: checking for strtol
configure:6018: x86_64-linux-gnu-gcc -std=gnu99 -o conftest -Wall -Wmissing-prototypes -Wpointer-arith -g -O2 -fstack-protector-strong -Wformat -Werror=format-security -O3   conftest.c  >&5
configure:6018: $? = 0
configure:6018: result: yes
configure:6018: checking for gettimeofday
configure:6018: x86_64-linux-gnu-gcc -std=gnu99 -o conftest -Wall -Wmissing-prototypes -Wpointer-arith -g -O2 -fstack-protector-strong -Wformat -Werror=format-security -O3   conftest.c  >&5
configure:6018: $? = 0
configure:6018: result: yes
configure:6081: checking for long long int
configure:6081: x86_64-linux-gnu-gcc -std=gnu99 -c -Wall -Wmissing-prototypes -Wpointer-arith -g -O2 -fstack-protector-strong -Wformat -Werror=format-security -O3  conftest.c >&5
configure:6081: $? = 0
configure:6081: x86_64-linux-gnu-gcc -std=gnu99 -c -Wall -Wmissing-prototypes -Wpointer-arith -g -O2 -fstack-protector-strong -Wformat -Werror=format-security -O3  conftest.c >&5
conftest.c: In function 'main':
conftest.c:71:28: error: expected expression before ')' token
 if (sizeof ((long long int)))
                            ^
configure:6081: $? = 1
configure: failed program was:
| /* confdefs.h */
| #define PACKAGE_NAME "MPFR"
| #define PACKAGE_TARNAME "mpfr"
| #define PACKAGE_VERSION "2.4.2"
| #define PACKAGE_STRING "MPFR 2.4.2"
| #define PACKAGE_BUGREPORT ""
| #define PACKAGE_URL ""
| #define PROTOTYPES 1
| #define __PROTOTYPES 1
| #define STDC_HEADERS 1
| #define HAVE_SYS_TYPES_H 1
| #define HAVE_SYS_STAT_H 1
| #define HAVE_STDLIB_H 1
| #define HAVE_STRING_H 1
| #define HAVE_MEMORY_H 1
| #define HAVE_STRINGS_H 1
| #define HAVE_INTTYPES_H 1
| #define HAVE_STDINT_H 1
| #define HAVE_UNISTD_H 1
| #define HAVE_STRING_H 1
| #define TIME_WITH_SYS_TIME 1
| #define HAVE_LOCALE_H 1
| #define HAVE_WCHAR_H 1
| #define HAVE_STDARG 1
| #define HAVE_SYS_TIME_H 1
| #define HAVE_STDINT_H 1
| #define HAVE_VA_COPY 1
| #define HAVE_MEMMOVE 1
| #define HAVE_MEMSET 1
| #define HAVE_SETLOCALE 1
| #define HAVE_STRTOL 1
| #define HAVE_GETTIMEOFDAY 1
| #define HAVE_HOST_CORE2 1
| /* end confdefs.h.  */
| #include <stdio.h>
| #ifdef HAVE_SYS_TYPES_H
| # include <sys/types.h>
| #endif
| #ifdef HAVE_SYS_STAT_H
| # include <sys/stat.h>
| #endif
| #ifdef STDC_HEADERS
| # include <stdlib.h>
| # include <stddef.h>
| #else
| # ifdef HAVE_STDLIB_H
| #  include <stdlib.h>
| # endif
| #endif
| #ifdef HAVE_STRING_H
| # if !defined STDC_HEADERS && defined HAVE_MEMORY_H
| #  include <memory.h>
| # endif
| # include <string.h>
| #endif
| #ifdef HAVE_STRINGS_H
| # include <strings.h>
| #endif
| #ifdef HAVE_INTTYPES_H
| # include <inttypes.h>
| #endif
| #ifdef HAVE_STDINT_H
| # include <stdint.h>
| #endif
| #ifdef HAVE_UNISTD_H
| # include <unistd.h>
| #endif
| int
| main ()
| {
| if (sizeof ((long long int)))
| 	    return 0;
|   ;
|   return 0;
| }
configure:6081: result: yes
configure:6089: checking for intmax_t
configure:6089: x86_64-linux-gnu-gcc -std=gnu99 -c -Wall -Wmissing-prototypes -Wpointer-arith -g -O2 -fstack-protector-strong -Wformat -Werror=format-security -O3  conftest.c >&5
configure:6089: $? = 0
configure:6089: x86_64-linux-gnu-gcc -std=gnu99 -c -Wall -Wmissing-prototypes -Wpointer-arith -g -O2 -fstack-protector-strong -Wformat -Werror=format-security -O3  conftest.c >&5
conftest.c: In function 'main':
conftest.c:72:23: error: expected expression before ')' token
 if (sizeof ((intmax_t)))
                       ^
configure:6089: $? = 1
configure: failed program was:
| /* confdefs.h */
| #define PACKAGE_NAME "MPFR"
| #define PACKAGE_TARNAME "mpfr"
| #define PACKAGE_VERSION "2.4.2"
| #define PACKAGE_STRING "MPFR 2.4.2"
| #define PACKAGE_BUGREPORT ""
| #define PACKAGE_URL ""
| #define PROTOTYPES 1
| #define __PROTOTYPES 1
| #define STDC_HEADERS 1
| #define HAVE_SYS_TYPES_H 1
| #define HAVE_SYS_STAT_H 1
| #define HAVE_STDLIB_H 1
| #define HAVE_STRING_H 1
| #define HAVE_MEMORY_H 1
| #define HAVE_STRINGS_H 1
| #define HAVE_INTTYPES_H 1
| #define HAVE_STDINT_H 1
| #define HAVE_UNISTD_H 1
| #define HAVE_STRING_H 1
| #define TIME_WITH_SYS_TIME 1
| #define HAVE_LOCALE_H 1
| #define HAVE_WCHAR_H 1
| #define HAVE_STDARG 1
| #define HAVE_SYS_TIME_H 1
| #define HAVE_STDINT_H 1
| #define HAVE_VA_COPY 1
| #define HAVE_MEMMOVE 1
| #define HAVE_MEMSET 1
| #define HAVE_SETLOCALE 1
| #define HAVE_STRTOL 1
| #define HAVE_GETTIMEOFDAY 1
| #define HAVE_HOST_CORE2 1
| #define HAVE_LONG_LONG 1
| /* end confdefs.h.  */
| #include <stdio.h>
| #ifdef HAVE_SYS_TYPES_H
| # include <sys/types.h>
| #endif
| #ifdef HAVE_SYS_STAT_H
| # include <sys/stat.h>
| #endif
| #ifdef STDC_HEADERS
| # include <stdlib.h>
| # include <stddef.h>
| #else
| # ifdef HAVE_STDLIB_H
| #  include <stdlib.h>
| # endif
| #endif
| #ifdef HAVE_STRING_H
| # if !defined STDC_HEADERS && defined HAVE_MEMORY_H
| #  include <memory.h>
| # endif
| # include <string.h>
| #endif
| #ifdef HAVE_STRINGS_H
| # include <strings.h>
| #endif
| #ifdef HAVE_INTTYPES_H
| # include <inttypes.h>
| #endif
| #ifdef HAVE_STDINT_H
| # include <stdint.h>
| #endif
| #ifdef HAVE_UNISTD_H
| # include <unistd.h>
| #endif
| int
| main ()
| {
| if (sizeof ((intmax_t)))
| 	    return 0;
|   ;
|   return 0;
| }
configure:6089: result: yes
configure:6100: checking for union fpc_csr
configure:6100: x86_64-linux-gnu-gcc -std=gnu99 -c -Wall -Wmissing-prototypes -Wpointer-arith -g -O2 -fstack-protector-strong -Wformat -Werror=format-security -O3  conftest.c >&5
conftest.c: In function 'main':
conftest.c:46:13: error: invalid application of 'sizeof' to incomplete type 'union fpc_csr'
 if (sizeof (union fpc_csr))
             ^
configure:6100: $? = 1
configure: failed program was:
| /* confdefs.h */
| #define PACKAGE_NAME "MPFR"
| #define PACKAGE_TARNAME "mpfr"
| #define PACKAGE_VERSION "2.4.2"
| #define PACKAGE_STRING "MPFR 2.4.2"
| #define PACKAGE_BUGREPORT ""
| #define PACKAGE_URL ""
| #define PROTOTYPES 1
| #define __PROTOTYPES 1
| #define STDC_HEADERS 1
| #define HAVE_SYS_TYPES_H 1
| #define HAVE_SYS_STAT_H 1
| #define HAVE_STDLIB_H 1
| #define HAVE_STRING_H 1
| #define HAVE_MEMORY_H 1
| #define HAVE_STRINGS_H 1
| #define HAVE_INTTYPES_H 1
| #define HAVE_STDINT_H 1
| #define HAVE_UNISTD_H 1
| #define HAVE_STRING_H 1
| #define TIME_WITH_SYS_TIME 1
| #define HAVE_LOCALE_H 1
| #define HAVE_WCHAR_H 1
| #define HAVE_STDARG 1
| #define HAVE_SYS_TIME_H 1
| #define HAVE_STDINT_H 1
| #define HAVE_VA_COPY 1
| #define HAVE_MEMMOVE 1
| #define HAVE_MEMSET 1
| #define HAVE_SETLOCALE 1
| #define HAVE_STRTOL 1
| #define HAVE_GETTIMEOFDAY 1
| #define HAVE_HOST_CORE2 1
| #define HAVE_LONG_LONG 1
| #define HAVE_INTMAX_T 1
| /* end confdefs.h.  */
| 
| #if HAVE_SYS_FPU_H
| #  include <sys/fpu.h>
| #endif
| 
| 
| int
| main ()
| {
| if (sizeof (union fpc_csr))
| 	 return 0;
|   ;
|   return 0;
| }
configure:6100: result: no
configure:6113: checking for fesetround
configure:6132: x86_64-linux-gnu-gcc -std=gnu99 -o conftest -Wall -Wmissing-prototypes -Wpointer-arith -g -O2 -fstack-protector-strong -Wformat -Werror=format-security -O3   conftest.c  -lm >&5
configure:6132: $? = 0
configure:6142: result: yes
configure:6151: checking for gcc float-conversion bug
configure:6191: x86_64-linux-gnu-gcc -std=gnu99 -o conftest -Wall -Wmissing-prototypes -Wpointer-arith -g -O2 -fstack-protector-strong -Wformat -Werror=format-security -O3   conftest.c  -lm >&5
configure:6191: $? = 0
configure:6191: ./conftest
configure:6191: $? = 0
configure:6203: result: no
configure:6210: checking for denormalized numbers
configure:6231: x86_64-linux-gnu-gcc -std=gnu99 -o conftest -Wall -Wmissing-prototypes -Wpointer-arith -g -O2 -fstack-protector-strong -Wformat -Werror=format-security -O3   conftest.c  >&5
configure:6231: $? = 0
configure:6231: ./conftest
1.112537e-308
configure:6231: $? = 0
configure:6242: result: yes
configure:6250: checking if NAN == NAN
configure:6274: x86_64-linux-gnu-gcc -std=gnu99 -o conftest -Wall -Wmissing-prototypes -Wpointer-arith -g -O2 -fstack-protector-strong -Wformat -Werror=format-security -O3   conftest.c  >&5
configure:6274: $? = 0
configure:6274: ./conftest
configure:6274: $? = 1
configure: program exited with status 1
configure: failed program was:
| /* confdefs.h */
| #define PACKAGE_NAME "MPFR"
| #define PACKAGE_TARNAME "mpfr"
| #define PACKAGE_VERSION "2.4.2"
| #define PACKAGE_STRING "MPFR 2.4.2"
| #define PACKAGE_BUGREPORT ""
| #define PACKAGE_URL ""
| #define PROTOTYPES 1
| #define __PROTOTYPES 1
| #define STDC_HEADERS 1
| #define HAVE_SYS_TYPES_H 1
| #define HAVE_SYS_STAT_H 1
| #define HAVE_STDLIB_H 1
| #define HAVE_STRING_H 1
| #define HAVE_MEMORY_H 1
| #define HAVE_STRINGS_H 1
| #define HAVE_INTTYPES_H 1
| #define HAVE_STDINT_H 1
| #define HAVE_UNISTD_H 1
| #define HAVE_STRING_H 1
| #define TIME_WITH_SYS_TIME 1
| #define HAVE_LOCALE_H 1
| #define HAVE_WCHAR_H 1
| #define HAVE_STDARG 1
| #define HAVE_SYS_TIME_H 1
| #define HAVE_STDINT_H 1
| #define HAVE_VA_COPY 1
| #define HAVE_MEMMOVE 1
| #define HAVE_MEMSET 1
| #define HAVE_SETLOCALE 1
| #define HAVE_STRTOL 1
| #define HAVE_GETTIMEOFDAY 1
| #define HAVE_HOST_CORE2 1
| #define HAVE_LONG_LONG 1
| #define HAVE_INTMAX_T 1
| #define MPFR_HAVE_FESETROUND 1
| #define HAVE_DENORMS 1
| /* end confdefs.h.  */
| 
| #include <stdio.h>
| #include <math.h>
| #ifndef NAN
| # define NAN (0.0/0.0)
| #endif
| int main() {
|   double d;
|   d = NAN;
|   return d != d;
| }
| 
configure:6285: result: no
configure:6313: checking if charset has consecutive values
configure:6343: x86_64-linux-gnu-gcc -std=gnu99 -o conftest -Wall -Wmissing-prototypes -Wpointer-arith -g -O2 -fstack-protector-strong -Wformat -Werror=format-security -O3   conftest.c  >&5
configure:6343: $? = 0
configure:6343: ./conftest
configure:6343: $? = 0
configure:6344: result: yes
configure:6362: checking for math/round
configure:6382: x86_64-linux-gnu-gcc -std=gnu99 -o conftest -Wall -Wmissing-prototypes -Wpointer-arith -g -O2 -fstack-protector-strong -Wformat -Werror=format-security -O3   conftest.c  -lm >&5
conftest.c:41:5: warning: no previous prototype for 'f' [-Wmissing-prototypes]
 int f (double (*func)(double)) { return 0;}
     ^
conftest.c: In function 'main':
conftest.c:47:9: warning: variable 'a' set but not used [-Wunused-but-set-variable]
  double a = 17.42;
         ^
configure:6382: $? = 0
configure:6384: result: yes
configure:6397: checking for math/trunc
configure:6417: x86_64-linux-gnu-gcc -std=gnu99 -o conftest -Wall -Wmissing-prototypes -Wpointer-arith -g -O2 -fstack-protector-strong -Wformat -Werror=format-security -O3   conftest.c  -lm >&5
conftest.c:42:5: warning: no previous prototype for 'f' [-Wmissing-prototypes]
 int f (double (*func)(double)) { return 0;}
     ^
conftest.c: In function 'main':
conftest.c:48:9: warning: variable 'a' set but not used [-Wunused-but-set-variable]
  double a = 17.42;
         ^
configure:6417: $? = 0
configure:6419: result: yes
configure:6432: checking for math/floor
configure:6452: x86_64-linux-gnu-gcc -std=gnu99 -o conftest -Wall -Wmissing-prototypes -Wpointer-arith -g -O2 -fstack-protector-strong -Wformat -Werror=format-security -O3   conftest.c  -lm >&5
conftest.c:43:5: warning: no previous prototype for 'f' [-Wmissing-prototypes]
 int f (double (*func)(double)) { return 0;}
     ^
conftest.c: In function 'main':
conftest.c:49:9: warning: variable 'a' set but not used [-Wunused-but-set-variable]
  double a = 17.42;
         ^
configure:6452: $? = 0
configure:6454: result: yes
configure:6467: checking for math/ceil
configure:6487: x86_64-linux-gnu-gcc -std=gnu99 -o conftest -Wall -Wmissing-prototypes -Wpointer-arith -g -O2 -fstack-protector-strong -Wformat -Werror=format-security -O3   conftest.c  -lm >&5
conftest.c:44:5: warning: no previous prototype for 'f' [-Wmissing-prototypes]
 int f (double (*func)(double)) { return 0;}
     ^
conftest.c: In function 'main':
conftest.c:50:9: warning: variable 'a' set but not used [-Wunused-but-set-variable]
  double a = 17.42;
         ^
configure:6487: $? = 0
configure:6489: result: yes
configure:6502: checking for math/rint
configure:6522: x86_64-linux-gnu-gcc -std=gnu99 -o conftest -Wall -Wmissing-prototypes -Wpointer-arith -g -O2 -fstack-protector-strong -Wformat -Werror=format-security -O3   conftest.c  -lm >&5
conftest.c:45:5: warning: no previous prototype for 'f' [-Wmissing-prototypes]
 int f (double (*func)(double)) { return 0;}
     ^
conftest.c: In function 'main':
conftest.c:51:9: warning: variable 'a' set but not used [-Wunused-but-set-variable]
  double a = 17.42;
         ^
configure:6522: $? = 0
configure:6524: result: yes
configure:6542: checking for long double
configure:6542: x86_64-linux-gnu-gcc -std=gnu99 -c -Wall -Wmissing-prototypes -Wpointer-arith -g -O2 -fstack-protector-strong -Wformat -Werror=format-security -O3  conftest.c >&5
configure:6542: $? = 0
configure:6542: x86_64-linux-gnu-gcc -std=gnu99 -c -Wall -Wmissing-prototypes -Wpointer-arith -g -O2 -fstack-protector-strong -Wformat -Werror=format-security -O3  conftest.c >&5
conftest.c: In function 'main':
conftest.c:80:26: error: expected expression before ')' token
 if (sizeof ((long double)))
                          ^
configure:6542: $? = 1
configure: failed program was:
| /* confdefs.h */
| #define PACKAGE_NAME "MPFR"
| #define PACKAGE_TARNAME "mpfr"
| #define PACKAGE_VERSION "2.4.2"
| #define PACKAGE_STRING "MPFR 2.4.2"
| #define PACKAGE_BUGREPORT ""
| #define PACKAGE_URL ""
| #define PROTOTYPES 1
| #define __PROTOTYPES 1
| #define STDC_HEADERS 1
| #define HAVE_SYS_TYPES_H 1
| #define HAVE_SYS_STAT_H 1
| #define HAVE_STDLIB_H 1
| #define HAVE_STRING_H 1
| #define HAVE_MEMORY_H 1
| #define HAVE_STRINGS_H 1
| #define HAVE_INTTYPES_H 1
| #define HAVE_STDINT_H 1
| #define HAVE_UNISTD_H 1
| #define HAVE_STRING_H 1
| #define TIME_WITH_SYS_TIME 1
| #define HAVE_LOCALE_H 1
| #define HAVE_WCHAR_H 1
| #define HAVE_STDARG 1
| #define HAVE_SYS_TIME_H 1
| #define HAVE_STDINT_H 1
| #define HAVE_VA_COPY 1
| #define HAVE_MEMMOVE 1
| #define HAVE_MEMSET 1
| #define HAVE_SETLOCALE 1
| #define HAVE_STRTOL 1
| #define HAVE_GETTIMEOFDAY 1
| #define HAVE_HOST_CORE2 1
| #define HAVE_LONG_LONG 1
| #define HAVE_INTMAX_T 1
| #define MPFR_HAVE_FESETROUND 1
| #define HAVE_DENORMS 1
| #define HAVE_ROUND 1
| #define HAVE_TRUNC 1
| #define HAVE_FLOOR 1
| #define HAVE_CEIL 1
| #define HAVE_NEARBYINT 1
| /* end confdefs.h.  */
| #include <stdio.h>
| #ifdef HAVE_SYS_TYPES_H
| # include <sys/types.h>
| #endif
| #ifdef HAVE_SYS_STAT_H
| # include <sys/stat.h>
| #endif
| #ifdef STDC_HEADERS
| # include <stdlib.h>
| # include <stddef.h>
| #else
| # ifdef HAVE_STDLIB_H
| #  include <stdlib.h>
| # endif
| #endif
| #ifdef HAVE_STRING_H
| # if !defined STDC_HEADERS && defined HAVE_MEMORY_H
| #  include <memory.h>
| # endif
| # include <string.h>
| #endif
| #ifdef HAVE_STRINGS_H
| # include <strings.h>
| #endif
| #ifdef HAVE_INTTYPES_H
| # include <inttypes.h>
| #endif
| #ifdef HAVE_STDINT_H
| # include <stdint.h>
| #endif
| #ifdef HAVE_UNISTD_H
| # include <unistd.h>
| #endif
| int
| main ()
| {
| if (sizeof ((long double)))
| 	    return 0;
|   ;
|   return 0;
| }
configure:6542: result: yes
configure:6552: checking format of `long double' floating point
configure:6579: x86_64-linux-gnu-gcc -std=gnu99 -Wall -Wmissing-prototypes -Wpointer-arith -g -O2 -fstack-protector-strong -Wformat -Werror=format-security -O3  -c conftest.c >&5 2>&1
configure:6582: $? = 0
configure:6741: result: IEEE extended, little endian
configure:7543: checking for gmp.h
configure:7551: x86_64-linux-gnu-gcc -std=gnu99 -c -Wall -Wmissing-prototypes -Wpointer-arith -g -O2 -fstack-protector-strong -Wformat -Werror=format-security -O3  conftest.c >&5
configure:7551: $? = 0
configure:7552: result: yes
configure:7956: checking for a sed that does not truncate output
configure:8020: result: /bin/sed
configure:8038: checking for fgrep
configure:8100: result: /bin/grep -F
configure:8135: checking for ld used by x86_64-linux-gnu-gcc -std=gnu99
configure:8202: result: /usr/bin/ld
configure:8209: checking if the linker (/usr/bin/ld) is GNU ld
configure:8224: result: yes
configure:8236: checking for BSD- or MS-compatible name lister (nm)
configure:8285: result: /usr/bin/nm -B
configure:8403: checking the name lister (/usr/bin/nm -B) interface
configure:8410: x86_64-linux-gnu-gcc -std=gnu99 -c -Wall -Wmissing-prototypes -Wpointer-arith -g -O2 -fstack-protector-strong -Wformat -Werror=format-security -O3  conftest.c >&5
configure:8413: /usr/bin/nm -B "conftest.o"
configure:8416: output
0000000000000000 B some_variable
configure:8423: result: BSD nm
configure:8426: checking whether ln -s works
configure:8430: result: yes
configure:8438: checking the maximum length of command line arguments
configure:8558: result: 1572864
configure:8575: checking whether the shell understands some XSI constructs
configure:8585: result: yes
configure:8589: checking whether the shell understands "+="
configure:8595: result: yes
configure:8630: checking for /usr/bin/ld option to reload object files
configure:8637: result: -r
configure:8706: checking for objdump
configure:8733: result: objdump
configure:8762: checking how to recognize dependent libraries
configure:8958: result: pass_all
configure:9018: checking for ar
configure:9034: found /usr/bin/ar
configure:9045: result: ar
configure:9123: checking for strip
configure:9139: found /usr/bin/strip
configure:9150: result: strip
configure:9222: checking for ranlib
configure:9238: found /usr/bin/ranlib
configure:9249: result: ranlib
configure:9339: checking command to parse /usr/bin/nm -B output from x86_64-linux-gnu-gcc -std=gnu99 object
configure:9457: x86_64-linux-gnu-gcc -std=gnu99 -c -Wall -Wmissing-prototypes -Wpointer-arith -g -O2 -fstack-protector-strong -Wformat -Werror=format-security -O3  conftest.c >&5
configure:9460: $? = 0
configure:9464: /usr/bin/nm -B conftest.o \| sed -n -e 's/^.*[	 ]\([ABCDGIRSTW][ABCDGIRSTW]*\)[	 ][	 ]*\([_A-Za-z][_A-Za-z0-9]*\)$/\1 \2 \2/p' \> conftest.nm
configure:9467: $? = 0
configure:9521: x86_64-linux-gnu-gcc -std=gnu99 -o conftest -Wall -Wmissing-prototypes -Wpointer-arith -g -O2 -fstack-protector-strong -Wformat -Werror=format-security -O3   conftest.c conftstm.o >&5
configure:9524: $? = 0
configure:9562: result: ok
configure:9657: x86_64-linux-gnu-gcc -std=gnu99 -c -Wall -Wmissing-prototypes -Wpointer-arith -g -O2 -fstack-protector-strong -Wformat -Werror=format-security -O3  conftest.c >&5
configure:9660: $? = 0
configure:10367: checking for dlfcn.h
configure:10367: x86_64-linux-gnu-gcc -std=gnu99 -c -Wall -Wmissing-prototypes -Wpointer-arith -g -O2 -fstack-protector-strong -Wformat -Werror=format-security -O3  conftest.c >&5
configure:10367: $? = 0
configure:10367: result: yes
configure:10438: checking for g++
configure:10454: found /usr/bin/g++
configure:10465: result: g++
configure:10492: checking for C++ compiler version
configure:10501: g++ --version >&5
g++ (Debian 4.9.2-10) 4.9.2
Copyright (C) 2014 Free Software Foundation, Inc.
This is free software; see the source for copying conditions.  There is NO
warranty; not even for MERCHANTABILITY or FITNESS FOR A PARTICULAR PURPOSE.

configure:10512: $? = 0
configure:10501: g++ -v >&5
Using built-in specs.
COLLECT_GCC=g++
COLLECT_LTO_WRAPPER=/usr/lib/gcc/x86_64-linux-gnu/4.9/lto-wrapper
Target: x86_64-linux-gnu
Configured with: ../src/configure -v --with-pkgversion='Debian 4.9.2-10' --with-bugurl=file:///usr/share/doc/gcc-4.9/README.Bugs --enable-languages=c,c++,java,go,d,fortran,objc,obj-c++ --prefix=/usr --program-suffix=-4.9 --enable-shared --enable-linker-build-id --libexecdir=/usr/lib --without-included-gettext --enable-threads=posix --with-gxx-include-dir=/usr/include/c++/4.9 --libdir=/usr/lib --enable-nls --with-sysroot=/ --enable-clocale=gnu --enable-libstdcxx-debug --enable-libstdcxx-time=yes --enable-gnu-unique-object --disable-vtable-verify --enable-plugin --with-system-zlib --disable-browser-plugin --enable-java-awt=gtk --enable-gtk-cairo --with-java-home=/usr/lib/jvm/java-1.5.0-gcj-4.9-amd64/jre --enable-java-home --with-jvm-root-dir=/usr/lib/jvm/java-1.5.0-gcj-4.9-amd64 --with-jvm-jar-dir=/usr/lib/jvm-exports/java-1.5.0-gcj-4.9-amd64 --with-arch-directory=amd64 --with-ecj-jar=/usr/share/java/eclipse-ecj.jar --enable-objc-gc --enable-multiarch --with-arch-32=i586 --with-abi=m64 --with-multilib-list=m32,m64,mx32 --enable-multilib --with-tune=generic --enable-checking=release --build=x86_64-linux-gnu --host=x86_64-linux-gnu --target=x86_64-linux-gnu
Thread model: posix
gcc version 4.9.2 (Debian 4.9.2-10) 
configure:10512: $? = 0
configure:10501: g++ -V >&5
g++: error: unrecognized command line option '-V'
g++: fatal error: no input files
compilation terminated.
configure:10512: $? = 4
configure:10501: g++ -qversion >&5
g++: error: unrecognized command line option '-qversion'
g++: fatal error: no input files
compilation terminated.
configure:10512: $? = 4
configure:10516: checking whether we are using the GNU C++ compiler
configure:10535: g++ -c   conftest.cpp >&5
configure:10535: $? = 0
configure:10544: result: yes
configure:10553: checking whether g++ accepts -g
configure:10573: g++ -c -g  conftest.cpp >&5
configure:10573: $? = 0
configure:10614: result: yes
configure:10639: checking dependency style of g++
configure:10749: result: gcc3
configure:10772: checking how to run the C++ preprocessor
configure:10799: g++ -E  conftest.cpp
configure:10799: $? = 0
configure:10813: g++ -E  conftest.cpp
conftest.cpp:47:28: fatal error: ac_nonexistent.h: No such file or directory
 #include <ac_nonexistent.h>
                            ^
compilation terminated.
configure:10813: $? = 1
configure: failed program was:
| /* confdefs.h */
| #define PACKAGE_NAME "MPFR"
| #define PACKAGE_TARNAME "mpfr"
| #define PACKAGE_VERSION "2.4.2"
| #define PACKAGE_STRING "MPFR 2.4.2"
| #define PACKAGE_BUGREPORT ""
| #define PACKAGE_URL ""
| #define PROTOTYPES 1
| #define __PROTOTYPES 1
| #define STDC_HEADERS 1
| #define HAVE_SYS_TYPES_H 1
| #define HAVE_SYS_STAT_H 1
| #define HAVE_STDLIB_H 1
| #define HAVE_STRING_H 1
| #define HAVE_MEMORY_H 1
| #define HAVE_STRINGS_H 1
| #define HAVE_INTTYPES_H 1
| #define HAVE_STDINT_H 1
| #define HAVE_UNISTD_H 1
| #define HAVE_STRING_H 1
| #define TIME_WITH_SYS_TIME 1
| #define HAVE_LOCALE_H 1
| #define HAVE_WCHAR_H 1
| #define HAVE_STDARG 1
| #define HAVE_SYS_TIME_H 1
| #define HAVE_STDINT_H 1
| #define HAVE_VA_COPY 1
| #define HAVE_MEMMOVE 1
| #define HAVE_MEMSET 1
| #define HAVE_SETLOCALE 1
| #define HAVE_STRTOL 1
| #define HAVE_GETTIMEOFDAY 1
| #define HAVE_HOST_CORE2 1
| #define HAVE_LONG_LONG 1
| #define HAVE_INTMAX_T 1
| #define MPFR_HAVE_FESETROUND 1
| #define HAVE_DENORMS 1
| #define HAVE_ROUND 1
| #define HAVE_TRUNC 1
| #define HAVE_FLOOR 1
| #define HAVE_CEIL 1
| #define HAVE_NEARBYINT 1
| #define HAVE_LONG_DOUBLE 1
| #define HAVE_LDOUBLE_IEEE_EXT_LITTLE 1
| #define HAVE_DLFCN_H 1
| /* end confdefs.h.  */
| #include <ac_nonexistent.h>
configure:10838: result: g++ -E
configure:10858: g++ -E  conftest.cpp
configure:10858: $? = 0
configure:10872: g++ -E  conftest.cpp
conftest.cpp:47:28: fatal error: ac_nonexistent.h: No such file or directory
 #include <ac_nonexistent.h>
                            ^
compilation terminated.
configure:10872: $? = 1
configure: failed program was:
| /* confdefs.h */
| #define PACKAGE_NAME "MPFR"
| #define PACKAGE_TARNAME "mpfr"
| #define PACKAGE_VERSION "2.4.2"
| #define PACKAGE_STRING "MPFR 2.4.2"
| #define PACKAGE_BUGREPORT ""
| #define PACKAGE_URL ""
| #define PROTOTYPES 1
| #define __PROTOTYPES 1
| #define STDC_HEADERS 1
| #define HAVE_SYS_TYPES_H 1
| #define HAVE_SYS_STAT_H 1
| #define HAVE_STDLIB_H 1
| #define HAVE_STRING_H 1
| #define HAVE_MEMORY_H 1
| #define HAVE_STRINGS_H 1
| #define HAVE_INTTYPES_H 1
| #define HAVE_STDINT_H 1
| #define HAVE_UNISTD_H 1
| #define HAVE_STRING_H 1
| #define TIME_WITH_SYS_TIME 1
| #define HAVE_LOCALE_H 1
| #define HAVE_WCHAR_H 1
| #define HAVE_STDARG 1
| #define HAVE_SYS_TIME_H 1
| #define HAVE_STDINT_H 1
| #define HAVE_VA_COPY 1
| #define HAVE_MEMMOVE 1
| #define HAVE_MEMSET 1
| #define HAVE_SETLOCALE 1
| #define HAVE_STRTOL 1
| #define HAVE_GETTIMEOFDAY 1
| #define HAVE_HOST_CORE2 1
| #define HAVE_LONG_LONG 1
| #define HAVE_INTMAX_T 1
| #define MPFR_HAVE_FESETROUND 1
| #define HAVE_DENORMS 1
| #define HAVE_ROUND 1
| #define HAVE_TRUNC 1
| #define HAVE_FLOOR 1
| #define HAVE_CEIL 1
| #define HAVE_NEARBYINT 1
| #define HAVE_LONG_DOUBLE 1
| #define HAVE_LDOUBLE_IEEE_EXT_LITTLE 1
| #define HAVE_DLFCN_H 1
| /* end confdefs.h.  */
| #include <ac_nonexistent.h>
configure:10960: checking for g77
configure:10990: result: no
configure:10960: checking for xlf
configure:10990: result: no
configure:10960: checking for f77
configure:10990: result: no
configure:10960: checking for frt
configure:10990: result: no
configure:10960: checking for pgf77
configure:10990: result: no
configure:10960: checking for cf77
configure:10990: result: no
configure:10960: checking for fort77
configure:10990: result: no
configure:10960: checking for fl32
configure:10990: result: no
configure:10960: checking for af77
configure:10990: result: no
configure:10960: checking for xlf90
configure:10990: result: no
configure:10960: checking for f90
configure:10990: result: no
configure:10960: checking for pgf90
configure:10990: result: no
configure:10960: checking for pghpf
configure:10990: result: no
configure:10960: checking for epcf90
configure:10990: result: no
configure:10960: checking for gfortran
configure:10990: result: no
configure:10960: checking for g95
configure:10990: result: no
configure:10960: checking for xlf95
configure:10990: result: no
configure:10960: checking for f95
configure:10990: result: no
configure:10960: checking for fort
configure:10990: result: no
configure:10960: checking for ifort
configure:10990: result: no
configure:10960: checking for ifc
configure:10990: result: no
configure:10960: checking for efc
configure:10990: result: no
configure:10960: checking for pgf95
configure:10990: result: no
configure:10960: checking for lf95
configure:10990: result: no
configure:10960: checking for ftn
configure:10990: result: no
configure:11013: checking for Fortran 77 compiler version
configure:11022:  --version >&5
./configure: line 11024: --version: command not found
configure:11033: $? = 127
configure:11022:  -v >&5
./configure: line 11024: -v: command not found
configure:11033: $? = 127
configure:11022:  -V >&5
./configure: line 11024: -V: command not found
configure:11033: $? = 127
configure:11022:  -qversion >&5
./configure: line 11024: -qversion: command not found
configure:11033: $? = 127
configure:11042: checking whether we are using the GNU Fortran 77 compiler
configure:11055:  -c  conftest.F >&5
./configure: line 2328: -c: command not found
configure:11055: $? = 127
configure: failed program was:
|       program main
| #ifndef __GNUC__
|        choke me
| #endif
| 
|       end
configure:11064: result: no
configure:11070: checking whether  accepts -g
configure:11081:  -c -g conftest.f >&5
./configure: line 2328: -c: command not found
configure:11081: $? = 127
configure: failed program was:
|       program main
| 
|       end
configure:11089: result: no
configure:11295: checking for objdir
configure:11310: result: .libs
configure:11606: checking if x86_64-linux-gnu-gcc -std=gnu99 supports -fno-rtti -fno-exceptions
configure:11624: x86_64-linux-gnu-gcc -std=gnu99 -c -Wall -Wmissing-prototypes -Wpointer-arith -g -O2 -fstack-protector-strong -Wformat -Werror=format-security -O3  -fno-rtti -fno-exceptions conftest.c >&5
cc1: warning: command line option '-fno-rtti' is valid for C++/ObjC++ but not for C
configure:11628: $? = 0
configure:11641: result: no
configure:11661: checking for x86_64-linux-gnu-gcc -std=gnu99 option to produce PIC
configure:11933: result: -fPIC -DPIC
configure:11945: checking if x86_64-linux-gnu-gcc -std=gnu99 PIC flag -fPIC -DPIC works
configure:11963: x86_64-linux-gnu-gcc -std=gnu99 -c -Wall -Wmissing-prototypes -Wpointer-arith -g -O2 -fstack-protector-strong -Wformat -Werror=format-security -O3  -fPIC -DPIC -DPIC conftest.c >&5
configure:11967: $? = 0
configure:11980: result: yes
configure:12004: checking if x86_64-linux-gnu-gcc -std=gnu99 static flag -static works
configure:12032: result: yes
configure:12047: checking if x86_64-linux-gnu-gcc -std=gnu99 supports -c -o file.o
configure:12068: x86_64-linux-gnu-gcc -std=gnu99 -c -Wall -Wmissing-prototypes -Wpointer-arith -g -O2 -fstack-protector-strong -Wformat -Werror=format-security -O3  -o out/conftest2.o conftest.c >&5
configure:12072: $? = 0
configure:12094: result: yes
configure:12102: checking if x86_64-linux-gnu-gcc -std=gnu99 supports -c -o file.o
configure:12149: result: yes
configure:12182: checking whether the x86_64-linux-gnu-gcc -std=gnu99 linker (/usr/bin/ld -m elf_x86_64) supports shared libraries
configure:13172: result: yes
configure:13209: checking whether -lc should be explicitly linked in
configure:13214: x86_64-linux-gnu-gcc -std=gnu99 -c -Wall -Wmissing-prototypes -Wpointer-arith -g -O2 -fstack-protector-strong -Wformat -Werror=format-security -O3  conftest.c >&5
configure:13217: $? = 0
configure:13232: x86_64-linux-gnu-gcc -std=gnu99 -shared conftest.o  -v -Wl,-soname -Wl,conftest -o conftest 2\>\&1 \| /bin/grep  -lc  \>/dev/null 2\>\&1
configure:13235: $? = 0
configure:13247: result: no
configure:13411: checking dynamic linker characteristics
configure:13844: x86_64-linux-gnu-gcc -std=gnu99 -o conftest -Wall -Wmissing-prototypes -Wpointer-arith -g -O2 -fstack-protector-strong -Wformat -Werror=format-security -O3   -Wl,-rpath -Wl,/foo conftest.c  >&5
configure:13844: $? = 0
configure:14074: result: GNU/Linux ld.so
configure:14176: checking how to hardcode library paths into programs
configure:14201: result: immediate
configure:14721: checking whether stripping libraries is possible
configure:14726: result: yes
configure:14761: checking if libtool supports shared libraries
configure:14763: result: yes
configure:14766: checking whether to build shared libraries
configure:14787: result: yes
configure:14790: checking whether to build static libraries
configure:14794: result: yes
configure:14944: checking for ld used by g++
configure:15011: result: /usr/bin/ld -m elf_x86_64
configure:15018: checking if the linker (/usr/bin/ld -m elf_x86_64) is GNU ld
configure:15033: result: yes
configure:15088: checking whether the g++ linker (/usr/bin/ld -m elf_x86_64) supports shared libraries
configure:16001: result: yes
configure:16029: g++ -c -g -O2  conftest.cpp >&5
configure:16032: $? = 0
configure:16214: checking for g++ option to produce PIC
configure:16531: result: -fPIC -DPIC
configure:16540: checking if g++ PIC flag -fPIC -DPIC works
configure:16558: g++ -c -g -O2  -fPIC -DPIC -DPIC conftest.cpp >&5
configure:16562: $? = 0
configure:16575: result: yes
configure:16596: checking if g++ static flag -static works
configure:16624: result: yes
configure:16636: checking if g++ supports -c -o file.o
configure:16657: g++ -c -g -O2  -o out/conftest2.o conftest.cpp >&5
configure:16661: $? = 0
configure:16683: result: yes
configure:16688: checking if g++ supports -c -o file.o
configure:16735: result: yes
configure:16765: checking whether the g++ linker (/usr/bin/ld -m elf_x86_64) supports shared libraries
configure:16794: result: yes
configure:16931: checking dynamic linker characteristics
configure:17312: g++ -o conftest -g -O2   -Wl,-rpath -Wl,/foo conftest.cpp  >&5
configure:17312: $? = 0
configure:17542: result: GNU/Linux ld.so
configure:17593: checking how to hardcode library paths into programs
configure:17618: result: immediate
configure:20158: checking whether gcc __attribute__ ((mode (XX))) works
configure:20174: x86_64-linux-gnu-gcc -std=gnu99 -c -Wall -Wmissing-prototypes -Wpointer-arith -g -O2 -fstack-protector-strong -Wformat -Werror=format-security -O3  conftest.c >&5
configure:20174: $? = 0
configure:20182: result: yes
configure:20193: checking for recent GMP
configure:20205: x86_64-linux-gnu-gcc -std=gnu99 -c -Wall -Wmissing-prototypes -Wpointer-arith -g -O2 -fstack-protector-strong -Wformat -Werror=format-security -O3  conftest.c >&5
configure:20205: $? = 0
configure:20206: result: yes
configure:20217: checking for gmp internal files
configure:20227: x86_64-linux-gnu-gcc -std=gnu99 -c -Wall -Wmissing-prototypes -Wpointer-arith -g -O2 -fstack-protector-strong -Wformat -Werror=format-security -O3  conftest.c >&5
conftest.c:51:22: fatal error: gmp-impl.h: No such file or directory
 #include "gmp-impl.h"
                      ^
compilation terminated.
configure:20227: $? = 1
configure: failed program was:
| /* confdefs.h */
| #define PACKAGE_NAME "MPFR"
| #define PACKAGE_TARNAME "mpfr"
| #define PACKAGE_VERSION "2.4.2"
| #define PACKAGE_STRING "MPFR 2.4.2"
| #define PACKAGE_BUGREPORT ""
| #define PACKAGE_URL ""
| #define PROTOTYPES 1
| #define __PROTOTYPES 1
| #define STDC_HEADERS 1
| #define HAVE_SYS_TYPES_H 1
| #define HAVE_SYS_STAT_H 1
| #define HAVE_STDLIB_H 1
| #define HAVE_STRING_H 1
| #define HAVE_MEMORY_H 1
| #define HAVE_STRINGS_H 1
| #define HAVE_INTTYPES_H 1
| #define HAVE_STDINT_H 1
| #define HAVE_UNISTD_H 1
| #define HAVE_STRING_H 1
| #define TIME_WITH_SYS_TIME 1
| #define HAVE_LOCALE_H 1
| #define HAVE_WCHAR_H 1
| #define HAVE_STDARG 1
| #define HAVE_SYS_TIME_H 1
| #define HAVE_STDINT_H 1
| #define HAVE_VA_COPY 1
| #define HAVE_MEMMOVE 1
| #define HAVE_MEMSET 1
| #define HAVE_SETLOCALE 1
| #define HAVE_STRTOL 1
| #define HAVE_GETTIMEOFDAY 1
| #define HAVE_HOST_CORE2 1
| #define HAVE_LONG_LONG 1
| #define HAVE_INTMAX_T 1
| #define MPFR_HAVE_FESETROUND 1
| #define HAVE_DENORMS 1
| #define HAVE_ROUND 1
| #define HAVE_TRUNC 1
| #define HAVE_FLOOR 1
| #define HAVE_CEIL 1
| #define HAVE_NEARBYINT 1
| #define HAVE_LONG_DOUBLE 1
| #define HAVE_LDOUBLE_IEEE_EXT_LITTLE 1
| #define HAVE_DLFCN_H 1
| #define LT_OBJDIR ".libs/"
| #define HAVE_ATTRIBUTE_MODE 1
| /* end confdefs.h.  */
| 
| #include "gmp.h"
| #include "gmp-impl.h"
| #include "longlong.h"
| 
configure:20238: result: no
configure:20242: checking for working alloca.h
configure:20259: x86_64-linux-gnu-gcc -std=gnu99 -o conftest -Wall -Wmissing-prototypes -Wpointer-arith -g -O2 -fstack-protector-strong -Wformat -Werror=format-security -O3   conftest.c  >&5
configure:20259: $? = 0
configure:20267: result: yes
configure:20275: checking for alloca
configure:20312: x86_64-linux-gnu-gcc -std=gnu99 -o conftest -Wall -Wmissing-prototypes -Wpointer-arith -g -O2 -fstack-protector-strong -Wformat -Werror=format-security -O3   conftest.c  >&5
configure:20312: $? = 0
configure:20320: result: yes
configure:20480: checking for __gmpz_init in -lgmp
configure:20505: x86_64-linux-gnu-gcc -std=gnu99 -o conftest -Wall -Wmissing-prototypes -Wpointer-arith -g -O2 -fstack-protector-strong -Wformat -Werror=format-security -O3   conftest.c -lgmp   >&5
configure:20505: $? = 0
configure:20514: result: yes
configure:20524: checking if gmp.h version and libgmp version are the same
configure:20560: x86_64-linux-gnu-gcc -std=gnu99 -o conftest -Wall -Wmissing-prototypes -Wpointer-arith -g -O2 -fstack-protector-strong -Wformat -Werror=format-security -O3   conftest.c -lgmp  >&5
configure:20560: $? = 0
configure:20560: ./conftest
configure:20560: $? = 0
configure:20561: result: yes
configure:20566: checking if gmp_printf supports "%jd"
configure:20602: x86_64-linux-gnu-gcc -std=gnu99 -o conftest -Wall -Wmissing-prototypes -Wpointer-arith -g -O2 -fstack-protector-strong -Wformat -Werror=format-security -O3   conftest.c -lgmp  >&5
conftest.c: In function 'main':
conftest.c:71:3: warning: implicit declaration of function 'strcmp' [-Wimplicit-function-declaration]
   return (strcmp (s, "(17)(42)") != 0);
   ^
configure:20602: $? = 0
configure:20602: ./conftest
configure:20602: $? = 0
configure:20603: result: yes
configure:20621: checking if gmp_printf supports "%hhd"
configure:20652: x86_64-linux-gnu-gcc -std=gnu99 -o conftest -Wall -Wmissing-prototypes -Wpointer-arith -g -O2 -fstack-protector-strong -Wformat -Werror=format-security -O3   conftest.c -lgmp  >&5
conftest.c: In function 'main':
conftest.c:66:3: warning: implicit declaration of function 'strcmp' [-Wimplicit-function-declaration]
   return (strcmp (s, "(17)(42)") != 0);
   ^
configure:20652: $? = 0
configure:20652: ./conftest
configure:20652: $? = 0
configure:20653: result: yes
configure:20670: checking if gmp_printf supports "%lld"
configure:20701: x86_64-linux-gnu-gcc -std=gnu99 -o conftest -Wall -Wmissing-prototypes -Wpointer-arith -g -O2 -fstack-protector-strong -Wformat -Werror=format-security -O3   conftest.c -lgmp  >&5
conftest.c: In function 'main':
conftest.c:66:3: warning: implicit declaration of function 'strcmp' [-Wimplicit-function-declaration]
   return (strcmp (s, "(17)(42)") != 0);
   ^
configure:20701: $? = 0
configure:20701: ./conftest
configure:20701: $? = 0
configure:20702: result: yes
configure:20719: checking if gmp_printf supports "%Lf"
configure:20750: x86_64-linux-gnu-gcc -std=gnu99 -o conftest -Wall -Wmissing-prototypes -Wpointer-arith -g -O2 -fstack-protector-strong -Wformat -Werror=format-security -O3   conftest.c -lgmp  >&5
conftest.c: In function 'main':
conftest.c:66:3: warning: implicit declaration of function 'strcmp' [-Wimplicit-function-declaration]
   return (strcmp (s, "(17)(42)") != 0);
   ^
configure:20750: $? = 0
configure:20750: ./conftest
configure:20750: $? = 0
configure:20751: result: yes
configure:20768: checking if gmp_printf supports "%td"
configure:20804: x86_64-linux-gnu-gcc -std=gnu99 -o conftest -Wall -Wmissing-prototypes -Wpointer-arith -g -O2 -fstack-protector-strong -Wformat -Werror=format-security -O3   conftest.c -lgmp  >&5
conftest.c: In function 'main':
conftest.c:71:3: warning: implicit declaration of function 'strcmp' [-Wimplicit-function-declaration]
   return (strcmp (s, "(17)(42)") != 0);
   ^
configure:20804: $? = 0
configure:20804: ./conftest
configure:20804: $? = 0
configure:20805: result: yes
configure:21032: creating ./config.status

## ---------------- ##
## Cache variables. ##
## ---------------- ##

ac_cv_build=x86_64-unknown-linux-gnu
ac_cv_c_compiler_gnu=yes
ac_cv_c_const=yes
ac_cv_c_volatile=yes
ac_cv_cxx_compiler_gnu=yes
ac_cv_env_CCC_set=
ac_cv_env_CCC_value=
ac_cv_env_CC_set=
ac_cv_env_CC_value=
ac_cv_env_CFLAGS_set=
ac_cv_env_CFLAGS_value=
ac_cv_env_CPPFLAGS_set=
ac_cv_env_CPPFLAGS_value=
ac_cv_env_CPP_set=
ac_cv_env_CPP_value=
ac_cv_env_CXXCPP_set=
ac_cv_env_CXXCPP_value=
ac_cv_env_CXXFLAGS_set=
ac_cv_env_CXXFLAGS_value=
ac_cv_env_CXX_set=
ac_cv_env_CXX_value=
ac_cv_env_F77_set=
ac_cv_env_F77_value=
ac_cv_env_FFLAGS_set=
ac_cv_env_FFLAGS_value=
ac_cv_env_LDFLAGS_set=
ac_cv_env_LDFLAGS_value=
ac_cv_env_LIBS_set=
ac_cv_env_LIBS_value=
ac_cv_env_build_alias_set=
ac_cv_env_build_alias_value=
ac_cv_env_host_alias_set=
ac_cv_env_host_alias_value=
ac_cv_env_target_alias_set=
ac_cv_env_target_alias_value=
ac_cv_f77_compiler_gnu=no
ac_cv_func_alloca_works=yes
ac_cv_func_gettimeofday=yes
ac_cv_func_memmove=yes
ac_cv_func_memset=yes
ac_cv_func_setlocale=yes
ac_cv_func_strtol=yes
ac_cv_header_dlfcn_h=yes
ac_cv_header_float_h=yes
ac_cv_header_inttypes_h=yes
ac_cv_header_limits_h=yes
ac_cv_header_locale_h=yes
ac_cv_header_memory_h=yes
ac_cv_header_stdarg_h=yes
ac_cv_header_stdc=yes
ac_cv_header_stdint_h=yes
ac_cv_header_stdlib_h=yes
ac_cv_header_string_h=yes
ac_cv_header_strings_h=yes
ac_cv_header_sys_fpu_h=no
ac_cv_header_sys_stat_h=yes
ac_cv_header_sys_time_h=yes
ac_cv_header_sys_types_h=yes
ac_cv_header_time=yes
ac_cv_header_unistd_h=yes
ac_cv_header_wchar_h=yes
ac_cv_host=x86_64-unknown-linux-gnu
ac_cv_lib_gmp___gmpz_init=yes
ac_cv_lib_m_main=yes
ac_cv_objext=o
ac_cv_path_EGREP='/bin/grep -E'
ac_cv_path_FGREP='/bin/grep -F'
ac_cv_path_GREP=/bin/grep
ac_cv_path_SED=/bin/sed
ac_cv_path_install='/usr/bin/install -c'
ac_cv_path_mkdir=/bin/mkdir
ac_cv_prog_AWK=mawk
ac_cv_prog_CPP='x86_64-linux-gnu-gcc -std=gnu99 -E'
ac_cv_prog_CXXCPP='g++ -E'
ac_cv_prog_ac_ct_AR=ar
ac_cv_prog_ac_ct_CC='x86_64-linux-gnu-gcc -std=gnu99'
ac_cv_prog_ac_ct_CXX=g++
ac_cv_prog_ac_ct_OBJDUMP=objdump
ac_cv_prog_ac_ct_RANLIB=ranlib
ac_cv_prog_ac_ct_STRIP=strip
ac_cv_prog_cc_c89=
ac_cv_prog_cc_g=yes
ac_cv_prog_cc_x86_64_linux_gnu_gcc_c_o=yes
ac_cv_prog_cxx_g=yes
ac_cv_prog_f77_g=no
ac_cv_prog_make_make_set=yes
ac_cv_type_intmax_t=yes
ac_cv_type_long_double=yes
ac_cv_type_long_long_int=yes
ac_cv_type_union_fpc_csr=no
ac_cv_working_alloca_h=yes
am_cv_CC_dependencies_compiler_type=gcc3
am_cv_CXX_dependencies_compiler_type=gcc3
gl_cv_size_max=yes
gmp_cv_c_attribute_mode=yes
lt_cv_deplibs_check_method=pass_all
lt_cv_file_magic_cmd='$MAGIC_CMD'
lt_cv_file_magic_test_file=
lt_cv_ld_reload_flag=-r
lt_cv_nm_interface='BSD nm'
lt_cv_objdir=.libs
lt_cv_path_LD=/usr/bin/ld
lt_cv_path_LDCXX='/usr/bin/ld -m elf_x86_64'
lt_cv_path_NM='/usr/bin/nm -B'
lt_cv_prog_compiler_c_o=yes
lt_cv_prog_compiler_c_o_CXX=yes
lt_cv_prog_compiler_pic_works=yes
lt_cv_prog_compiler_pic_works_CXX=yes
lt_cv_prog_compiler_rtti_exceptions=no
lt_cv_prog_compiler_static_works=yes
lt_cv_prog_compiler_static_works_CXX=yes
lt_cv_prog_gnu_ld=yes
lt_cv_prog_gnu_ldcxx=yes
lt_cv_sys_global_symbol_pipe='sed -n -e '\''s/^.*[	 ]\([ABCDGIRSTW][ABCDGIRSTW]*\)[	 ][	 ]*\([_A-Za-z][_A-Za-z0-9]*\)$/\1 \2 \2/p'\'''
lt_cv_sys_global_symbol_to_c_name_address='sed -n -e '\''s/^: \([^ ]*\) $/  {\"\1\", (void *) 0},/p'\'' -e '\''s/^[ABCDGIRSTW]* \([^ ]*\) \([^ ]*\)$/  {"\2", (void *) \&\2},/p'\'''
lt_cv_sys_global_symbol_to_c_name_address_lib_prefix='sed -n -e '\''s/^: \([^ ]*\) $/  {\"\1\", (void *) 0},/p'\'' -e '\''s/^[ABCDGIRSTW]* \([^ ]*\) \(lib[^ ]*\)$/  {"\2", (void *) \&\2},/p'\'' -e '\''s/^[ABCDGIRSTW]* \([^ ]*\) \([^ ]*\)$/  {"lib\2", (void *) \&\2},/p'\'''
lt_cv_sys_global_symbol_to_cdecl='sed -n -e '\''s/^T .* \(.*\)$/extern int \1();/p'\'' -e '\''s/^[ABCDGIRSTW]* .* \(.*\)$/extern char \1;/p'\'''
lt_cv_sys_max_cmd_len=1572864
mpfr_cv_c_long_double_format='IEEE extended, little endian'
mpfr_cv_gcc_floatconv_bug=no
mpfr_cv_have_denorms=yes
mpfr_cv_have_fesetround=yes
mpfr_cv_nanisnan=no

## ----------------- ##
## Output variables. ##
## ----------------- ##

ACLOCAL='${SHELL} /home/anselm/src/comp/mpfr/missing --run aclocal-1.11'
ALLOCA=''
AMDEPBACKSLASH='\'
AMDEP_FALSE='#'
AMDEP_TRUE=''
AMTAR='${SHELL} /home/anselm/src/comp/mpfr/missing --run tar'
ANSI2KNR=''
AR='ar'
AS='as'
AUTOCONF='${SHELL} /home/anselm/src/comp/mpfr/missing --run autoconf'
AUTOHEADER='${SHELL} /home/anselm/src/comp/mpfr/missing --run autoheader'
AUTOMAKE='${SHELL} /home/anselm/src/comp/mpfr/missing --run automake-1.11'
AWK='mawk'
CC='x86_64-linux-gnu-gcc -std=gnu99'
CCDEPMODE='depmode=gcc3'
CFLAGS='-Wall -Wmissing-prototypes -Wpointer-arith -g -O2 -fstack-protector-strong -Wformat -Werror=format-security -O3'
CPP='x86_64-linux-gnu-gcc -std=gnu99 -E'
CPPFLAGS=''
CXX='g++'
CXXCPP='g++ -E'
CXXDEPMODE='depmode=gcc3'
CXXFLAGS='-g -O2'
CYGPATH_W='echo'
DEFS='-DHAVE_INTTYPES_H=1 -DHAVE_STDINT_H=1 -DTIME_WITH_SYS_TIME=1 -DHAVE_LOCALE_H=1 -DHAVE_WCHAR_H=1 -DHAVE_STDARG=1 -DHAVE_SYS_TIME_H=1 -DHAVE_STDINT_H=1 -DHAVE_VA_COPY=1 -DHAVE_SETLOCALE=1 -DHAVE_GETTIMEOFDAY=1 -DHAVE_HOST_CORE2=1 -DHAVE_LONG_LONG=1 -DHAVE_INTMAX_T=1 -DMPFR_HAVE_FESETROUND=1 -DHAVE_DENORMS=1 -DHAVE_ROUND=1 -DHAVE_TRUNC=1 -DHAVE_FLOOR=1 -DHAVE_CEIL=1 -DHAVE_NEARBYINT=1 -DHAVE_LDOUBLE_IEEE_EXT_LITTLE=1 -DLT_OBJDIR=\".libs/\" -DHAVE_ATTRIBUTE_MODE=1 -DHAVE_ALLOCA_H=1'
DEPDIR='.deps'
DLLTOOL='dlltool'
DSYMUTIL=''
DUMPBIN=''
ECHO_C=''
ECHO_N='-n'
ECHO_T=''
EGREP='/bin/grep -E'
EXEEXT=''
F77=''
FFLAGS=''
FGREP='/bin/grep -F'
GREP='/bin/grep'
INSTALL_DATA='${INSTALL} -m 644'
INSTALL_PROGRAM='${INSTALL}'
INSTALL_SCRIPT='${INSTALL}'
INSTALL_STRIP_PROGRAM='$(install_sh) -c -s'
LD='/usr/bin/ld -m elf_x86_64'
LDFLAGS=''
LIBOBJS=''
LIBS='-lgmp '
LIBTOOL='$(SHELL) $(top_builddir)/libtool'
LIPO=''
LN_S='ln -s'
LTLIBOBJS=''
MAINT=''
MAINTAINER_MODE_FALSE='#'
MAINTAINER_MODE_TRUE=''
MAKEINFO='${SHELL} /home/anselm/src/comp/mpfr/missing --run makeinfo'
MKDIR_P='/bin/mkdir -p'
MPFR_LIBM='-lm'
NM='/usr/bin/nm -B'
NMEDIT=''
OBJDUMP='objdump'
OBJEXT='o'
OTOOL64=''
OTOOL=''
PACKAGE='mpfr'
PACKAGE_BUGREPORT=''
PACKAGE_NAME='MPFR'
PACKAGE_STRING='MPFR 2.4.2'
PACKAGE_TARNAME='mpfr'
PACKAGE_URL=''
PACKAGE_VERSION='2.4.2'
PATH_SEPARATOR=':'
RANLIB='ranlib'
SED='/bin/sed'
SET_MAKE=''
SHELL='/bin/bash'
STRIP='strip'
U=''
VERSION='2.4.2'
ac_ct_CC='x86_64-linux-gnu-gcc -std=gnu99'
ac_ct_CXX='g++'
ac_ct_DUMPBIN=''
ac_ct_F77=''
am__EXEEXT_FALSE=''
am__EXEEXT_TRUE='#'
am__fastdepCC_FALSE='#'
am__fastdepCC_TRUE=''
am__fastdepCXX_FALSE='#'
am__fastdepCXX_TRUE=''
am__include='include'
am__isrc=''
am__leading_dot='.'
am__quote=''
am__tar='${AMTAR} chof - "$$tardir"'
am__untar='${AMTAR} xf -'
bindir='${exec_prefix}/bin'
build='x86_64-unknown-linux-gnu'
build_alias=''
build_cpu='x86_64'
build_os='linux-gnu'
build_vendor='unknown'
datadir='${datarootdir}'
datarootdir='${prefix}/share'
docdir='${datarootdir}/doc/${PACKAGE_TARNAME}'
dvidir='${docdir}'
exec_prefix='${prefix}'
host='x86_64-unknown-linux-gnu'
host_alias=''
host_cpu='x86_64'
host_os='linux-gnu'
host_vendor='unknown'
htmldir='${docdir}'
includedir='${prefix}/include'
infodir='${datarootdir}/info'
install_sh='${SHELL} /home/anselm/src/comp/mpfr/install-sh'
libdir='${exec_prefix}/lib'
libexecdir='${exec_prefix}/libexec'
localedir='${datarootdir}/locale'
localstatedir='${prefix}/var'
lt_ECHO='echo'
mandir='${datarootdir}/man'
mkdir_p='/bin/mkdir -p'
oldincludedir='/usr/include'
pdfdir='${docdir}'
prefix='/usr/local'
program_transform_name='s,x,x,'
psdir='${docdir}'
sbindir='${exec_prefix}/sbin'
sharedstatedir='${prefix}/com'
sysconfdir='${prefix}/etc'
target_alias=''

## ----------- ##
## confdefs.h. ##
## ----------- ##

/* confdefs.h */
#define HAVE_INTTYPES_H 1
#define HAVE_STDINT_H 1
#define TIME_WITH_SYS_TIME 1
#define HAVE_LOCALE_H 1
#define HAVE_WCHAR_H 1
#define HAVE_STDARG 1
#define HAVE_SYS_TIME_H 1
#define HAVE_STDINT_H 1
#define HAVE_VA_COPY 1
#define HAVE_SETLOCALE 1
#define HAVE_GETTIMEOFDAY 1
#define HAVE_HOST_CORE2 1
#define HAVE_LONG_LONG 1
#define HAVE_INTMAX_T 1
#define MPFR_HAVE_FESETROUND 1
#define HAVE_DENORMS 1
#define HAVE_ROUND 1
#define HAVE_TRUNC 1
#define HAVE_FLOOR 1
#define HAVE_CEIL 1
#define HAVE_NEARBYINT 1
#define HAVE_LDOUBLE_IEEE_EXT_LITTLE 1
#define LT_OBJDIR ".libs/"
#define HAVE_ATTRIBUTE_MODE 1
#define HAVE_ALLOCA_H 1

configure: exit 0

## ---------------------- ##
## Running config.status. ##
## ---------------------- ##

This file was extended by MPFR config.status 2.4.2, which was
generated by GNU Autoconf 2.64.  Invocation command line was

  CONFIG_FILES    = 
  CONFIG_HEADERS  = 
  CONFIG_LINKS    = 
  CONFIG_COMMANDS = 
  $ ./config.status 

on stali

config.status:1108: creating Makefile
config.status:1108: creating tests/Makefile
config.status:1108: creating mparam.h
config.status:1271: executing depfiles commands
config.status:1271: executing libtool commands
